{"/home/sr-user91/Documents/Projects/CRM/backend/src/lib/dlq.ts": {"path":"/home/sr-user91/Documents/Projects/CRM/backend/src/lib/dlq.ts","statementMap":{"0":{"start":{"line":50,"column":0},"end":{"line":50,"column":7}},"1":{"start":{"line":89,"column":0},"end":{"line":89,"column":16}},"2":{"start":{"line":13,"column":0},"end":{"line":13,"column":31}},"3":{"start":{"line":14,"column":0},"end":{"line":14,"column":53}},"4":{"start":{"line":15,"column":0},"end":{"line":15,"column":48}},"5":{"start":{"line":17,"column":23},"end":{"line":17,"column":36}},"6":{"start":{"line":19,"column":29},"end":{"line":19,"column":33}},"7":{"start":{"line":22,"column":2},"end":{"line":30,"column":3}},"8":{"start":{"line":23,"column":4},"end":{"line":29,"column":7}},"9":{"start":{"line":31,"column":2},"end":{"line":31,"column":18}},"10":{"start":{"line":60,"column":30},"end":{"line":68,"column":4}},"11":{"start":{"line":70,"column":2},"end":{"line":85,"column":3}},"12":{"start":{"line":71,"column":4},"end":{"line":71,"column":69}},"13":{"start":{"line":72,"column":4},"end":{"line":78,"column":7}},"14":{"start":{"line":80,"column":4},"end":{"line":84,"column":7}},"15":{"start":{"line":93,"column":2},"end":{"line":116,"column":5}},"16":{"start":{"line":94,"column":16},"end":{"line":94,"column":null}},"17":{"start":{"line":103,"column":16},"end":{"line":103,"column":44}},"18":{"start":{"line":104,"column":4},"end":{"line":104,"column":29}},"19":{"start":{"line":104,"column":22},"end":{"line":104,"column":29}},"20":{"start":{"line":106,"column":24},"end":{"line":106,"column":47}},"21":{"start":{"line":107,"column":4},"end":{"line":115,"column":5}},"22":{"start":{"line":108,"column":6},"end":{"line":114,"column":9}}},"fnMap":{"0":{"name":"getDLQQueue","decl":{"start":{"line":21,"column":9},"end":{"line":21,"column":20}},"loc":{"start":{"line":21,"column":20},"end":{"line":32,"column":1}}},"1":{"name":"moveToDLQ","decl":{"start":{"line":50,"column":22},"end":{"line":50,"column":31}},"loc":{"start":{"line":58,"column":3},"end":{"line":86,"column":1}}},"2":{"name":"registerDLQHandler","decl":{"start":{"line":89,"column":16},"end":{"line":89,"column":34}},"loc":{"start":{"line":91,"column":19},"end":{"line":117,"column":1}}},"3":{"name":"(anonymous_3)","decl":{"start":{"line":93,"column":22},"end":{"line":93,"column":23}},"loc":{"start":{"line":93,"column":45},"end":{"line":116,"column":3}}}},"branchMap":{"0":{"loc":{"start":{"line":22,"column":2},"end":{"line":30,"column":3}},"type":"if","locations":[{"start":{"line":22,"column":2},"end":{"line":30,"column":3}}]},"1":{"loc":{"start":{"line":66,"column":18},"end":{"line":66,"column":39}},"type":"binary-expr","locations":[{"start":{"line":66,"column":18},"end":{"line":66,"column":34}},{"start":{"line":66,"column":38},"end":{"line":66,"column":39}}]},"2":{"loc":{"start":{"line":83,"column":13},"end":{"line":83,"column":61}},"type":"cond-expr","locations":[{"start":{"line":83,"column":36},"end":{"line":83,"column":47}},{"start":{"line":83,"column":50},"end":{"line":83,"column":61}}]},"3":{"loc":{"start":{"line":104,"column":4},"end":{"line":104,"column":29}},"type":"if","locations":[{"start":{"line":104,"column":4},"end":{"line":104,"column":29}}]},"4":{"loc":{"start":{"line":104,"column":8},"end":{"line":104,"column":20}},"type":"binary-expr","locations":[{"start":{"line":104,"column":8},"end":{"line":104,"column":12}},{"start":{"line":104,"column":16},"end":{"line":104,"column":20}}]},"5":{"loc":{"start":{"line":106,"column":24},"end":{"line":106,"column":47}},"type":"binary-expr","locations":[{"start":{"line":106,"column":24},"end":{"line":106,"column":42}},{"start":{"line":106,"column":46},"end":{"line":106,"column":47}}]},"6":{"loc":{"start":{"line":107,"column":4},"end":{"line":115,"column":5}},"type":"if","locations":[{"start":{"line":107,"column":4},"end":{"line":115,"column":5}}]}},"s":{"0":0,"1":0,"2":0,"3":0,"4":0,"5":0,"6":0,"7":0,"8":0,"9":0,"10":0,"11":0,"12":0,"13":0,"14":0,"15":0,"16":0,"17":0,"18":0,"19":0,"20":0,"21":0,"22":0},"f":{"0":0,"1":0,"2":0,"3":0},"b":{"0":[0],"1":[0,0],"2":[0,0],"3":[0],"4":[0,0],"5":[0,0],"6":[0]}}
,"/home/sr-user91/Documents/Projects/CRM/backend/src/modules/ai-campaign-brain/ai-campaign-brain.controller.ts": {"path":"/home/sr-user91/Documents/Projects/CRM/backend/src/modules/ai-campaign-brain/ai-campaign-brain.controller.ts","statementMap":{"0":{"start":{"line":12,"column":0},"end":{"line":12,"column":7}},"1":{"start":{"line":27,"column":0},"end":{"line":27,"column":7}},"2":{"start":{"line":48,"column":0},"end":{"line":48,"column":7}},"3":{"start":{"line":2,"column":0},"end":{"line":2,"column":67}},"4":{"start":{"line":3,"column":0},"end":{"line":3,"column":null}},"5":{"start":{"line":8,"column":0},"end":{"line":8,"column":64}},"6":{"start":{"line":9,"column":0},"end":{"line":9,"column":62}},"7":{"start":{"line":13,"column":2},"end":{"line":23,"column":3}},"8":{"start":{"line":14,"column":19},"end":{"line":14,"column":62}},"9":{"start":{"line":15,"column":4},"end":{"line":15,"column":71}},"10":{"start":{"line":15,"column":25},"end":{"line":15,"column":71}},"11":{"start":{"line":17,"column":18},"end":{"line":17,"column":64}},"12":{"start":{"line":18,"column":4},"end":{"line":18,"column":95}},"13":{"start":{"line":18,"column":16},"end":{"line":18,"column":95}},"14":{"start":{"line":20,"column":4},"end":{"line":20,"column":37}},"15":{"start":{"line":22,"column":4},"end":{"line":22,"column":14}},"16":{"start":{"line":32,"column":2},"end":{"line":44,"column":3}},"17":{"start":{"line":33,"column":19},"end":{"line":33,"column":62}},"18":{"start":{"line":34,"column":4},"end":{"line":34,"column":71}},"19":{"start":{"line":34,"column":25},"end":{"line":34,"column":71}},"20":{"start":{"line":36,"column":18},"end":{"line":36,"column":82}},"21":{"start":{"line":37,"column":4},"end":{"line":37,"column":37}},"22":{"start":{"line":39,"column":4},"end":{"line":43,"column":5}},"23":{"start":{"line":40,"column":6},"end":{"line":40,"column":43}},"24":{"start":{"line":42,"column":6},"end":{"line":42,"column":16}},"25":{"start":{"line":53,"column":2},"end":{"line":65,"column":3}},"26":{"start":{"line":54,"column":19},"end":{"line":54,"column":62}},"27":{"start":{"line":55,"column":4},"end":{"line":55,"column":71}},"28":{"start":{"line":55,"column":25},"end":{"line":55,"column":71}},"29":{"start":{"line":57,"column":18},"end":{"line":57,"column":67}},"30":{"start":{"line":58,"column":4},"end":{"line":58,"column":37}},"31":{"start":{"line":60,"column":4},"end":{"line":64,"column":5}},"32":{"start":{"line":61,"column":6},"end":{"line":61,"column":43}},"33":{"start":{"line":63,"column":6},"end":{"line":63,"column":16}}},"fnMap":{"0":{"name":"getBrief","decl":{"start":{"line":12,"column":22},"end":{"line":12,"column":30}},"loc":{"start":{"line":12,"column":78},"end":{"line":24,"column":1}}},"1":{"name":"approveBriefHandler","decl":{"start":{"line":27,"column":22},"end":{"line":27,"column":41}},"loc":{"start":{"line":30,"column":20},"end":{"line":45,"column":1}}},"2":{"name":"rejectBriefHandler","decl":{"start":{"line":48,"column":22},"end":{"line":48,"column":40}},"loc":{"start":{"line":51,"column":20},"end":{"line":66,"column":1}}}},"branchMap":{"0":{"loc":{"start":{"line":15,"column":4},"end":{"line":15,"column":71}},"type":"if","locations":[{"start":{"line":15,"column":4},"end":{"line":15,"column":71}}]},"1":{"loc":{"start":{"line":18,"column":4},"end":{"line":18,"column":95}},"type":"if","locations":[{"start":{"line":18,"column":4},"end":{"line":18,"column":95}}]},"2":{"loc":{"start":{"line":34,"column":4},"end":{"line":34,"column":71}},"type":"if","locations":[{"start":{"line":34,"column":4},"end":{"line":34,"column":71}}]},"3":{"loc":{"start":{"line":39,"column":4},"end":{"line":43,"column":5}},"type":"if","locations":[{"start":{"line":39,"column":4},"end":{"line":43,"column":5}},{"start":{"line":41,"column":11},"end":{"line":43,"column":5}}]},"4":{"loc":{"start":{"line":39,"column":8},"end":{"line":39,"column":65}},"type":"binary-expr","locations":[{"start":{"line":39,"column":8},"end":{"line":39,"column":28}},{"start":{"line":39,"column":32},"end":{"line":39,"column":65}}]},"5":{"loc":{"start":{"line":55,"column":4},"end":{"line":55,"column":71}},"type":"if","locations":[{"start":{"line":55,"column":4},"end":{"line":55,"column":71}}]},"6":{"loc":{"start":{"line":60,"column":4},"end":{"line":64,"column":5}},"type":"if","locations":[{"start":{"line":60,"column":4},"end":{"line":64,"column":5}},{"start":{"line":62,"column":11},"end":{"line":64,"column":5}}]},"7":{"loc":{"start":{"line":60,"column":8},"end":{"line":60,"column":65}},"type":"binary-expr","locations":[{"start":{"line":60,"column":8},"end":{"line":60,"column":28}},{"start":{"line":60,"column":32},"end":{"line":60,"column":65}}]}},"s":{"0":3,"1":3,"2":3,"3":3,"4":3,"5":3,"6":3,"7":7,"8":7,"9":7,"10":2,"11":5,"12":4,"13":2,"14":2,"15":5,"16":6,"17":6,"18":6,"19":1,"20":5,"21":2,"22":4,"23":2,"24":2,"25":5,"26":5,"27":5,"28":1,"29":4,"30":2,"31":3,"32":1,"33":2},"f":{"0":7,"1":6,"2":5},"b":{"0":[2],"1":[2],"2":[1],"3":[2,2],"4":[4,4],"5":[1],"6":[1,2],"7":[3,3]}}
,"/home/sr-user91/Documents/Projects/CRM/backend/src/modules/ai-campaign-brain/ai-campaign-brain.repository.ts": {"path":"/home/sr-user91/Documents/Projects/CRM/backend/src/modules/ai-campaign-brain/ai-campaign-brain.repository.ts","statementMap":{"0":{"start":{"line":19,"column":0},"end":{"line":19,"column":7}},"1":{"start":{"line":62,"column":0},"end":{"line":62,"column":7}},"2":{"start":{"line":70,"column":0},"end":{"line":70,"column":7}},"3":{"start":{"line":80,"column":0},"end":{"line":80,"column":7}},"4":{"start":{"line":88,"column":0},"end":{"line":88,"column":7}},"5":{"start":{"line":96,"column":0},"end":{"line":96,"column":7}},"6":{"start":{"line":1,"column":0},"end":{"line":1,"column":55}},"7":{"start":{"line":20,"column":14},"end":{"line":56,"column":null}},"8":{"start":{"line":58,"column":2},"end":{"line":58,"column":97}},"9":{"start":{"line":58,"column":12},"end":{"line":58,"column":97}},"10":{"start":{"line":59,"column":2},"end":{"line":59,"column":13}},"11":{"start":{"line":63,"column":2},"end":{"line":66,"column":4}},"12":{"start":{"line":71,"column":2},"end":{"line":77,"column":4}},"13":{"start":{"line":81,"column":2},"end":{"line":85,"column":4}},"14":{"start":{"line":89,"column":2},"end":{"line":92,"column":4}},"15":{"start":{"line":103,"column":19},"end":{"line":107,"column":null}},"16":{"start":{"line":109,"column":2},"end":{"line":109,"column":29}},"17":{"start":{"line":109,"column":17},"end":{"line":109,"column":29}},"18":{"start":{"line":111,"column":16},"end":{"line":126,"column":null}},"19":{"start":{"line":130,"column":21},"end":{"line":136,"column":null}},"20":{"start":{"line":139,"column":39},"end":{"line":139,"column":41}},"21":{"start":{"line":140,"column":2},"end":{"line":144,"column":3}},"22":{"start":{"line":141,"column":4},"end":{"line":143,"column":5}},"23":{"start":{"line":142,"column":6},"end":{"line":142,"column":37}},"24":{"start":{"line":145,"column":24},"end":{"line":148,"column":22}},"25":{"start":{"line":146,"column":20},"end":{"line":146,"column":31}},"26":{"start":{"line":148,"column":19},"end":{"line":148,"column":21}},"27":{"start":{"line":150,"column":2},"end":{"line":156,"column":4}}},"fnMap":{"0":{"name":"upsertCampaignBrief","decl":{"start":{"line":19,"column":22},"end":{"line":19,"column":41}},"loc":{"start":{"line":19,"column":65},"end":{"line":60,"column":1}}},"1":{"name":"findBriefByCampaignId","decl":{"start":{"line":62,"column":22},"end":{"line":62,"column":43}},"loc":{"start":{"line":62,"column":62},"end":{"line":67,"column":1}}},"2":{"name":"findCampaignBrief","decl":{"start":{"line":70,"column":22},"end":{"line":70,"column":39}},"loc":{"start":{"line":70,"column":58},"end":{"line":78,"column":1}}},"3":{"name":"approveBrief","decl":{"start":{"line":80,"column":22},"end":{"line":80,"column":34}},"loc":{"start":{"line":80,"column":73},"end":{"line":86,"column":1}}},"4":{"name":"rejectBrief","decl":{"start":{"line":88,"column":22},"end":{"line":88,"column":33}},"loc":{"start":{"line":88,"column":52},"end":{"line":93,"column":1}}},"5":{"name":"getCampaignLeadStats","decl":{"start":{"line":96,"column":22},"end":{"line":96,"column":42}},"loc":{"start":{"line":96,"column":61},"end":{"line":157,"column":1}}},"6":{"name":"(anonymous_6)","decl":{"start":{"line":146,"column":10},"end":{"line":146,"column":11}},"loc":{"start":{"line":146,"column":20},"end":{"line":146,"column":31}}},"7":{"name":"(anonymous_7)","decl":{"start":{"line":148,"column":9},"end":{"line":148,"column":10}},"loc":{"start":{"line":148,"column":19},"end":{"line":148,"column":21}}}},"branchMap":{"0":{"loc":{"start":{"line":58,"column":2},"end":{"line":58,"column":97}},"type":"if","locations":[{"start":{"line":58,"column":2},"end":{"line":58,"column":97}}]},"1":{"loc":{"start":{"line":109,"column":2},"end":{"line":109,"column":29}},"type":"if","locations":[{"start":{"line":109,"column":2},"end":{"line":109,"column":29}}]},"2":{"loc":{"start":{"line":141,"column":21},"end":{"line":141,"column":42}},"type":"binary-expr","locations":[{"start":{"line":141,"column":21},"end":{"line":141,"column":36}},{"start":{"line":141,"column":40},"end":{"line":141,"column":42}}]},"3":{"loc":{"start":{"line":142,"column":18},"end":{"line":142,"column":31}},"type":"binary-expr","locations":[{"start":{"line":142,"column":18},"end":{"line":142,"column":26}},{"start":{"line":142,"column":30},"end":{"line":142,"column":31}}]},"4":{"loc":{"start":{"line":152,"column":25},"end":{"line":152,"column":50}},"type":"binary-expr","locations":[{"start":{"line":152,"column":25},"end":{"line":152,"column":43}},{"start":{"line":152,"column":47},"end":{"line":152,"column":50}}]},"5":{"loc":{"start":{"line":153,"column":28},"end":{"line":153,"column":56}},"type":"binary-expr","locations":[{"start":{"line":153,"column":28},"end":{"line":153,"column":49}},{"start":{"line":153,"column":53},"end":{"line":153,"column":56}}]},"6":{"loc":{"start":{"line":154,"column":27},"end":{"line":154,"column":55}},"type":"binary-expr","locations":[{"start":{"line":154,"column":27},"end":{"line":154,"column":48}},{"start":{"line":154,"column":52},"end":{"line":154,"column":55}}]}},"s":{"0":6,"1":6,"2":6,"3":6,"4":6,"5":6,"6":6,"7":5,"8":5,"9":1,"10":4,"11":3,"12":2,"13":1,"14":1,"15":4,"16":4,"17":1,"18":3,"19":3,"20":3,"21":3,"22":12,"23":26,"24":3,"25":7,"26":8,"27":3},"f":{"0":5,"1":3,"2":2,"3":1,"4":1,"5":4,"6":7,"7":8},"b":{"0":[1],"1":[1],"2":[12,1],"3":[26,9],"4":[3,0],"5":[3,0],"6":[3,0]}}
,"/home/sr-user91/Documents/Projects/CRM/backend/src/modules/ai-campaign-brain/ai-campaign-brain.routes.ts": {"path":"/home/sr-user91/Documents/Projects/CRM/backend/src/modules/ai-campaign-brain/ai-campaign-brain.routes.ts","statementMap":{"0":{"start":{"line":1,"column":0},"end":{"line":1,"column":33}},"1":{"start":{"line":2,"column":0},"end":{"line":2,"column":60}},"2":{"start":{"line":3,"column":0},"end":{"line":3,"column":57}},"3":{"start":{"line":4,"column":0},"end":{"line":4,"column":99}},"4":{"start":{"line":6,"column":15},"end":{"line":6,"column":23}},"5":{"start":{"line":9,"column":0},"end":{"line":14,"column":2}},"6":{"start":{"line":17,"column":0},"end":{"line":22,"column":2}},"7":{"start":{"line":24,"column":0},"end":{"line":29,"column":2}},"8":{"start":{"line":31,"column":0},"end":{"line":31,"column":22}}},"fnMap":{},"branchMap":{},"s":{"0":2,"1":2,"2":2,"3":2,"4":2,"5":2,"6":2,"7":2,"8":2},"f":{},"b":{}}
,"/home/sr-user91/Documents/Projects/CRM/backend/src/modules/ai-campaign-brain/ai-campaign-brain.schema.ts": {"path":"/home/sr-user91/Documents/Projects/CRM/backend/src/modules/ai-campaign-brain/ai-campaign-brain.schema.ts","statementMap":{"0":{"start":{"line":1,"column":0},"end":{"line":1,"column":24}},"1":{"start":{"line":4,"column":13},"end":{"line":6,"column":3}}},"fnMap":{},"branchMap":{},"s":{"0":3,"1":3},"f":{},"b":{}}
,"/home/sr-user91/Documents/Projects/CRM/backend/src/modules/ai-campaign-brain/ai-campaign-brain.service.ts": {"path":"/home/sr-user91/Documents/Projects/CRM/backend/src/modules/ai-campaign-brain/ai-campaign-brain.service.ts","statementMap":{"0":{"start":{"line":45,"column":0},"end":{"line":45,"column":7}},"1":{"start":{"line":50,"column":0},"end":{"line":50,"column":7}},"2":{"start":{"line":62,"column":0},"end":{"line":62,"column":7}},"3":{"start":{"line":81,"column":0},"end":{"line":81,"column":7}},"4":{"start":{"line":1,"column":0},"end":{"line":1,"column":24}},"5":{"start":{"line":2,"column":0},"end":{"line":2,"column":28}},"6":{"start":{"line":3,"column":0},"end":{"line":3,"column":51}},"7":{"start":{"line":4,"column":0},"end":{"line":4,"column":65}},"8":{"start":{"line":5,"column":0},"end":{"line":5,"column":82}},"9":{"start":{"line":6,"column":0},"end":{"line":6,"column":57}},"10":{"start":{"line":7,"column":0},"end":{"line":7,"column":63}},"11":{"start":{"line":8,"column":0},"end":{"line":8,"column":null}},"12":{"start":{"line":17,"column":25},"end":{"line":17,"column":29}},"13":{"start":{"line":21,"column":20},"end":{"line":40,"column":2}},"14":{"start":{"line":46,"column":2},"end":{"line":46,"column":43}},"15":{"start":{"line":54,"column":19},"end":{"line":54,"column":58}},"16":{"start":{"line":55,"column":2},"end":{"line":55,"column":76}},"17":{"start":{"line":55,"column":17},"end":{"line":55,"column":76}},"18":{"start":{"line":56,"column":2},"end":{"line":56,"column":45}},"19":{"start":{"line":57,"column":2},"end":{"line":57,"column":79}},"20":{"start":{"line":58,"column":2},"end":{"line":58,"column":68}},"21":{"start":{"line":63,"column":19},"end":{"line":63,"column":58}},"22":{"start":{"line":64,"column":2},"end":{"line":64,"column":76}},"23":{"start":{"line":64,"column":17},"end":{"line":64,"column":76}},"24":{"start":{"line":65,"column":2},"end":{"line":65,"column":32}},"25":{"start":{"line":66,"column":2},"end":{"line":66,"column":67}},"26":{"start":{"line":67,"column":2},"end":{"line":67,"column":68}},"27":{"start":{"line":85,"column":16},"end":{"line":85,"column":26}},"28":{"start":{"line":87,"column":16},"end":{"line":87,"column":54}},"29":{"start":{"line":88,"column":2},"end":{"line":88,"column":67}},"30":{"start":{"line":88,"column":14},"end":{"line":88,"column":67}},"31":{"start":{"line":90,"column":19},"end":{"line":90,"column":38}},"32":{"start":{"line":91,"column":2},"end":{"line":91,"column":87}},"33":{"start":{"line":91,"column":17},"end":{"line":91,"column":87}},"34":{"start":{"line":93,"column":17},"end":{"line":96,"column":4}},"35":{"start":{"line":98,"column":23},"end":{"line":98,"column":47}},"36":{"start":{"line":99,"column":21},"end":{"line":99,"column":48}},"37":{"start":{"line":102,"column":19},"end":{"line":102,"column":20}},"38":{"start":{"line":104,"column":2},"end":{"line":137,"column":3}},"39":{"start":{"line":105,"column":23},"end":{"line":114,"column":6}},"40":{"start":{"line":116,"column":4},"end":{"line":116,"column":53}},"41":{"start":{"line":117,"column":4},"end":{"line":117,"column":46}},"42":{"start":{"line":119,"column":20},"end":{"line":119,"column":67}},"43":{"start":{"line":120,"column":4},"end":{"line":120,"column":74}},"44":{"start":{"line":122,"column":22},"end":{"line":122,"column":40}},"45":{"start":{"line":123,"column":4},"end":{"line":126,"column":7}},"46":{"start":{"line":127,"column":4},"end":{"line":135,"column":25}},"47":{"start":{"line":135,"column":19},"end":{"line":135,"column":23}},"48":{"start":{"line":136,"column":4},"end":{"line":136,"column":14}},"49":{"start":{"line":139,"column":20},"end":{"line":139,"column":38}},"50":{"start":{"line":141,"column":16},"end":{"line":154,"column":4}},"51":{"start":{"line":157,"column":2},"end":{"line":165,"column":5}},"52":{"start":{"line":167,"column":2},"end":{"line":183,"column":23}},"53":{"start":{"line":183,"column":17},"end":{"line":183,"column":21}},"54":{"start":{"line":185,"column":2},"end":{"line":193,"column":5}},"55":{"start":{"line":195,"column":2},"end":{"line":195,"column":15}},"56":{"start":{"line":201,"column":2},"end":{"line":214,"column":4}},"57":{"start":{"line":218,"column":2},"end":{"line":227,"column":4}}},"fnMap":{"0":{"name":"getCampaignBrief","decl":{"start":{"line":45,"column":22},"end":{"line":45,"column":38}},"loc":{"start":{"line":45,"column":57},"end":{"line":47,"column":1}}},"1":{"name":"approveCampaignBrief","decl":{"start":{"line":50,"column":22},"end":{"line":50,"column":42}},"loc":{"start":{"line":52,"column":20},"end":{"line":59,"column":1}}},"2":{"name":"rejectCampaignBrief","decl":{"start":{"line":62,"column":22},"end":{"line":62,"column":41}},"loc":{"start":{"line":62,"column":60},"end":{"line":68,"column":1}}},"3":{"name":"generateCampaignBrief","decl":{"start":{"line":81,"column":22},"end":{"line":81,"column":43}},"loc":{"start":{"line":83,"column":21},"end":{"line":196,"column":1}}},"4":{"name":"(anonymous_5)","decl":{"start":{"line":135,"column":13},"end":{"line":135,"column":16}},"loc":{"start":{"line":135,"column":19},"end":{"line":135,"column":23}}},"5":{"name":"(anonymous_6)","decl":{"start":{"line":183,"column":11},"end":{"line":183,"column":14}},"loc":{"start":{"line":183,"column":17},"end":{"line":183,"column":21}}},"6":{"name":"buildBriefSystemPrompt","decl":{"start":{"line":200,"column":9},"end":{"line":200,"column":31}},"loc":{"start":{"line":200,"column":31},"end":{"line":215,"column":1}}},"7":{"name":"buildBriefUserPrompt","decl":{"start":{"line":217,"column":9},"end":{"line":217,"column":29}},"loc":{"start":{"line":217,"column":98},"end":{"line":228,"column":1}}}},"branchMap":{"0":{"loc":{"start":{"line":55,"column":2},"end":{"line":55,"column":76}},"type":"if","locations":[{"start":{"line":55,"column":2},"end":{"line":55,"column":76}}]},"1":{"loc":{"start":{"line":64,"column":2},"end":{"line":64,"column":76}},"type":"if","locations":[{"start":{"line":64,"column":2},"end":{"line":64,"column":76}}]},"2":{"loc":{"start":{"line":88,"column":2},"end":{"line":88,"column":67}},"type":"if","locations":[{"start":{"line":88,"column":2},"end":{"line":88,"column":67}}]},"3":{"loc":{"start":{"line":91,"column":2},"end":{"line":91,"column":87}},"type":"if","locations":[{"start":{"line":91,"column":2},"end":{"line":91,"column":87}}]},"4":{"loc":{"start":{"line":94,"column":12},"end":{"line":94,"column":57}},"type":"binary-expr","locations":[{"start":{"line":94,"column":12},"end":{"line":94,"column":27}},{"start":{"line":94,"column":31},"end":{"line":94,"column":57}}]},"5":{"loc":{"start":{"line":95,"column":13},"end":{"line":95,"column":42}},"type":"binary-expr","locations":[{"start":{"line":95,"column":13},"end":{"line":95,"column":29}},{"start":{"line":95,"column":33},"end":{"line":95,"column":42}}]},"6":{"loc":{"start":{"line":116,"column":17},"end":{"line":116,"column":52}},"type":"binary-expr","locations":[{"start":{"line":116,"column":17},"end":{"line":116,"column":47}},{"start":{"line":116,"column":51},"end":{"line":116,"column":52}}]},"7":{"loc":{"start":{"line":119,"column":20},"end":{"line":119,"column":67}},"type":"binary-expr","locations":[{"start":{"line":119,"column":20},"end":{"line":119,"column":59}},{"start":{"line":119,"column":63},"end":{"line":119,"column":67}}]},"8":{"loc":{"start":{"line":125,"column":13},"end":{"line":125,"column":61}},"type":"cond-expr","locations":[{"start":{"line":125,"column":36},"end":{"line":125,"column":47}},{"start":{"line":125,"column":50},"end":{"line":125,"column":61}}]},"9":{"loc":{"start":{"line":221,"column":26},"end":{"line":221,"column":86}},"type":"binary-expr","locations":[{"start":{"line":221,"column":26},"end":{"line":221,"column":77}},{"start":{"line":221,"column":81},"end":{"line":221,"column":86}}]},"10":{"loc":{"start":{"line":221,"column":27},"end":{"line":221,"column":65}},"type":"binary-expr","locations":[{"start":{"line":221,"column":27},"end":{"line":221,"column":59}},{"start":{"line":221,"column":63},"end":{"line":221,"column":65}}]},"11":{"loc":{"start":{"line":225,"column":39},"end":{"line":225,"column":91}},"type":"binary-expr","locations":[{"start":{"line":225,"column":39},"end":{"line":225,"column":69}},{"start":{"line":225,"column":73},"end":{"line":225,"column":91}}]}},"s":{"0":3,"1":3,"2":3,"3":3,"4":3,"5":3,"6":3,"7":3,"8":3,"9":3,"10":3,"11":3,"12":3,"13":3,"14":2,"15":2,"16":2,"17":1,"18":1,"19":1,"20":1,"21":2,"22":2,"23":1,"24":1,"25":1,"26":1,"27":8,"28":8,"29":8,"30":1,"31":7,"32":7,"33":1,"34":6,"35":6,"36":6,"37":6,"38":6,"39":6,"40":4,"41":4,"42":4,"43":4,"44":4,"45":4,"46":4,"47":0,"48":4,"49":2,"50":2,"51":2,"52":2,"53":0,"54":2,"55":2,"56":6,"57":6},"f":{"0":2,"1":2,"2":2,"3":8,"4":0,"5":0,"6":6,"7":6},"b":{"0":[1],"1":[1],"2":[1],"3":[1],"4":[6,1],"5":[6,1],"6":[4,0],"7":[4,0],"8":[3,1],"9":[6,0],"10":[6,0],"11":[6,0]}}
,"/home/sr-user91/Documents/Projects/CRM/backend/src/modules/ai-inbox/ai-inbox.controller.ts": {"path":"/home/sr-user91/Documents/Projects/CRM/backend/src/modules/ai-inbox/ai-inbox.controller.ts","statementMap":{"0":{"start":{"line":7,"column":0},"end":{"line":7,"column":7}},"1":{"start":{"line":31,"column":0},"end":{"line":31,"column":7}},"2":{"start":{"line":2,"column":0},"end":{"line":2,"column":71}},"3":{"start":{"line":3,"column":0},"end":{"line":3,"column":59}},"4":{"start":{"line":4,"column":0},"end":{"line":4,"column":64}},"5":{"start":{"line":5,"column":0},"end":{"line":5,"column":62}},"6":{"start":{"line":8,"column":2},"end":{"line":28,"column":3}},"7":{"start":{"line":9,"column":18},"end":{"line":9,"column":54}},"8":{"start":{"line":10,"column":4},"end":{"line":10,"column":69}},"9":{"start":{"line":10,"column":24},"end":{"line":10,"column":69}},"10":{"start":{"line":12,"column":19},"end":{"line":12,"column":31}},"11":{"start":{"line":13,"column":29},"end":{"line":19,"column":6}},"12":{"start":{"line":21,"column":4},"end":{"line":25,"column":8}},"13":{"start":{"line":27,"column":4},"end":{"line":27,"column":14}},"14":{"start":{"line":32,"column":2},"end":{"line":47,"column":3}},"15":{"start":{"line":33,"column":17},"end":{"line":33,"column":54}},"16":{"start":{"line":34,"column":4},"end":{"line":34,"column":67}},"17":{"start":{"line":34,"column":23},"end":{"line":34,"column":67}},"18":{"start":{"line":36,"column":19},"end":{"line":36,"column":29}},"19":{"start":{"line":37,"column":19},"end":{"line":37,"column":31}},"20":{"start":{"line":39,"column":17},"end":{"line":39,"column":88}},"21":{"start":{"line":40,"column":4},"end":{"line":40,"column":36}},"22":{"start":{"line":42,"column":4},"end":{"line":46,"column":5}},"23":{"start":{"line":43,"column":6},"end":{"line":43,"column":43}},"24":{"start":{"line":45,"column":6},"end":{"line":45,"column":16}}},"fnMap":{"0":{"name":"getInbox","decl":{"start":{"line":7,"column":22},"end":{"line":7,"column":30}},"loc":{"start":{"line":7,"column":78},"end":{"line":29,"column":1}}},"1":{"name":"actionInboxItem","decl":{"start":{"line":31,"column":22},"end":{"line":31,"column":37}},"loc":{"start":{"line":31,"column":85},"end":{"line":48,"column":1}}}},"branchMap":{"0":{"loc":{"start":{"line":10,"column":4},"end":{"line":10,"column":69}},"type":"if","locations":[{"start":{"line":10,"column":4},"end":{"line":10,"column":69}}]},"1":{"loc":{"start":{"line":34,"column":4},"end":{"line":34,"column":67}},"type":"if","locations":[{"start":{"line":34,"column":4},"end":{"line":34,"column":67}}]},"2":{"loc":{"start":{"line":42,"column":4},"end":{"line":46,"column":5}},"type":"if","locations":[{"start":{"line":42,"column":4},"end":{"line":46,"column":5}},{"start":{"line":44,"column":11},"end":{"line":46,"column":5}}]},"3":{"loc":{"start":{"line":42,"column":8},"end":{"line":42,"column":65}},"type":"binary-expr","locations":[{"start":{"line":42,"column":8},"end":{"line":42,"column":28}},{"start":{"line":42,"column":32},"end":{"line":42,"column":65}}]}},"s":{"0":0,"1":0,"2":0,"3":0,"4":0,"5":0,"6":0,"7":0,"8":0,"9":0,"10":0,"11":0,"12":0,"13":0,"14":0,"15":0,"16":0,"17":0,"18":0,"19":0,"20":0,"21":0,"22":0,"23":0,"24":0},"f":{"0":0,"1":0},"b":{"0":[0],"1":[0],"2":[0,0],"3":[0,0]}}
,"/home/sr-user91/Documents/Projects/CRM/backend/src/modules/ai-inbox/ai-inbox.repository.ts": {"path":"/home/sr-user91/Documents/Projects/CRM/backend/src/modules/ai-inbox/ai-inbox.repository.ts","statementMap":{"0":{"start":{"line":4,"column":0},"end":{"line":4,"column":7}},"1":{"start":{"line":29,"column":0},"end":{"line":29,"column":7}},"2":{"start":{"line":61,"column":0},"end":{"line":61,"column":7}},"3":{"start":{"line":70,"column":0},"end":{"line":70,"column":7}},"4":{"start":{"line":77,"column":0},"end":{"line":77,"column":7}},"5":{"start":{"line":97,"column":0},"end":{"line":97,"column":7}},"6":{"start":{"line":107,"column":0},"end":{"line":107,"column":7}},"7":{"start":{"line":1,"column":0},"end":{"line":1,"column":55}},"8":{"start":{"line":5,"column":14},"end":{"line":23,"column":null}},"9":{"start":{"line":25,"column":2},"end":{"line":25,"column":59}},"10":{"start":{"line":25,"column":12},"end":{"line":25,"column":59}},"11":{"start":{"line":26,"column":2},"end":{"line":26,"column":13}},"12":{"start":{"line":30,"column":31},"end":{"line":30,"column":51}},"13":{"start":{"line":31,"column":28},"end":{"line":31,"column":46}},"14":{"start":{"line":32,"column":12},"end":{"line":32,"column":13}},"15":{"start":{"line":34,"column":2},"end":{"line":40,"column":3}},"16":{"start":{"line":35,"column":4},"end":{"line":35,"column":42}},"17":{"start":{"line":36,"column":4},"end":{"line":36,"column":29}},"18":{"start":{"line":39,"column":4},"end":{"line":39,"column":49}},"19":{"start":{"line":42,"column":2},"end":{"line":45,"column":3}},"20":{"start":{"line":43,"column":4},"end":{"line":43,"column":45}},"21":{"start":{"line":44,"column":4},"end":{"line":44,"column":32}},"22":{"start":{"line":47,"column":16},"end":{"line":47,"column":47}},"23":{"start":{"line":48,"column":17},"end":{"line":48,"column":33}},"24":{"start":{"line":50,"column":17},"end":{"line":55,"column":null}},"25":{"start":{"line":58,"column":2},"end":{"line":58,"column":21}},"26":{"start":{"line":62,"column":14},"end":{"line":65,"column":null}},"27":{"start":{"line":67,"column":2},"end":{"line":67,"column":41}},"28":{"start":{"line":71,"column":2},"end":{"line":74,"column":4}},"29":{"start":{"line":78,"column":2},"end":{"line":93,"column":4}},"30":{"start":{"line":98,"column":2},"end":{"line":103,"column":4}},"31":{"start":{"line":108,"column":17},"end":{"line":115,"column":null}},"32":{"start":{"line":117,"column":2},"end":{"line":117,"column":21}}},"fnMap":{"0":{"name":"createInboxItem","decl":{"start":{"line":4,"column":22},"end":{"line":4,"column":37}},"loc":{"start":{"line":4,"column":65},"end":{"line":27,"column":1}}},"1":{"name":"findInboxItems","decl":{"start":{"line":29,"column":22},"end":{"line":29,"column":36}},"loc":{"start":{"line":29,"column":64},"end":{"line":59,"column":1}}},"2":{"name":"countInboxItems","decl":{"start":{"line":61,"column":22},"end":{"line":61,"column":37}},"loc":{"start":{"line":61,"column":56},"end":{"line":68,"column":1}}},"3":{"name":"findInboxItemById","decl":{"start":{"line":70,"column":22},"end":{"line":70,"column":39}},"loc":{"start":{"line":70,"column":50},"end":{"line":75,"column":1}}},"4":{"name":"actionInboxItem","decl":{"start":{"line":77,"column":22},"end":{"line":77,"column":37}},"loc":{"start":{"line":77,"column":77},"end":{"line":94,"column":1}}},"5":{"name":"autoResolveItemsForLead","decl":{"start":{"line":97,"column":22},"end":{"line":97,"column":45}},"loc":{"start":{"line":97,"column":60},"end":{"line":104,"column":1}}},"6":{"name":"expireGuardedItems","decl":{"start":{"line":107,"column":22},"end":{"line":107,"column":40}},"loc":{"start":{"line":107,"column":40},"end":{"line":118,"column":1}}}},"branchMap":{"0":{"loc":{"start":{"line":14,"column":6},"end":{"line":14,"column":27}},"type":"binary-expr","locations":[{"start":{"line":14,"column":6},"end":{"line":14,"column":19}},{"start":{"line":14,"column":23},"end":{"line":14,"column":27}}]},"1":{"loc":{"start":{"line":15,"column":6},"end":{"line":15,"column":31}},"type":"binary-expr","locations":[{"start":{"line":15,"column":6},"end":{"line":15,"column":23}},{"start":{"line":15,"column":27},"end":{"line":15,"column":31}}]},"2":{"loc":{"start":{"line":18,"column":6},"end":{"line":18,"column":27}},"type":"binary-expr","locations":[{"start":{"line":18,"column":6},"end":{"line":18,"column":19}},{"start":{"line":18,"column":23},"end":{"line":18,"column":27}}]},"3":{"loc":{"start":{"line":20,"column":6},"end":{"line":20,"column":37}},"type":"binary-expr","locations":[{"start":{"line":20,"column":6},"end":{"line":20,"column":29}},{"start":{"line":20,"column":33},"end":{"line":20,"column":37}}]},"4":{"loc":{"start":{"line":21,"column":6},"end":{"line":21,"column":39}},"type":"binary-expr","locations":[{"start":{"line":21,"column":6},"end":{"line":21,"column":31}},{"start":{"line":21,"column":35},"end":{"line":21,"column":39}}]},"5":{"loc":{"start":{"line":22,"column":6},"end":{"line":22,"column":30}},"type":"binary-expr","locations":[{"start":{"line":22,"column":6},"end":{"line":22,"column":22}},{"start":{"line":22,"column":26},"end":{"line":22,"column":30}}]},"6":{"loc":{"start":{"line":25,"column":2},"end":{"line":25,"column":59}},"type":"if","locations":[{"start":{"line":25,"column":2},"end":{"line":25,"column":59}}]},"7":{"loc":{"start":{"line":34,"column":2},"end":{"line":40,"column":3}},"type":"if","locations":[{"start":{"line":34,"column":2},"end":{"line":40,"column":3}},{"start":{"line":37,"column":9},"end":{"line":40,"column":3}}]},"8":{"loc":{"start":{"line":42,"column":2},"end":{"line":45,"column":3}},"type":"if","locations":[{"start":{"line":42,"column":2},"end":{"line":45,"column":3}}]},"9":{"loc":{"start":{"line":47,"column":25},"end":{"line":47,"column":41}},"type":"binary-expr","locations":[{"start":{"line":47,"column":25},"end":{"line":47,"column":35}},{"start":{"line":47,"column":39},"end":{"line":47,"column":41}}]},"10":{"loc":{"start":{"line":48,"column":17},"end":{"line":48,"column":33}},"type":"binary-expr","locations":[{"start":{"line":48,"column":17},"end":{"line":48,"column":28}},{"start":{"line":48,"column":32},"end":{"line":48,"column":33}}]},"11":{"loc":{"start":{"line":67,"column":18},"end":{"line":67,"column":35}},"type":"binary-expr","locations":[{"start":{"line":67,"column":18},"end":{"line":67,"column":28}},{"start":{"line":67,"column":32},"end":{"line":67,"column":35}}]},"12":{"loc":{"start":{"line":90,"column":6},"end":{"line":90,"column":31}},"type":"binary-expr","locations":[{"start":{"line":90,"column":6},"end":{"line":90,"column":23}},{"start":{"line":90,"column":27},"end":{"line":90,"column":31}}]},"13":{"loc":{"start":{"line":91,"column":6},"end":{"line":91,"column":33}},"type":"binary-expr","locations":[{"start":{"line":91,"column":6},"end":{"line":91,"column":25}},{"start":{"line":91,"column":29},"end":{"line":91,"column":33}}]}},"s":{"0":0,"1":0,"2":0,"3":0,"4":0,"5":0,"6":0,"7":0,"8":0,"9":0,"10":0,"11":0,"12":0,"13":0,"14":0,"15":0,"16":0,"17":0,"18":0,"19":0,"20":0,"21":0,"22":0,"23":0,"24":0,"25":0,"26":0,"27":0,"28":0,"29":0,"30":0,"31":0,"32":0},"f":{"0":0,"1":0,"2":0,"3":0,"4":0,"5":0,"6":0},"b":{"0":[0,0],"1":[0,0],"2":[0,0],"3":[0,0],"4":[0,0],"5":[0,0],"6":[0],"7":[0,0],"8":[0],"9":[0,0],"10":[0,0],"11":[0,0],"12":[0,0],"13":[0,0]}}
,"/home/sr-user91/Documents/Projects/CRM/backend/src/modules/ai-inbox/ai-inbox.routes.ts": {"path":"/home/sr-user91/Documents/Projects/CRM/backend/src/modules/ai-inbox/ai-inbox.routes.ts","statementMap":{"0":{"start":{"line":1,"column":0},"end":{"line":1,"column":33}},"1":{"start":{"line":2,"column":0},"end":{"line":2,"column":60}},"2":{"start":{"line":3,"column":0},"end":{"line":3,"column":57}},"3":{"start":{"line":4,"column":0},"end":{"line":4,"column":66}},"4":{"start":{"line":6,"column":15},"end":{"line":6,"column":23}},"5":{"start":{"line":9,"column":0},"end":{"line":9,"column":93}},"6":{"start":{"line":12,"column":0},"end":{"line":12,"column":112}},"7":{"start":{"line":14,"column":0},"end":{"line":14,"column":22}}},"fnMap":{},"branchMap":{},"s":{"0":0,"1":0,"2":0,"3":0,"4":0,"5":0,"6":0,"7":0},"f":{},"b":{}}
,"/home/sr-user91/Documents/Projects/CRM/backend/src/modules/ai-inbox/ai-inbox.schema.ts": {"path":"/home/sr-user91/Documents/Projects/CRM/backend/src/modules/ai-inbox/ai-inbox.schema.ts","statementMap":{"0":{"start":{"line":1,"column":0},"end":{"line":1,"column":24}},"1":{"start":{"line":3,"column":13},"end":{"line":11,"column":3}},"2":{"start":{"line":13,"column":13},"end":{"line":16,"column":3}}},"fnMap":{},"branchMap":{},"s":{"0":0,"1":0,"2":0},"f":{},"b":{}}
,"/home/sr-user91/Documents/Projects/CRM/backend/src/modules/ai-inbox/ai-inbox.service.ts": {"path":"/home/sr-user91/Documents/Projects/CRM/backend/src/modules/ai-inbox/ai-inbox.service.ts","statementMap":{"0":{"start":{"line":17,"column":0},"end":{"line":17,"column":7}},"1":{"start":{"line":29,"column":0},"end":{"line":29,"column":7}},"2":{"start":{"line":40,"column":0},"end":{"line":40,"column":7}},"3":{"start":{"line":72,"column":0},"end":{"line":72,"column":7}},"4":{"start":{"line":1,"column":0},"end":{"line":1,"column":51}},"5":{"start":{"line":2,"column":0},"end":{"line":2,"column":60}},"6":{"start":{"line":3,"column":0},"end":{"line":3,"column":null}},"7":{"start":{"line":18,"column":15},"end":{"line":18,"column":43}},"8":{"start":{"line":19,"column":2},"end":{"line":19,"column":44}},"9":{"start":{"line":20,"column":2},"end":{"line":25,"column":5}},"10":{"start":{"line":26,"column":2},"end":{"line":26,"column":14}},"11":{"start":{"line":33,"column":25},"end":{"line":36,"column":4}},"12":{"start":{"line":37,"column":2},"end":{"line":37,"column":26}},"13":{"start":{"line":46,"column":19},"end":{"line":46,"column":46}},"14":{"start":{"line":47,"column":2},"end":{"line":47,"column":64}},"15":{"start":{"line":47,"column":17},"end":{"line":47,"column":64}},"16":{"start":{"line":49,"column":20},"end":{"line":49,"column":91}},"17":{"start":{"line":51,"column":18},"end":{"line":55,"column":4}},"18":{"start":{"line":57,"column":2},"end":{"line":57,"column":70}},"19":{"start":{"line":57,"column":16},"end":{"line":57,"column":70}},"20":{"start":{"line":59,"column":2},"end":{"line":59,"column":44}},"21":{"start":{"line":60,"column":2},"end":{"line":62,"column":5}},"22":{"start":{"line":64,"column":2},"end":{"line":64,"column":17}},"23":{"start":{"line":73,"column":18},"end":{"line":73,"column":44}},"24":{"start":{"line":75,"column":2},"end":{"line":81,"column":3}},"25":{"start":{"line":76,"column":4},"end":{"line":76,"column":56}},"26":{"start":{"line":77,"column":4},"end":{"line":80,"column":7}},"27":{"start":{"line":83,"column":2},"end":{"line":83,"column":24}}},"fnMap":{"0":{"name":"createItem","decl":{"start":{"line":17,"column":22},"end":{"line":17,"column":32}},"loc":{"start":{"line":17,"column":60},"end":{"line":27,"column":1}}},"1":{"name":"listItems","decl":{"start":{"line":29,"column":22},"end":{"line":29,"column":31}},"loc":{"start":{"line":29,"column":59},"end":{"line":38,"column":1}}},"2":{"name":"actionItem","decl":{"start":{"line":40,"column":22},"end":{"line":40,"column":32}},"loc":{"start":{"line":44,"column":23},"end":{"line":65,"column":1}}},"3":{"name":"runExpirySweep","decl":{"start":{"line":72,"column":22},"end":{"line":72,"column":36}},"loc":{"start":{"line":72,"column":36},"end":{"line":84,"column":1}}}},"branchMap":{"0":{"loc":{"start":{"line":47,"column":2},"end":{"line":47,"column":64}},"type":"if","locations":[{"start":{"line":47,"column":2},"end":{"line":47,"column":64}}]},"1":{"loc":{"start":{"line":54,"column":19},"end":{"line":54,"column":65}},"type":"cond-expr","locations":[{"start":{"line":54,"column":41},"end":{"line":54,"column":53}},{"start":{"line":54,"column":56},"end":{"line":54,"column":65}}]},"2":{"loc":{"start":{"line":57,"column":2},"end":{"line":57,"column":70}},"type":"if","locations":[{"start":{"line":57,"column":2},"end":{"line":57,"column":70}}]}},"s":{"0":0,"1":0,"2":0,"3":0,"4":0,"5":0,"6":0,"7":0,"8":0,"9":0,"10":0,"11":0,"12":0,"13":0,"14":0,"15":0,"16":0,"17":0,"18":0,"19":0,"20":0,"21":0,"22":0,"23":0,"24":0,"25":0,"26":0,"27":0},"f":{"0":0,"1":0,"2":0,"3":0},"b":{"0":[0],"1":[0,0],"2":[0]}}
,"/home/sr-user91/Documents/Projects/CRM/backend/src/modules/ai-intelligence/ai-intelligence.controller.ts": {"path":"/home/sr-user91/Documents/Projects/CRM/backend/src/modules/ai-intelligence/ai-intelligence.controller.ts","statementMap":{"0":{"start":{"line":12,"column":0},"end":{"line":12,"column":7}},"1":{"start":{"line":31,"column":0},"end":{"line":31,"column":7}},"2":{"start":{"line":56,"column":0},"end":{"line":56,"column":7}},"3":{"start":{"line":2,"column":0},"end":{"line":2,"column":null}},"4":{"start":{"line":7,"column":0},"end":{"line":7,"column":89}},"5":{"start":{"line":8,"column":0},"end":{"line":8,"column":64}},"6":{"start":{"line":9,"column":0},"end":{"line":9,"column":62}},"7":{"start":{"line":17,"column":2},"end":{"line":27,"column":3}},"8":{"start":{"line":18,"column":19},"end":{"line":18,"column":58}},"9":{"start":{"line":19,"column":4},"end":{"line":19,"column":71}},"10":{"start":{"line":19,"column":25},"end":{"line":19,"column":71}},"11":{"start":{"line":21,"column":20},"end":{"line":21,"column":58}},"12":{"start":{"line":22,"column":4},"end":{"line":22,"column":98}},"13":{"start":{"line":22,"column":18},"end":{"line":22,"column":98}},"14":{"start":{"line":24,"column":4},"end":{"line":24,"column":39}},"15":{"start":{"line":26,"column":4},"end":{"line":26,"column":14}},"16":{"start":{"line":36,"column":2},"end":{"line":52,"column":3}},"17":{"start":{"line":37,"column":19},"end":{"line":37,"column":58}},"18":{"start":{"line":38,"column":4},"end":{"line":38,"column":71}},"19":{"start":{"line":38,"column":25},"end":{"line":38,"column":71}},"20":{"start":{"line":40,"column":18},"end":{"line":40,"column":63}},"21":{"start":{"line":41,"column":4},"end":{"line":41,"column":69}},"22":{"start":{"line":41,"column":24},"end":{"line":41,"column":69}},"23":{"start":{"line":43,"column":29},"end":{"line":46,"column":null}},"24":{"start":{"line":49,"column":4},"end":{"line":49,"column":100}},"25":{"start":{"line":51,"column":4},"end":{"line":51,"column":14}},"26":{"start":{"line":61,"column":2},"end":{"line":74,"column":3}},"27":{"start":{"line":62,"column":18},"end":{"line":62,"column":61}},"28":{"start":{"line":63,"column":4},"end":{"line":63,"column":69}},"29":{"start":{"line":63,"column":24},"end":{"line":63,"column":69}},"30":{"start":{"line":65,"column":29},"end":{"line":69,"column":6}},"31":{"start":{"line":71,"column":4},"end":{"line":71,"column":100}},"32":{"start":{"line":73,"column":4},"end":{"line":73,"column":14}}},"fnMap":{"0":{"name":"getLeadProfile","decl":{"start":{"line":12,"column":22},"end":{"line":12,"column":36}},"loc":{"start":{"line":15,"column":20},"end":{"line":28,"column":1}}},"1":{"name":"getLeadDecisionLog","decl":{"start":{"line":31,"column":22},"end":{"line":31,"column":40}},"loc":{"start":{"line":34,"column":20},"end":{"line":53,"column":1}}},"2":{"name":"getDecisionLog","decl":{"start":{"line":56,"column":22},"end":{"line":56,"column":36}},"loc":{"start":{"line":59,"column":20},"end":{"line":75,"column":1}}}},"branchMap":{"0":{"loc":{"start":{"line":19,"column":4},"end":{"line":19,"column":71}},"type":"if","locations":[{"start":{"line":19,"column":4},"end":{"line":19,"column":71}}]},"1":{"loc":{"start":{"line":22,"column":4},"end":{"line":22,"column":98}},"type":"if","locations":[{"start":{"line":22,"column":4},"end":{"line":22,"column":98}}]},"2":{"loc":{"start":{"line":38,"column":4},"end":{"line":38,"column":71}},"type":"if","locations":[{"start":{"line":38,"column":4},"end":{"line":38,"column":71}}]},"3":{"loc":{"start":{"line":41,"column":4},"end":{"line":41,"column":69}},"type":"if","locations":[{"start":{"line":41,"column":4},"end":{"line":41,"column":69}}]},"4":{"loc":{"start":{"line":63,"column":4},"end":{"line":63,"column":69}},"type":"if","locations":[{"start":{"line":63,"column":4},"end":{"line":63,"column":69}}]}},"s":{"0":3,"1":3,"2":3,"3":3,"4":3,"5":3,"6":3,"7":7,"8":7,"9":7,"10":2,"11":5,"12":4,"13":2,"14":2,"15":5,"16":6,"17":6,"18":6,"19":1,"20":5,"21":5,"22":1,"23":4,"24":3,"25":3,"26":7,"27":7,"28":7,"29":3,"30":4,"31":3,"32":4},"f":{"0":7,"1":6,"2":7},"b":{"0":[2],"1":[2],"2":[1],"3":[1],"4":[3]}}
,"/home/sr-user91/Documents/Projects/CRM/backend/src/modules/ai-intelligence/ai-intelligence.repository.ts": {"path":"/home/sr-user91/Documents/Projects/CRM/backend/src/modules/ai-intelligence/ai-intelligence.repository.ts","statementMap":{"0":{"start":{"line":11,"column":0},"end":{"line":11,"column":7}},"1":{"start":{"line":19,"column":0},"end":{"line":19,"column":7}},"2":{"start":{"line":66,"column":0},"end":{"line":66,"column":7}},"3":{"start":{"line":78,"column":0},"end":{"line":78,"column":7}},"4":{"start":{"line":102,"column":0},"end":{"line":102,"column":7}},"5":{"start":{"line":123,"column":0},"end":{"line":123,"column":7}},"6":{"start":{"line":151,"column":0},"end":{"line":151,"column":7}},"7":{"start":{"line":1,"column":0},"end":{"line":1,"column":45}},"8":{"start":{"line":12,"column":14},"end":{"line":14,"column":null}},"9":{"start":{"line":16,"column":2},"end":{"line":16,"column":29}},"10":{"start":{"line":20,"column":14},"end":{"line":61,"column":null}},"11":{"start":{"line":63,"column":2},"end":{"line":63,"column":21}},"12":{"start":{"line":70,"column":2},"end":{"line":75,"column":4}},"13":{"start":{"line":84,"column":14},"end":{"line":92,"column":null}},"14":{"start":{"line":94,"column":2},"end":{"line":96,"column":3}},"15":{"start":{"line":95,"column":4},"end":{"line":95,"column":68}},"16":{"start":{"line":97,"column":2},"end":{"line":97,"column":21}},"17":{"start":{"line":107,"column":30},"end":{"line":119,"column":4}},"18":{"start":{"line":120,"column":2},"end":{"line":120,"column":85}},"19":{"start":{"line":128,"column":31},"end":{"line":128,"column":33}},"20":{"start":{"line":129,"column":28},"end":{"line":129,"column":30}},"21":{"start":{"line":130,"column":2},"end":{"line":133,"column":3}},"22":{"start":{"line":131,"column":4},"end":{"line":131,"column":35}},"23":{"start":{"line":132,"column":4},"end":{"line":132,"column":57}},"24":{"start":{"line":134,"column":16},"end":{"line":134,"column":76}},"25":{"start":{"line":136,"column":19},"end":{"line":138,"column":null}},"26":{"start":{"line":141,"column":18},"end":{"line":145,"column":null}},"27":{"start":{"line":148,"column":2},"end":{"line":148,"column":85}},"28":{"start":{"line":152,"column":14},"end":{"line":172,"column":null}},"29":{"start":{"line":174,"column":2},"end":{"line":174,"column":21}}},"fnMap":{"0":{"name":"findAiProfileByLeadId","decl":{"start":{"line":11,"column":22},"end":{"line":11,"column":43}},"loc":{"start":{"line":11,"column":58},"end":{"line":17,"column":1}}},"1":{"name":"upsertAiProfile","decl":{"start":{"line":19,"column":22},"end":{"line":19,"column":37}},"loc":{"start":{"line":19,"column":65},"end":{"line":64,"column":1}}},"2":{"name":"setEnrichmentStatus","decl":{"start":{"line":66,"column":22},"end":{"line":66,"column":41}},"loc":{"start":{"line":68,"column":51},"end":{"line":76,"column":1}}},"3":{"name":"updateNextBestAction","decl":{"start":{"line":78,"column":22},"end":{"line":78,"column":42}},"loc":{"start":{"line":82,"column":20},"end":{"line":98,"column":1}}},"4":{"name":"listDecisionLogsByLead","decl":{"start":{"line":102,"column":22},"end":{"line":102,"column":44}},"loc":{"start":{"line":105,"column":16},"end":{"line":121,"column":1}}},"5":{"name":"listDecisionLogs","decl":{"start":{"line":123,"column":22},"end":{"line":123,"column":38}},"loc":{"start":{"line":127,"column":1},"end":{"line":149,"column":1}}},"6":{"name":"insertDecisionLog","decl":{"start":{"line":151,"column":22},"end":{"line":151,"column":39}},"loc":{"start":{"line":151,"column":69},"end":{"line":175,"column":1}}}},"branchMap":{"0":{"loc":{"start":{"line":16,"column":9},"end":{"line":16,"column":28}},"type":"binary-expr","locations":[{"start":{"line":16,"column":9},"end":{"line":16,"column":20}},{"start":{"line":16,"column":24},"end":{"line":16,"column":28}}]},"1":{"loc":{"start":{"line":48,"column":6},"end":{"line":48,"column":41}},"type":"binary-expr","locations":[{"start":{"line":48,"column":6},"end":{"line":48,"column":33}},{"start":{"line":48,"column":37},"end":{"line":48,"column":41}}]},"2":{"loc":{"start":{"line":49,"column":21},"end":{"line":49,"column":44}},"type":"binary-expr","locations":[{"start":{"line":49,"column":21},"end":{"line":49,"column":38}},{"start":{"line":49,"column":42},"end":{"line":49,"column":44}}]},"3":{"loc":{"start":{"line":50,"column":6},"end":{"line":50,"column":31}},"type":"binary-expr","locations":[{"start":{"line":50,"column":6},"end":{"line":50,"column":23}},{"start":{"line":50,"column":27},"end":{"line":50,"column":31}}]},"4":{"loc":{"start":{"line":51,"column":6},"end":{"line":51,"column":41}},"type":"binary-expr","locations":[{"start":{"line":51,"column":6},"end":{"line":51,"column":33}},{"start":{"line":51,"column":37},"end":{"line":51,"column":41}}]},"5":{"loc":{"start":{"line":52,"column":6},"end":{"line":52,"column":38}},"type":"binary-expr","locations":[{"start":{"line":52,"column":6},"end":{"line":52,"column":25}},{"start":{"line":52,"column":29},"end":{"line":52,"column":38}}]},"6":{"loc":{"start":{"line":53,"column":6},"end":{"line":53,"column":38}},"type":"binary-expr","locations":[{"start":{"line":53,"column":6},"end":{"line":53,"column":30}},{"start":{"line":53,"column":34},"end":{"line":53,"column":38}}]},"7":{"loc":{"start":{"line":54,"column":6},"end":{"line":54,"column":37}},"type":"binary-expr","locations":[{"start":{"line":54,"column":6},"end":{"line":54,"column":29}},{"start":{"line":54,"column":33},"end":{"line":54,"column":37}}]},"8":{"loc":{"start":{"line":55,"column":6},"end":{"line":55,"column":28}},"type":"binary-expr","locations":[{"start":{"line":55,"column":6},"end":{"line":55,"column":20}},{"start":{"line":55,"column":24},"end":{"line":55,"column":28}}]},"9":{"loc":{"start":{"line":56,"column":6},"end":{"line":56,"column":36}},"type":"binary-expr","locations":[{"start":{"line":56,"column":6},"end":{"line":56,"column":28}},{"start":{"line":56,"column":32},"end":{"line":56,"column":36}}]},"10":{"loc":{"start":{"line":57,"column":6},"end":{"line":57,"column":43}},"type":"binary-expr","locations":[{"start":{"line":57,"column":6},"end":{"line":57,"column":35}},{"start":{"line":57,"column":39},"end":{"line":57,"column":43}}]},"11":{"loc":{"start":{"line":58,"column":6},"end":{"line":58,"column":47}},"type":"binary-expr","locations":[{"start":{"line":58,"column":6},"end":{"line":58,"column":39}},{"start":{"line":58,"column":43},"end":{"line":58,"column":47}}]},"12":{"loc":{"start":{"line":60,"column":6},"end":{"line":60,"column":36}},"type":"binary-expr","locations":[{"start":{"line":60,"column":6},"end":{"line":60,"column":28}},{"start":{"line":60,"column":32},"end":{"line":60,"column":36}}]},"13":{"loc":{"start":{"line":94,"column":2},"end":{"line":96,"column":3}},"type":"if","locations":[{"start":{"line":94,"column":2},"end":{"line":96,"column":3}}]},"14":{"loc":{"start":{"line":120,"column":47},"end":{"line":120,"column":77}},"type":"binary-expr","locations":[{"start":{"line":120,"column":47},"end":{"line":120,"column":70}},{"start":{"line":120,"column":74},"end":{"line":120,"column":77}}]},"15":{"loc":{"start":{"line":130,"column":2},"end":{"line":133,"column":3}},"type":"if","locations":[{"start":{"line":130,"column":2},"end":{"line":133,"column":3}}]},"16":{"loc":{"start":{"line":134,"column":16},"end":{"line":134,"column":76}},"type":"cond-expr","locations":[{"start":{"line":134,"column":36},"end":{"line":134,"column":71}},{"start":{"line":134,"column":74},"end":{"line":134,"column":76}}]},"17":{"loc":{"start":{"line":148,"column":47},"end":{"line":148,"column":77}},"type":"binary-expr","locations":[{"start":{"line":148,"column":47},"end":{"line":148,"column":70}},{"start":{"line":148,"column":74},"end":{"line":148,"column":77}}]},"18":{"loc":{"start":{"line":160,"column":6},"end":{"line":160,"column":27}},"type":"binary-expr","locations":[{"start":{"line":160,"column":6},"end":{"line":160,"column":19}},{"start":{"line":160,"column":23},"end":{"line":160,"column":27}}]},"19":{"loc":{"start":{"line":161,"column":6},"end":{"line":161,"column":31}},"type":"binary-expr","locations":[{"start":{"line":161,"column":6},"end":{"line":161,"column":23}},{"start":{"line":161,"column":27},"end":{"line":161,"column":31}}]},"20":{"loc":{"start":{"line":164,"column":6},"end":{"line":164,"column":36}},"type":"binary-expr","locations":[{"start":{"line":164,"column":6},"end":{"line":164,"column":28}},{"start":{"line":164,"column":32},"end":{"line":164,"column":36}}]},"21":{"loc":{"start":{"line":166,"column":6},"end":{"line":166,"column":30}},"type":"binary-expr","locations":[{"start":{"line":166,"column":6},"end":{"line":166,"column":22}},{"start":{"line":166,"column":26},"end":{"line":166,"column":30}}]},"22":{"loc":{"start":{"line":167,"column":6},"end":{"line":167,"column":31}},"type":"binary-expr","locations":[{"start":{"line":167,"column":6},"end":{"line":167,"column":23}},{"start":{"line":167,"column":27},"end":{"line":167,"column":31}}]},"23":{"loc":{"start":{"line":168,"column":6},"end":{"line":168,"column":30}},"type":"binary-expr","locations":[{"start":{"line":168,"column":6},"end":{"line":168,"column":22}},{"start":{"line":168,"column":26},"end":{"line":168,"column":30}}]},"24":{"loc":{"start":{"line":169,"column":6},"end":{"line":169,"column":30}},"type":"binary-expr","locations":[{"start":{"line":169,"column":6},"end":{"line":169,"column":22}},{"start":{"line":169,"column":26},"end":{"line":169,"column":30}}]},"25":{"loc":{"start":{"line":170,"column":6},"end":{"line":170,"column":34}},"type":"binary-expr","locations":[{"start":{"line":170,"column":6},"end":{"line":170,"column":26}},{"start":{"line":170,"column":30},"end":{"line":170,"column":34}}]},"26":{"loc":{"start":{"line":171,"column":6},"end":{"line":171,"column":44}},"type":"binary-expr","locations":[{"start":{"line":171,"column":6},"end":{"line":171,"column":35}},{"start":{"line":171,"column":39},"end":{"line":171,"column":44}}]}},"s":{"0":7,"1":7,"2":7,"3":7,"4":7,"5":7,"6":7,"7":7,"8":2,"9":2,"10":1,"11":1,"12":4,"13":2,"14":2,"15":1,"16":1,"17":2,"18":2,"19":3,"20":3,"21":3,"22":2,"23":2,"24":3,"25":3,"26":3,"27":3,"28":2,"29":2},"f":{"0":2,"1":1,"2":4,"3":2,"4":2,"5":3,"6":2},"b":{"0":[2,1],"1":[1,0],"2":[1,0],"3":[1,0],"4":[1,0],"5":[1,0],"6":[1,0],"7":[1,0],"8":[1,0],"9":[1,0],"10":[1,0],"11":[1,0],"12":[1,0],"13":[1],"14":[2,1],"15":[2],"16":[2,1],"17":[3,1],"18":[2,1],"19":[2,1],"20":[2,1],"21":[2,1],"22":[2,1],"23":[2,1],"24":[2,1],"25":[2,1],"26":[2,1]}}
,"/home/sr-user91/Documents/Projects/CRM/backend/src/modules/ai-intelligence/ai-intelligence.routes.ts": {"path":"/home/sr-user91/Documents/Projects/CRM/backend/src/modules/ai-intelligence/ai-intelligence.routes.ts","statementMap":{"0":{"start":{"line":1,"column":0},"end":{"line":1,"column":33}},"1":{"start":{"line":2,"column":0},"end":{"line":2,"column":60}},"2":{"start":{"line":3,"column":0},"end":{"line":3,"column":57}},"3":{"start":{"line":4,"column":0},"end":{"line":4,"column":98}},"4":{"start":{"line":6,"column":15},"end":{"line":6,"column":23}},"5":{"start":{"line":9,"column":0},"end":{"line":14,"column":2}},"6":{"start":{"line":17,"column":0},"end":{"line":22,"column":2}},"7":{"start":{"line":25,"column":0},"end":{"line":25,"column":75}},"8":{"start":{"line":27,"column":0},"end":{"line":27,"column":22}}},"fnMap":{},"branchMap":{},"s":{"0":2,"1":2,"2":2,"3":2,"4":2,"5":2,"6":2,"7":2,"8":2},"f":{},"b":{}}
,"/home/sr-user91/Documents/Projects/CRM/backend/src/modules/ai-intelligence/ai-intelligence.schema.ts": {"path":"/home/sr-user91/Documents/Projects/CRM/backend/src/modules/ai-intelligence/ai-intelligence.schema.ts","statementMap":{"0":{"start":{"line":1,"column":0},"end":{"line":1,"column":24}},"1":{"start":{"line":4,"column":13},"end":{"line":6,"column":3}},"2":{"start":{"line":9,"column":13},"end":{"line":12,"column":3}},"3":{"start":{"line":15,"column":13},"end":{"line":19,"column":3}}},"fnMap":{},"branchMap":{},"s":{"0":3,"1":3,"2":3,"3":3},"f":{},"b":{}}
,"/home/sr-user91/Documents/Projects/CRM/backend/src/modules/ai-intelligence/ai-intelligence.service.ts": {"path":"/home/sr-user91/Documents/Projects/CRM/backend/src/modules/ai-intelligence/ai-intelligence.service.ts","statementMap":{"0":{"start":{"line":61,"column":0},"end":{"line":61,"column":7}},"1":{"start":{"line":67,"column":0},"end":{"line":67,"column":7}},"2":{"start":{"line":85,"column":0},"end":{"line":85,"column":7}},"3":{"start":{"line":95,"column":0},"end":{"line":95,"column":7}},"4":{"start":{"line":111,"column":0},"end":{"line":111,"column":7}},"5":{"start":{"line":210,"column":0},"end":{"line":210,"column":7}},"6":{"start":{"line":1,"column":0},"end":{"line":1,"column":24}},"7":{"start":{"line":2,"column":0},"end":{"line":2,"column":28}},"8":{"start":{"line":3,"column":0},"end":{"line":3,"column":49}},"9":{"start":{"line":4,"column":0},"end":{"line":4,"column":51}},"10":{"start":{"line":5,"column":0},"end":{"line":5,"column":65}},"11":{"start":{"line":6,"column":0},"end":{"line":6,"column":57}},"12":{"start":{"line":7,"column":0},"end":{"line":7,"column":null}},"13":{"start":{"line":16,"column":0},"end":{"line":16,"column":57}},"14":{"start":{"line":17,"column":0},"end":{"line":17,"column":52}},"15":{"start":{"line":20,"column":26},"end":{"line":20,"column":33}},"16":{"start":{"line":21,"column":28},"end":{"line":21,"column":31}},"17":{"start":{"line":22,"column":31},"end":{"line":22,"column":34}},"18":{"start":{"line":26,"column":25},"end":{"line":43,"column":2}},"19":{"start":{"line":45,"column":29},"end":{"line":53,"column":2}},"20":{"start":{"line":58,"column":2},"end":{"line":58,"column":32}},"21":{"start":{"line":62,"column":2},"end":{"line":62,"column":43}},"22":{"start":{"line":68,"column":17},"end":{"line":68,"column":75}},"23":{"start":{"line":68,"column":70},"end":{"line":68,"column":74}},"24":{"start":{"line":69,"column":2},"end":{"line":75,"column":3}},"25":{"start":{"line":70,"column":4},"end":{"line":74,"column":5}},"26":{"start":{"line":71,"column":6},"end":{"line":71,"column":52}},"27":{"start":{"line":77,"column":18},"end":{"line":77,"column":53}},"28":{"start":{"line":78,"column":2},"end":{"line":80,"column":3}},"29":{"start":{"line":79,"column":4},"end":{"line":79,"column":109}},"30":{"start":{"line":79,"column":103},"end":{"line":79,"column":107}},"31":{"start":{"line":81,"column":2},"end":{"line":81,"column":17}},"32":{"start":{"line":90,"column":26},"end":{"line":90,"column":77}},"33":{"start":{"line":91,"column":2},"end":{"line":91,"column":32}},"34":{"start":{"line":100,"column":26},"end":{"line":100,"column":54}},"35":{"start":{"line":101,"column":2},"end":{"line":101,"column":32}},"36":{"start":{"line":115,"column":16},"end":{"line":115,"column":26}},"37":{"start":{"line":117,"column":2},"end":{"line":193,"column":3}},"38":{"start":{"line":118,"column":21},"end":{"line":118,"column":47}},"39":{"start":{"line":119,"column":4},"end":{"line":126,"column":5}},"40":{"start":{"line":120,"column":6},"end":{"line":120,"column":83}},"41":{"start":{"line":121,"column":6},"end":{"line":125,"column":8}},"42":{"start":{"line":128,"column":17},"end":{"line":128,"column":43}},"43":{"start":{"line":129,"column":4},"end":{"line":131,"column":5}},"44":{"start":{"line":130,"column":6},"end":{"line":130,"column":59}},"45":{"start":{"line":133,"column":21},"end":{"line":133,"column":40}},"46":{"start":{"line":134,"column":4},"end":{"line":136,"column":5}},"47":{"start":{"line":135,"column":6},"end":{"line":135,"column":43}},"48":{"start":{"line":138,"column":38},"end":{"line":138,"column":81}},"49":{"start":{"line":140,"column":19},"end":{"line":143,"column":6}},"50":{"start":{"line":145,"column":23},"end":{"line":154,"column":6}},"51":{"start":{"line":156,"column":23},"end":{"line":156,"column":58}},"52":{"start":{"line":157,"column":4},"end":{"line":157,"column":43}},"53":{"start":{"line":159,"column":20},"end":{"line":159,"column":67}},"54":{"start":{"line":160,"column":19},"end":{"line":160,"column":66}},"55":{"start":{"line":162,"column":20},"end":{"line":166,"column":null}},"56":{"start":{"line":169,"column":4},"end":{"line":169,"column":41}},"57":{"start":{"line":171,"column":22},"end":{"line":171,"column":40}},"58":{"start":{"line":172,"column":4},"end":{"line":178,"column":7}},"59":{"start":{"line":180,"column":4},"end":{"line":184,"column":6}},"60":{"start":{"line":186,"column":22},"end":{"line":186,"column":40}},"61":{"start":{"line":187,"column":4},"end":{"line":191,"column":7}},"62":{"start":{"line":192,"column":4},"end":{"line":192,"column":14}},"63":{"start":{"line":211,"column":16},"end":{"line":211,"column":26}},"64":{"start":{"line":214,"column":2},"end":{"line":220,"column":3}},"65":{"start":{"line":215,"column":21},"end":{"line":215,"column":56}},"66":{"start":{"line":216,"column":4},"end":{"line":219,"column":5}},"67":{"start":{"line":217,"column":6},"end":{"line":217,"column":77}},"68":{"start":{"line":218,"column":6},"end":{"line":218,"column":22}},"69":{"start":{"line":222,"column":2},"end":{"line":222,"column":47}},"70":{"start":{"line":224,"column":15},"end":{"line":224,"column":41}},"71":{"start":{"line":225,"column":2},"end":{"line":228,"column":3}},"72":{"start":{"line":226,"column":4},"end":{"line":226,"column":48}},"73":{"start":{"line":227,"column":4},"end":{"line":227,"column":49}},"74":{"start":{"line":230,"column":19},"end":{"line":230,"column":38}},"75":{"start":{"line":231,"column":2},"end":{"line":234,"column":3}},"76":{"start":{"line":232,"column":4},"end":{"line":232,"column":48}},"77":{"start":{"line":233,"column":4},"end":{"line":233,"column":79}},"78":{"start":{"line":236,"column":17},"end":{"line":239,"column":4}},"79":{"start":{"line":241,"column":23},"end":{"line":241,"column":50}},"80":{"start":{"line":242,"column":21},"end":{"line":242,"column":50}},"81":{"start":{"line":245,"column":19},"end":{"line":245,"column":20}},"82":{"start":{"line":247,"column":2},"end":{"line":284,"column":3}},"83":{"start":{"line":248,"column":23},"end":{"line":257,"column":6}},"84":{"start":{"line":259,"column":4},"end":{"line":259,"column":53}},"85":{"start":{"line":260,"column":4},"end":{"line":260,"column":40}},"86":{"start":{"line":262,"column":20},"end":{"line":262,"column":67}},"87":{"start":{"line":263,"column":19},"end":{"line":263,"column":62}},"88":{"start":{"line":264,"column":4},"end":{"line":264,"column":37}},"89":{"start":{"line":266,"column":22},"end":{"line":266,"column":40}},"90":{"start":{"line":267,"column":4},"end":{"line":271,"column":7}},"91":{"start":{"line":272,"column":4},"end":{"line":272,"column":48}},"92":{"start":{"line":274,"column":4},"end":{"line":281,"column":25}},"93":{"start":{"line":281,"column":19},"end":{"line":281,"column":23}},"94":{"start":{"line":283,"column":4},"end":{"line":283,"column":14}},"95":{"start":{"line":286,"column":20},"end":{"line":286,"column":38}},"96":{"start":{"line":288,"column":18},"end":{"line":303,"column":4}},"97":{"start":{"line":305,"column":2},"end":{"line":325,"column":5}},"98":{"start":{"line":321,"column":4},"end":{"line":324,"column":7}},"99":{"start":{"line":327,"column":2},"end":{"line":327,"column":39}},"100":{"start":{"line":329,"column":2},"end":{"line":336,"column":5}},"101":{"start":{"line":338,"column":2},"end":{"line":338,"column":17}},"102":{"start":{"line":344,"column":2},"end":{"line":362,"column":4}},"103":{"start":{"line":366,"column":17},"end":{"line":366,"column":108}},"104":{"start":{"line":367,"column":2},"end":{"line":377,"column":4}},"105":{"start":{"line":381,"column":2},"end":{"line":392,"column":4}},"106":{"start":{"line":401,"column":24},"end":{"line":409,"column":28}},"107":{"start":{"line":405,"column":12},"end":{"line":406,"column":77}},"108":{"start":{"line":411,"column":2},"end":{"line":427,"column":4}}},"fnMap":{"0":{"name":"profileCacheKey","decl":{"start":{"line":57,"column":9},"end":{"line":57,"column":24}},"loc":{"start":{"line":57,"column":39},"end":{"line":59,"column":1}}},"1":{"name":"invalidateProfileCache","decl":{"start":{"line":61,"column":22},"end":{"line":61,"column":44}},"loc":{"start":{"line":61,"column":59},"end":{"line":63,"column":1}}},"2":{"name":"getAiProfile","decl":{"start":{"line":67,"column":22},"end":{"line":67,"column":34}},"loc":{"start":{"line":67,"column":49},"end":{"line":82,"column":1}}},"3":{"name":"(anonymous_4)","decl":{"start":{"line":68,"column":64},"end":{"line":68,"column":67}},"loc":{"start":{"line":68,"column":70},"end":{"line":68,"column":74}}},"4":{"name":"(anonymous_5)","decl":{"start":{"line":79,"column":97},"end":{"line":79,"column":100}},"loc":{"start":{"line":79,"column":103},"end":{"line":79,"column":107}}},"5":{"name":"getLeadDecisions","decl":{"start":{"line":85,"column":22},"end":{"line":85,"column":38}},"loc":{"start":{"line":88,"column":16},"end":{"line":92,"column":1}}},"6":{"name":"getDecisions","decl":{"start":{"line":95,"column":22},"end":{"line":95,"column":34}},"loc":{"start":{"line":99,"column":1},"end":{"line":102,"column":1}}},"7":{"name":"computeNextBestAction","decl":{"start":{"line":111,"column":22},"end":{"line":111,"column":43}},"loc":{"start":{"line":113,"column":63},"end":{"line":194,"column":1}}},"8":{"name":"researchLead","decl":{"start":{"line":210,"column":22},"end":{"line":210,"column":34}},"loc":{"start":{"line":210,"column":64},"end":{"line":339,"column":1}}},"9":{"name":"(anonymous_10)","decl":{"start":{"line":281,"column":13},"end":{"line":281,"column":16}},"loc":{"start":{"line":281,"column":19},"end":{"line":281,"column":23}}},"10":{"name":"(anonymous_11)","decl":{"start":{"line":320,"column":11},"end":{"line":320,"column":12}},"loc":{"start":{"line":320,"column":31},"end":{"line":325,"column":3}}},"11":{"name":"buildResearchSystemPrompt","decl":{"start":{"line":343,"column":9},"end":{"line":343,"column":34}},"loc":{"start":{"line":343,"column":34},"end":{"line":363,"column":1}}},"12":{"name":"buildResearchUserPrompt","decl":{"start":{"line":365,"column":9},"end":{"line":365,"column":32}},"loc":{"start":{"line":365,"column":84},"end":{"line":378,"column":1}}},"13":{"name":"buildNextActionSystemPrompt","decl":{"start":{"line":380,"column":9},"end":{"line":380,"column":36}},"loc":{"start":{"line":380,"column":36},"end":{"line":393,"column":1}}},"14":{"name":"buildNextActionUserPrompt","decl":{"start":{"line":395,"column":9},"end":{"line":395,"column":34}},"loc":{"start":{"line":399,"column":40},"end":{"line":428,"column":1}}},"15":{"name":"(anonymous_16)","decl":{"start":{"line":404,"column":10},"end":{"line":404,"column":11}},"loc":{"start":{"line":405,"column":12},"end":{"line":406,"column":77}}}},"branchMap":{"0":{"loc":{"start":{"line":69,"column":2},"end":{"line":75,"column":3}},"type":"if","locations":[{"start":{"line":69,"column":2},"end":{"line":75,"column":3}}]},"1":{"loc":{"start":{"line":78,"column":2},"end":{"line":80,"column":3}},"type":"if","locations":[{"start":{"line":78,"column":2},"end":{"line":80,"column":3}}]},"2":{"loc":{"start":{"line":119,"column":4},"end":{"line":126,"column":5}},"type":"if","locations":[{"start":{"line":119,"column":4},"end":{"line":126,"column":5}}]},"3":{"loc":{"start":{"line":119,"column":8},"end":{"line":119,"column":50}},"type":"binary-expr","locations":[{"start":{"line":119,"column":8},"end":{"line":119,"column":20}},{"start":{"line":119,"column":24},"end":{"line":119,"column":50}}]},"4":{"loc":{"start":{"line":123,"column":16},"end":{"line":123,"column":54}},"type":"binary-expr","locations":[{"start":{"line":123,"column":16},"end":{"line":123,"column":48}},{"start":{"line":123,"column":52},"end":{"line":123,"column":54}}]},"5":{"loc":{"start":{"line":124,"column":20},"end":{"line":124,"column":61}},"type":"binary-expr","locations":[{"start":{"line":124,"column":20},"end":{"line":124,"column":56}},{"start":{"line":124,"column":60},"end":{"line":124,"column":61}}]},"6":{"loc":{"start":{"line":129,"column":4},"end":{"line":131,"column":5}},"type":"if","locations":[{"start":{"line":129,"column":4},"end":{"line":131,"column":5}}]},"7":{"loc":{"start":{"line":134,"column":4},"end":{"line":136,"column":5}},"type":"if","locations":[{"start":{"line":134,"column":4},"end":{"line":136,"column":5}}]},"8":{"loc":{"start":{"line":141,"column":14},"end":{"line":141,"column":59}},"type":"binary-expr","locations":[{"start":{"line":141,"column":14},"end":{"line":141,"column":29}},{"start":{"line":141,"column":33},"end":{"line":141,"column":59}}]},"9":{"loc":{"start":{"line":142,"column":15},"end":{"line":142,"column":44}},"type":"binary-expr","locations":[{"start":{"line":142,"column":15},"end":{"line":142,"column":31}},{"start":{"line":142,"column":35},"end":{"line":142,"column":44}}]},"10":{"loc":{"start":{"line":156,"column":23},"end":{"line":156,"column":58}},"type":"binary-expr","locations":[{"start":{"line":156,"column":23},"end":{"line":156,"column":53}},{"start":{"line":156,"column":57},"end":{"line":156,"column":58}}]},"11":{"loc":{"start":{"line":159,"column":20},"end":{"line":159,"column":67}},"type":"binary-expr","locations":[{"start":{"line":159,"column":20},"end":{"line":159,"column":59}},{"start":{"line":159,"column":63},"end":{"line":159,"column":67}}]},"12":{"loc":{"start":{"line":181,"column":14},"end":{"line":181,"column":65}},"type":"binary-expr","locations":[{"start":{"line":181,"column":14},"end":{"line":181,"column":38}},{"start":{"line":181,"column":42},"end":{"line":181,"column":65}}]},"13":{"loc":{"start":{"line":182,"column":14},"end":{"line":182,"column":79}},"type":"binary-expr","locations":[{"start":{"line":182,"column":14},"end":{"line":182,"column":45}},{"start":{"line":182,"column":49},"end":{"line":182,"column":79}}]},"14":{"loc":{"start":{"line":183,"column":18},"end":{"line":183,"column":91}},"type":"binary-expr","locations":[{"start":{"line":183,"column":18},"end":{"line":183,"column":53}},{"start":{"line":183,"column":57},"end":{"line":183,"column":91}}]},"15":{"loc":{"start":{"line":190,"column":13},"end":{"line":190,"column":61}},"type":"cond-expr","locations":[{"start":{"line":190,"column":36},"end":{"line":190,"column":47}},{"start":{"line":190,"column":50},"end":{"line":190,"column":61}}]},"16":{"loc":{"start":{"line":210,"column":51},"end":{"line":210,"column":64}},"type":"default-arg","locations":[{"start":{"line":210,"column":59},"end":{"line":210,"column":64}}]},"17":{"loc":{"start":{"line":214,"column":2},"end":{"line":220,"column":3}},"type":"if","locations":[{"start":{"line":214,"column":2},"end":{"line":220,"column":3}}]},"18":{"loc":{"start":{"line":216,"column":4},"end":{"line":219,"column":5}},"type":"if","locations":[{"start":{"line":216,"column":4},"end":{"line":219,"column":5}}]},"19":{"loc":{"start":{"line":225,"column":2},"end":{"line":228,"column":3}},"type":"if","locations":[{"start":{"line":225,"column":2},"end":{"line":228,"column":3}}]},"20":{"loc":{"start":{"line":231,"column":2},"end":{"line":234,"column":3}},"type":"if","locations":[{"start":{"line":231,"column":2},"end":{"line":234,"column":3}}]},"21":{"loc":{"start":{"line":237,"column":12},"end":{"line":237,"column":57}},"type":"binary-expr","locations":[{"start":{"line":237,"column":12},"end":{"line":237,"column":27}},{"start":{"line":237,"column":31},"end":{"line":237,"column":57}}]},"22":{"loc":{"start":{"line":238,"column":13},"end":{"line":238,"column":42}},"type":"binary-expr","locations":[{"start":{"line":238,"column":13},"end":{"line":238,"column":29}},{"start":{"line":238,"column":33},"end":{"line":238,"column":42}}]},"23":{"loc":{"start":{"line":259,"column":17},"end":{"line":259,"column":52}},"type":"binary-expr","locations":[{"start":{"line":259,"column":17},"end":{"line":259,"column":47}},{"start":{"line":259,"column":51},"end":{"line":259,"column":52}}]},"24":{"loc":{"start":{"line":262,"column":20},"end":{"line":262,"column":67}},"type":"binary-expr","locations":[{"start":{"line":262,"column":20},"end":{"line":262,"column":59}},{"start":{"line":262,"column":63},"end":{"line":262,"column":67}}]},"25":{"loc":{"start":{"line":270,"column":13},"end":{"line":270,"column":61}},"type":"cond-expr","locations":[{"start":{"line":270,"column":36},"end":{"line":270,"column":47}},{"start":{"line":270,"column":50},"end":{"line":270,"column":61}}]},"26":{"loc":{"start":{"line":323,"column":13},"end":{"line":323,"column":70}},"type":"cond-expr","locations":[{"start":{"line":323,"column":39},"end":{"line":323,"column":53}},{"start":{"line":323,"column":56},"end":{"line":323,"column":70}}]},"27":{"loc":{"start":{"line":366,"column":17},"end":{"line":366,"column":108}},"type":"cond-expr","locations":[{"start":{"line":366,"column":39},"end":{"line":366,"column":100}},{"start":{"line":366,"column":103},"end":{"line":366,"column":108}}]},"28":{"loc":{"start":{"line":366,"column":67},"end":{"line":366,"column":89}},"type":"binary-expr","locations":[{"start":{"line":366,"column":67},"end":{"line":366,"column":84}},{"start":{"line":366,"column":88},"end":{"line":366,"column":89}}]},"29":{"loc":{"start":{"line":370,"column":34},"end":{"line":370,"column":75}},"type":"cond-expr","locations":[{"start":{"line":370,"column":50},"end":{"line":370,"column":70}},{"start":{"line":370,"column":73},"end":{"line":370,"column":75}}]},"30":{"loc":{"start":{"line":372,"column":16},"end":{"line":372,"column":39}},"type":"binary-expr","locations":[{"start":{"line":372,"column":16},"end":{"line":372,"column":29}},{"start":{"line":372,"column":33},"end":{"line":372,"column":39}}]},"31":{"loc":{"start":{"line":375,"column":13},"end":{"line":375,"column":52}},"type":"binary-expr","locations":[{"start":{"line":375,"column":13},"end":{"line":375,"column":42}},{"start":{"line":375,"column":46},"end":{"line":375,"column":52}}]},"32":{"loc":{"start":{"line":375,"column":14},"end":{"line":375,"column":30}},"type":"binary-expr","locations":[{"start":{"line":375,"column":14},"end":{"line":375,"column":24}},{"start":{"line":375,"column":28},"end":{"line":375,"column":30}}]},"33":{"loc":{"start":{"line":376,"column":14},"end":{"line":376,"column":35}},"type":"binary-expr","locations":[{"start":{"line":376,"column":14},"end":{"line":376,"column":25}},{"start":{"line":376,"column":29},"end":{"line":376,"column":35}}]},"34":{"loc":{"start":{"line":401,"column":24},"end":{"line":409,"column":28}},"type":"cond-expr","locations":[{"start":{"line":402,"column":6},"end":{"line":408,"column":19}},{"start":{"line":409,"column":6},"end":{"line":409,"column":28}}]},"35":{"loc":{"start":{"line":406,"column":15},"end":{"line":406,"column":75}},"type":"cond-expr","locations":[{"start":{"line":406,"column":39},"end":{"line":406,"column":70}},{"start":{"line":406,"column":73},"end":{"line":406,"column":75}}]},"36":{"loc":{"start":{"line":413,"column":15},"end":{"line":413,"column":40}},"type":"binary-expr","locations":[{"start":{"line":413,"column":15},"end":{"line":413,"column":27}},{"start":{"line":413,"column":31},"end":{"line":413,"column":40}}]},"37":{"loc":{"start":{"line":414,"column":23},"end":{"line":414,"column":56}},"type":"binary-expr","locations":[{"start":{"line":414,"column":23},"end":{"line":414,"column":46}},{"start":{"line":414,"column":50},"end":{"line":414,"column":56}}]},"38":{"loc":{"start":{"line":415,"column":19},"end":{"line":415,"column":48}},"type":"binary-expr","locations":[{"start":{"line":415,"column":19},"end":{"line":415,"column":35}},{"start":{"line":415,"column":39},"end":{"line":415,"column":48}}]},"39":{"loc":{"start":{"line":416,"column":17},"end":{"line":416,"column":44}},"type":"binary-expr","locations":[{"start":{"line":416,"column":17},"end":{"line":416,"column":31}},{"start":{"line":416,"column":35},"end":{"line":416,"column":44}}]},"40":{"loc":{"start":{"line":417,"column":17},"end":{"line":417,"column":44}},"type":"binary-expr","locations":[{"start":{"line":417,"column":17},"end":{"line":417,"column":31}},{"start":{"line":417,"column":35},"end":{"line":417,"column":44}}]},"41":{"loc":{"start":{"line":417,"column":47},"end":{"line":417,"column":88}},"type":"cond-expr","locations":[{"start":{"line":417,"column":63},"end":{"line":417,"column":83}},{"start":{"line":417,"column":86},"end":{"line":417,"column":88}}]},"42":{"loc":{"start":{"line":418,"column":15},"end":{"line":418,"column":49}},"type":"binary-expr","locations":[{"start":{"line":418,"column":15},"end":{"line":418,"column":36}},{"start":{"line":418,"column":40},"end":{"line":418,"column":49}}]},"43":{"loc":{"start":{"line":420,"column":24},"end":{"line":420,"column":59}},"type":"binary-expr","locations":[{"start":{"line":420,"column":24},"end":{"line":420,"column":46}},{"start":{"line":420,"column":50},"end":{"line":420,"column":59}}]},"44":{"loc":{"start":{"line":421,"column":29},"end":{"line":421,"column":69}},"type":"binary-expr","locations":[{"start":{"line":421,"column":29},"end":{"line":421,"column":56}},{"start":{"line":421,"column":60},"end":{"line":421,"column":69}}]},"45":{"loc":{"start":{"line":422,"column":28},"end":{"line":422,"column":67}},"type":"binary-expr","locations":[{"start":{"line":422,"column":28},"end":{"line":422,"column":54}},{"start":{"line":422,"column":58},"end":{"line":422,"column":67}}]},"46":{"loc":{"start":{"line":423,"column":35},"end":{"line":423,"column":70}},"type":"binary-expr","locations":[{"start":{"line":423,"column":35},"end":{"line":423,"column":60}},{"start":{"line":423,"column":64},"end":{"line":423,"column":70}}]},"47":{"loc":{"start":{"line":424,"column":17},"end":{"line":424,"column":59}},"type":"binary-expr","locations":[{"start":{"line":424,"column":17},"end":{"line":424,"column":49}},{"start":{"line":424,"column":53},"end":{"line":424,"column":59}}]},"48":{"loc":{"start":{"line":426,"column":22},"end":{"line":426,"column":74}},"type":"cond-expr","locations":[{"start":{"line":426,"column":37},"end":{"line":426,"column":65}},{"start":{"line":426,"column":68},"end":{"line":426,"column":74}}]}},"s":{"0":4,"1":4,"2":4,"3":4,"4":4,"5":4,"6":4,"7":4,"8":4,"9":4,"10":4,"11":4,"12":4,"13":4,"14":4,"15":4,"16":4,"17":4,"18":4,"19":4,"20":27,"21":7,"22":15,"23":0,"24":15,"25":2,"26":2,"27":14,"28":14,"29":5,"30":0,"31":14,"32":1,"33":1,"34":2,"35":2,"36":11,"37":11,"38":11,"39":11,"40":2,"41":2,"42":9,"43":9,"44":2,"45":7,"46":7,"47":1,"48":6,"49":6,"50":6,"51":4,"52":4,"53":4,"54":4,"55":3,"56":2,"57":2,"58":2,"59":2,"60":7,"61":7,"62":7,"63":9,"64":9,"65":8,"66":8,"67":1,"68":1,"69":8,"70":8,"71":8,"72":1,"73":1,"74":7,"75":7,"76":1,"77":1,"78":6,"79":6,"80":6,"81":6,"82":6,"83":6,"84":5,"85":5,"86":5,"87":5,"88":4,"89":2,"90":2,"91":2,"92":2,"93":0,"94":2,"95":4,"96":4,"97":4,"98":2,"99":4,"100":4,"101":4,"102":6,"103":6,"104":6,"105":6,"106":6,"107":0,"108":6},"f":{"0":27,"1":7,"2":15,"3":0,"4":0,"5":1,"6":2,"7":11,"8":9,"9":0,"10":2,"11":6,"12":6,"13":6,"14":6,"15":0},"b":{"0":[2],"1":[5],"2":[2],"3":[11,10],"4":[2,1],"5":[2,1],"6":[2],"7":[1],"8":[6,0],"9":[6,6],"10":[4,0],"11":[4,0],"12":[2,0],"13":[2,0],"14":[2,0],"15":[6,1],"16":[8],"17":[8],"18":[1],"19":[1],"20":[1],"21":[6,0],"22":[6,6],"23":[5,0],"24":[5,0],"25":[2,0],"26":[1,1],"27":[6,0],"28":[6,0],"29":[6,0],"30":[6,0],"31":[6,0],"32":[6,0],"33":[6,6],"34":[0,6],"35":[0,0],"36":[6,0],"37":[6,6],"38":[6,0],"39":[6,0],"40":[6,0],"41":[6,0],"42":[6,0],"43":[6,5],"44":[6,5],"45":[6,5],"46":[6,5],"47":[6,5],"48":[0,6]}}
[...]
:188,"column":46},"end":{"line":192,"column":6}}},"8":{"name":"generateCsv","decl":{"start":{"line":196,"column":9},"end":{"line":196,"column":20}},"loc":{"start":{"line":196,"column":57},"end":{"line":220,"column":1}}},"9":{"name":"(anonymous_10)","decl":{"start":{"line":209,"column":31},"end":{"line":209,"column":32}},"loc":{"start":{"line":209,"column":37},"end":{"line":216,"column":5}}}},"branchMap":{"0":{"loc":{"start":{"line":51,"column":17},"end":{"line":51,"column":65}},"type":"cond-expr","locations":[{"start":{"line":51,"column":40},"end":{"line":51,"column":51}},{"start":{"line":51,"column":54},"end":{"line":51,"column":65}}]},"1":{"loc":{"start":{"line":65,"column":10},"end":{"line":65,"column":30}},"type":"binary-expr","locations":[{"start":{"line":65,"column":10},"end":{"line":65,"column":17}},{"start":{"line":65,"column":21},"end":{"line":65,"column":30}}]},"2":{"loc":{"start":{"line":70,"column":4},"end":{"line":78,"column":5}},"type":"if","locations":[{"start":{"line":70,"column":4},"end":{"line":78,"column":5}}]},"3":{"loc":{"start":{"line":70,"column":8},"end":{"line":70,"column":60}},"type":"binary-expr","locations":[{"start":{"line":70,"column":8},"end":{"line":70,"column":11}},{"start":{"line":70,"column":15},"end":{"line":70,"column":60}}]},"4":{"loc":{"start":{"line":70,"column":36},"end":{"line":70,"column":59}},"type":"binary-expr","locations":[{"start":{"line":70,"column":36},"end":{"line":70,"column":54}},{"start":{"line":70,"column":58},"end":{"line":70,"column":59}}]},"5":{"loc":{"start":{"line":92,"column":2},"end":{"line":128,"column":3}},"type":"switch","locations":[{"start":{"line":93,"column":4},"end":{"line":97,"column":5}},{"start":{"line":98,"column":4},"end":{"line":104,"column":12}},{"start":{"line":105,"column":4},"end":{"line":111,"column":12}},{"start":{"line":112,"column":4},"end":{"line":118,"column":12}},{"start":{"line":119,"column":4},"end":{"line":125,"column":12}},{"start":{"line":126,"column":4},"end":{"line":127,"column":68}}]},"6":{"loc":{"start":{"line":135,"column":2},"end":{"line":137,"column":3}},"type":"if","locations":[{"start":{"line":135,"column":2},"end":{"line":137,"column":3}}]},"7":{"loc":{"start":{"line":139,"column":2},"end":{"line":157,"column":3}},"type":"switch","locations":[{"start":{"line":140,"column":4},"end":{"line":144,"column":5}},{"start":{"line":145,"column":4},"end":{"line":152,"column":5}},{"start":{"line":153,"column":4},"end":{"line":154,"column":64}},{"start":{"line":155,"column":4},"end":{"line":156,"column":78}}]},"8":{"loc":{"start":{"line":175,"column":8},"end":{"line":175,"column":21}},"type":"binary-expr","locations":[{"start":{"line":175,"column":8},"end":{"line":175,"column":15}},{"start":{"line":175,"column":19},"end":{"line":175,"column":21}}]},"9":{"loc":{"start":{"line":197,"column":2},"end":{"line":199,"column":3}},"type":"if","locations":[{"start":{"line":197,"column":2},"end":{"line":199,"column":3}}]},"10":{"loc":{"start":{"line":211,"column":18},"end":{"line":211,"column":48}},"type":"cond-expr","locations":[{"start":{"line":211,"column":32},"end":{"line":211,"column":34}},{"start":{"line":211,"column":37},"end":{"line":211,"column":48}}]},"11":{"loc":{"start":{"line":212,"column":6},"end":{"line":214,"column":7}},"type":"if","locations":[{"start":{"line":212,"column":6},"end":{"line":214,"column":7}}]},"12":{"loc":{"start":{"line":212,"column":10},"end":{"line":212,"column":70}},"type":"binary-expr","locations":[{"start":{"line":212,"column":10},"end":{"line":212,"column":27}},{"start":{"line":212,"column":31},"end":{"line":212,"column":48}},{"start":{"line":212,"column":52},"end":{"line":212,"column":70}}]}},"s":{"0":0,"1":0,"2":0,"3":0,"4":0,"5":0,"6":0,"7":0,"8":0,"9":0,"10":0,"11":0,"12":0,"13":0,"14":0,"15":0,"16":0,"17":0,"18":0,"19":0,"20":0,"21":0,"22":0,"23":0,"24":0,"25":0,"26":0,"27":0,"28":0,"29":0,"30":0,"31":0,"32":0,"33":0,"34":0,"35":0,"36":0,"37":0,"38":0,"39":0,"40":0,"41":0,"42":0,"43":0,"44":0,"45":0,"46":0,"47":0,"48":0,"49":0,"50":0,"51":0,"52":0,"53":0,"54":0,"55":0,"56":0,"57":0,"58":0,"59":0,"60":0,"61":0,"62":0,"63":0,"64":0,"65":0,"66":0,"67":0,"68":0,"69":0,"70":0,"71":0,"72":0,"73":0,"74":0,"75":0,"76":0,"77":0,"78":0,"79":0,"80":0,"81":0,"82":0,"83":0,"84":0,"85":0,"86":0,"87":0,"88":0,"89":0,"90":0},"f":{"0":0,"1":0,"2":0,"3":0,"4":0,"5":0,"6":0,"7":0,"8":0,"9":0},"b":{"0":[0,0],"1":[0,0],"2":[0],"3":[0,0],"4":[0,0],"5":[0,0,0,0,0,0],"6":[0],"7":[0,0,0,0],"8":[0,0],"9":[0],"10":[0,0],"11":[0],"12":[0,0,0]}}
,"/home/sr-user91/Documents/Projects/CRM/backend/src/workers/scoring.worker.ts": {"path":"/home/sr-user91/Documents/Projects/CRM/backend/src/workers/scoring.worker.ts","statementMap":{"0":{"start":{"line":33,"column":0},"end":{"line":33,"column":16}},"1":{"start":{"line":15,"column":0},"end":{"line":15,"column":66}},"2":{"start":{"line":16,"column":0},"end":{"line":16,"column":44}},"3":{"start":{"line":17,"column":0},"end":{"line":17,"column":null}},"4":{"start":{"line":176,"column":9},"end":{"line":18,"column":null}},"5":{"start":{"line":176,"column":24},"end":{"line":19,"column":null}},"6":{"start":{"line":176,"column":48},"end":{"line":20,"column":null}},"7":{"start":{"line":176,"column":73},"end":{"line":21,"column":null}},"8":{"start":{"line":26,"column":0},"end":{"line":26,"column":48}},"9":{"start":{"line":27,"column":0},"end":{"line":27,"column":94}},"10":{"start":{"line":28,"column":0},"end":{"line":28,"column":39}},"11":{"start":{"line":29,"column":0},"end":{"line":29,"column":48}},"12":{"start":{"line":30,"column":0},"end":{"line":30,"column":74}},"13":{"start":{"line":31,"column":0},"end":{"line":31,"column":72}},"14":{"start":{"line":34,"column":17},"end":{"line":68,"column":null}},"15":{"start":{"line":37,"column":20},"end":{"line":37,"column":30}},"16":{"start":{"line":38,"column":23},"end":{"line":38,"column":59}},"17":{"start":{"line":39,"column":6},"end":{"line":39,"column":51}},"18":{"start":{"line":41,"column":6},"end":{"line":63,"column":7}},"19":{"start":{"line":43,"column":8},"end":{"line":49,"column":9}},"20":{"start":{"line":44,"column":10},"end":{"line":44,"column":82}},"21":{"start":{"line":45,"column":15},"end":{"line":49,"column":9}},"22":{"start":{"line":46,"column":10},"end":{"line":46,"column":84}},"23":{"start":{"line":48,"column":10},"end":{"line":48,"column":62}},"24":{"start":{"line":51,"column":28},"end":{"line":51,"column":55}},"25":{"start":{"line":52,"column":8},"end":{"line":52,"column":82}},"26":{"start":{"line":53,"column":8},"end":{"line":53,"column":86}},"27":{"start":{"line":54,"column":8},"end":{"line":54,"column":83}},"28":{"start":{"line":55,"column":8},"end":{"line":55,"column":22}},"29":{"start":{"line":57,"column":8},"end":{"line":57,"column":64}},"30":{"start":{"line":58,"column":8},"end":{"line":61,"column":11}},"31":{"start":{"line":62,"column":8},"end":{"line":62,"column":18}},"32":{"start":{"line":71,"column":2},"end":{"line":71,"column":90}},"33":{"start":{"line":71,"column":27},"end":{"line":71,"column":88}},"34":{"start":{"line":72,"column":2},"end":{"line":85,"column":5}},"35":{"start":{"line":73,"column":15},"end":{"line":73,"column":35}},"36":{"start":{"line":74,"column":4},"end":{"line":74,"column":84}},"37":{"start":{"line":75,"column":4},"end":{"line":75,"column":79}},"38":{"start":{"line":76,"column":4},"end":{"line":84,"column":5}},"39":{"start":{"line":77,"column":6},"end":{"line":83,"column":9}},"40":{"start":{"line":87,"column":2},"end":{"line":87,"column":16}},"41":{"start":{"line":96,"column":21},"end":{"line":96,"column":28}},"42":{"start":{"line":97,"column":17},"end":{"line":97,"column":49}},"43":{"start":{"line":100,"column":27},"end":{"line":100,"column":32}},"44":{"start":{"line":101,"column":2},"end":{"line":117,"column":3}},"45":{"start":{"line":102,"column":19},"end":{"line":102,"column":44}},"46":{"start":{"line":103,"column":22},"end":{"line":103,"column":56}},"47":{"start":{"line":104,"column":4},"end":{"line":116,"column":5}},"48":{"start":{"line":105,"column":6},"end":{"line":109,"column":9}},"49":{"start":{"line":110,"column":6},"end":{"line":110,"column":32}},"50":{"start":{"line":111,"column":6},"end":{"line":115,"column":9}},"51":{"start":{"line":119,"column":2},"end":{"line":124,"column":4}},"52":{"start":{"line":132,"column":17},"end":{"line":132,"column":42}},"53":{"start":{"line":133,"column":20},"end":{"line":133,"column":54}},"54":{"start":{"line":140,"column":19},"end":{"line":140,"column":53}},"55":{"start":{"line":141,"column":22},"end":{"line":145,"column":81}},"56":{"start":{"line":147,"column":18},"end":{"line":147,"column":19}},"57":{"start":{"line":148,"column":17},"end":{"line":148,"column":18}},"58":{"start":{"line":149,"column":2},"end":{"line":169,"column":3}},"59":{"start":{"line":150,"column":4},"end":{"line":168,"column":5}},"60":{"start":{"line":151,"column":21},"end":{"line":151,"column":53}},"61":{"start":{"line":152,"column":6},"end":{"line":152,"column":21}},"62":{"start":{"line":153,"column":6},"end":{"line":164,"column":7}},"63":{"start":{"line":158,"column":8},"end":{"line":162,"column":11}},"64":{"start":{"line":163,"column":8},"end":{"line":163,"column":22}},"65":{"start":{"line":166,"column":22},"end":{"line":166,"column":70}},"66":{"start":{"line":167,"column":6},"end":{"line":167,"column":88}},"67":{"start":{"line":171,"column":2},"end":{"line":171,"column":78}},"68":{"start":{"line":172,"column":2},"end":{"line":172,"column":33}}},"fnMap":{"0":{"name":"(anonymous_9)","decl":{"start":{"line":176,"column":9},"end":{"line":176,"column":22}},"loc":{"start":{"line":176,"column":9},"end":{"line":18,"column":null}}},"1":{"name":"(anonymous_10)","decl":{"start":{"line":176,"column":24},"end":{"line":176,"column":46}},"loc":{"start":{"line":176,"column":24},"end":{"line":19,"column":null}}},"2":{"name":"(anonymous_11)","decl":{"start":{"line":176,"column":48},"end":{"line":176,"column":71}},"loc":{"start":{"line":176,"column":48},"end":{"line":20,"column":null}}},"3":{"name":"(anonymous_12)","decl":{"start":{"line":176,"column":73},"end":{"line":176,"column":95}},"loc":{"start":{"line":176,"column":73},"end":{"line":21,"column":null}}},"4":{"name":"startScoringWorker","decl":{"start":{"line":33,"column":16},"end":{"line":33,"column":34}},"loc":{"start":{"line":33,"column":34},"end":{"line":88,"column":1}}},"5":{"name":"(anonymous_14)","decl":{"start":{"line":36,"column":4},"end":{"line":36,"column":9}},"loc":{"start":{"line":36,"column":23},"end":{"line":64,"column":5}}},"6":{"name":"(anonymous_15)","decl":{"start":{"line":71,"column":21},"end":{"line":71,"column":24}},"loc":{"start":{"line":71,"column":27},"end":{"line":71,"column":88}}},"7":{"name":"(anonymous_16)","decl":{"start":{"line":72,"column":22},"end":{"line":72,"column":23}},"loc":{"start":{"line":72,"column":35},"end":{"line":85,"column":3}}},"8":{"name":"handleCalculateLead","decl":{"start":{"line":90,"column":15},"end":{"line":90,"column":34}},"loc":{"start":{"line":90,"column":67},"end":{"line":125,"column":1}}},"9":{"name":"handleRecalculateAll","decl":{"start":{"line":127,"column":15},"end":{"line":127,"column":35}},"loc":{"start":{"line":127,"column":70},"end":{"line":173,"column":1}}},"10":{"name":"(anonymous_19)","decl":{"start":{"line":140,"column":19},"end":{"line":140,"column":32}},"loc":{"start":{"line":140,"column":19},"end":{"line":140,"column":53}}}},"branchMap":{"0":{"loc":{"start":{"line":43,"column":8},"end":{"line":49,"column":9}},"type":"if","locations":[{"start":{"line":43,"column":8},"end":{"line":49,"column":9}},{"start":{"line":45,"column":15},"end":{"line":49,"column":9}}]},"1":{"loc":{"start":{"line":45,"column":15},"end":{"line":49,"column":9}},"type":"if","locations":[{"start":{"line":45,"column":15},"end":{"line":49,"column":9}},{"start":{"line":47,"column":15},"end":{"line":49,"column":9}}]},"2":{"loc":{"start":{"line":60,"column":17},"end":{"line":60,"column":65}},"type":"cond-expr","locations":[{"start":{"line":60,"column":40},"end":{"line":60,"column":51}},{"start":{"line":60,"column":54},"end":{"line":60,"column":65}}]},"3":{"loc":{"start":{"line":73,"column":15},"end":{"line":73,"column":35}},"type":"binary-expr","locations":[{"start":{"line":73,"column":15},"end":{"line":73,"column":22}},{"start":{"line":73,"column":26},"end":{"line":73,"column":35}}]},"4":{"loc":{"start":{"line":76,"column":4},"end":{"line":84,"column":5}},"type":"if","locations":[{"start":{"line":76,"column":4},"end":{"line":84,"column":5}}]},"5":{"loc":{"start":{"line":76,"column":8},"end":{"line":76,"column":60}},"type":"binary-expr","locations":[{"start":{"line":76,"column":8},"end":{"line":76,"column":11}},{"start":{"line":76,"column":15},"end":{"line":76,"column":60}}]},"6":{"loc":{"start":{"line":76,"column":36},"end":{"line":76,"column":59}},"type":"binary-expr","locations":[{"start":{"line":76,"column":36},"end":{"line":76,"column":54}},{"start":{"line":76,"column":58},"end":{"line":76,"column":59}}]},"7":{"loc":{"start":{"line":101,"column":2},"end":{"line":117,"column":3}},"type":"if","locations":[{"start":{"line":101,"column":2},"end":{"line":117,"column":3}}]},"8":{"loc":{"start":{"line":103,"column":22},"end":{"line":103,"column":56}},"type":"binary-expr","locations":[{"start":{"line":103,"column":22},"end":{"line":103,"column":50}},{"start":{"line":103,"column":54},"end":{"line":103,"column":56}}]},"9":{"loc":{"start":{"line":104,"column":4},"end":{"line":116,"column":5}},"type":"if","locations":[{"start":{"line":104,"column":4},"end":{"line":116,"column":5}}]},"10":{"loc":{"start":{"line":133,"column":20},"end":{"line":133,"column":54}},"type":"binary-expr","locations":[{"start":{"line":133,"column":20},"end":{"line":133,"column":48}},{"start":{"line":133,"column":52},"end":{"line":133,"column":54}}]},"11":{"loc":{"start":{"line":153,"column":6},"end":{"line":164,"column":7}},"type":"if","locations":[{"start":{"line":153,"column":6},"end":{"line":164,"column":7}}]},"12":{"loc":{"start":{"line":153,"column":10},"end":{"line":153,"column":70}},"type":"binary-expr","locations":[{"start":{"line":153,"column":10},"end":{"line":153,"column":41}},{"start":{"line":153,"column":45},"end":{"line":153,"column":70}}]},"13":{"loc":{"start":{"line":166,"column":22},"end":{"line":166,"column":70}},"type":"cond-expr","locations":[{"start":{"line":166,"column":45},"end":{"line":166,"column":56}},{"start":{"line":166,"column":59},"end":{"line":166,"column":70}}]}},"s":{"0":0,"1":0,"2":0,"3":0,"4":0,"5":0,"6":0,"7":0,"8":0,"9":0,"10":0,"11":0,"12":0,"13":0,"14":0,"15":0,"16":0,"17":0,"18":0,"19":0,"20":0,"21":0,"22":0,"23":0,"24":0,"25":0,"26":0,"27":0,"28":0,"29":0,"30":0,"31":0,"32":0,"33":0,"34":0,"35":0,"36":0,"37":0,"38":0,"39":0,"40":0,"41":0,"42":0,"43":0,"44":0,"45":0,"46":0,"47":0,"48":0,"49":0,"50":0,"51":0,"52":0,"53":0,"54":0,"55":0,"56":0,"57":0,"58":0,"59":0,"60":0,"61":0,"62":0,"63":0,"64":0,"65":0,"66":0,"67":0,"68":0},"f":{"0":0,"1":0,"2":0,"3":0,"4":0,"5":0,"6":0,"7":0,"8":0,"9":0,"10":0},"b":{"0":[0,0],"1":[0,0],"2":[0,0],"3":[0,0],"4":[0],"5":[0,0],"6":[0,0],"7":[0],"8":[0,0],"9":[0],"10":[0,0],"11":[0],"12":[0,0],"13":[0,0]}}
,"/home/sr-user91/Documents/Projects/CRM/backend/src/workers/scraper.worker.ts": {"path":"/home/sr-user91/Documents/Projects/CRM/backend/src/workers/scraper.worker.ts","statementMap":{"0":{"start":{"line":18,"column":0},"end":{"line":18,"column":16}},"1":{"start":{"line":1,"column":0},"end":{"line":1,"column":66}},"2":{"start":{"line":2,"column":0},"end":{"line":2,"column":92}},"3":{"start":{"line":3,"column":0},"end":{"line":3,"column":48}},"4":{"start":{"line":4,"column":0},"end":{"line":4,"column":94}},"5":{"start":{"line":5,"column":0},"end":{"line":5,"column":39}},"6":{"start":{"line":6,"column":0},"end":{"line":6,"column":48}},"7":{"start":{"line":7,"column":0},"end":{"line":7,"column":61}},"8":{"start":{"line":8,"column":0},"end":{"line":8,"column":63}},"9":{"start":{"line":19,"column":17},"end":{"line":52,"column":null}},"10":{"start":{"line":22,"column":20},"end":{"line":22,"column":30}},"11":{"start":{"line":23,"column":23},"end":{"line":23,"column":102}},"12":{"start":{"line":24,"column":6},"end":{"line":24,"column":51}},"13":{"start":{"line":26,"column":6},"end":{"line":47,"column":7}},"14":{"start":{"line":27,"column":8},"end":{"line":33,"column":9}},"15":{"start":{"line":28,"column":44},"end":{"line":28,"column":69}},"16":{"start":{"line":29,"column":24},"end":{"line":29,"column":75}},"17":{"start":{"line":30,"column":10},"end":{"line":30,"column":43}},"18":{"start":{"line":32,"column":10},"end":{"line":32,"column":70}},"19":{"start":{"line":35,"column":28},"end":{"line":35,"column":55}},"20":{"start":{"line":36,"column":8},"end":{"line":36,"column":82}},"21":{"start":{"line":37,"column":8},"end":{"line":37,"column":86}},"22":{"start":{"line":38,"column":8},"end":{"line":38,"column":96}},"23":{"start":{"line":40,"column":8},"end":{"line":40,"column":64}},"24":{"start":{"line":41,"column":8},"end":{"line":45,"column":11}},"25":{"start":{"line":46,"column":8},"end":{"line":46,"column":18}},"26":{"start":{"line":55,"column":2},"end":{"line":55,"column":90}},"27":{"start":{"line":55,"column":27},"end":{"line":55,"column":88}},"28":{"start":{"line":56,"column":2},"end":{"line":72,"column":5}},"29":{"start":{"line":57,"column":4},"end":{"line":61,"column":7}},"30":{"start":{"line":62,"column":4},"end":{"line":62,"column":84}},"31":{"start":{"line":63,"column":4},"end":{"line":71,"column":5}},"32":{"start":{"line":64,"column":6},"end":{"line":70,"column":9}},"33":{"start":{"line":74,"column":2},"end":{"line":74,"column":16}}},"fnMap":{"0":{"name":"startScraperWorker","decl":{"start":{"line":18,"column":16},"end":{"line":18,"column":34}},"loc":{"start":{"line":18,"column":34},"end":{"line":75,"column":1}}},"1":{"name":"(anonymous_1)","decl":{"start":{"line":21,"column":4},"end":{"line":21,"column":9}},"loc":{"start":{"line":21,"column":23},"end":{"line":48,"column":5}}},"2":{"name":"(anonymous_2)","decl":{"start":{"line":55,"column":21},"end":{"line":55,"column":24}},"loc":{"start":{"line":55,"column":27},"end":{"line":55,"column":88}}},"3":{"name":"(anonymous_3)","decl":{"start":{"line":56,"column":22},"end":{"line":56,"column":23}},"loc":{"start":{"line":56,"column":35},"end":{"line":72,"column":3}}}},"branchMap":{"0":{"loc":{"start":{"line":27,"column":8},"end":{"line":33,"column":9}},"type":"if","locations":[{"start":{"line":27,"column":8},"end":{"line":33,"column":9}},{"start":{"line":31,"column":15},"end":{"line":33,"column":9}}]},"1":{"loc":{"start":{"line":44,"column":17},"end":{"line":44,"column":65}},"type":"cond-expr","locations":[{"start":{"line":44,"column":40},"end":{"line":44,"column":51}},{"start":{"line":44,"column":54},"end":{"line":44,"column":65}}]},"2":{"loc":{"start":{"line":58,"column":10},"end":{"line":58,"column":30}},"type":"binary-expr","locations":[{"start":{"line":58,"column":10},"end":{"line":58,"column":17}},{"start":{"line":58,"column":21},"end":{"line":58,"column":30}}]},"3":{"loc":{"start":{"line":63,"column":4},"end":{"line":71,"column":5}},"type":"if","locations":[{"start":{"line":63,"column":4},"end":{"line":71,"column":5}}]},"4":{"loc":{"start":{"line":63,"column":8},"end":{"line":63,"column":60}},"type":"binary-expr","locations":[{"start":{"line":63,"column":8},"end":{"line":63,"column":11}},{"start":{"line":63,"column":15},"end":{"line":63,"column":60}}]},"5":{"loc":{"start":{"line":63,"column":36},"end":{"line":63,"column":59}},"type":"binary-expr","locations":[{"start":{"line":63,"column":36},"end":{"line":63,"column":54}},{"start":{"line":63,"column":58},"end":{"line":63,"column":59}}]}},"s":{"0":0,"1":0,"2":0,"3":0,"4":0,"5":0,"6":0,"7":0,"8":0,"9":0,"10":0,"11":0,"12":0,"13":0,"14":0,"15":0,"16":0,"17":0,"18":0,"19":0,"20":0,"21":0,"22":0,"23":0,"24":0,"25":0,"26":0,"27":0,"28":0,"29":0,"30":0,"31":0,"32":0,"33":0},"f":{"0":0,"1":0,"2":0,"3":0},"b":{"0":[0,0],"1":[0,0],"2":[0,0],"3":[0],"4":[0,0],"5":[0,0]}}
}
