{"/home/sr-user91/Documents/Projects/CRM/backend/src/modules/ai-reply/ai-reply.controller.ts": {"path":"/home/sr-user91/Documents/Projects/CRM/backend/src/modules/ai-reply/ai-reply.controller.ts","statementMap":{"0":{"start":{"line":2,"column":0},"end":{"line":2,"column":81}},"1":{"start":{"line":3,"column":0},"end":{"line":3,"column":null}},"2":{"start":{"line":8,"column":0},"end":{"line":8,"column":64}},"3":{"start":{"line":9,"column":0},"end":{"line":9,"column":62}},"4":{"start":{"line":10,"column":0},"end":{"line":10,"column":55}},"5":{"start":{"line":11,"column":0},"end":{"line":11,"column":24}},"6":{"start":{"line":18,"column":2},"end":{"line":34,"column":3}},"7":{"start":{"line":19,"column":19},"end":{"line":19,"column":58}},"8":{"start":{"line":20,"column":4},"end":{"line":22,"column":5}},"9":{"start":{"line":21,"column":6},"end":{"line":21,"column":52}},"10":{"start":{"line":24,"column":19},"end":{"line":29,"column":6}},"11":{"start":{"line":31,"column":4},"end":{"line":31,"column":50}},"12":{"start":{"line":33,"column":4},"end":{"line":33,"column":14}},"13":{"start":{"line":42,"column":2},"end":{"line":65,"column":3}},"14":{"start":{"line":43,"column":19},"end":{"line":43,"column":63}},"15":{"start":{"line":44,"column":4},"end":{"line":46,"column":5}},"16":{"start":{"line":45,"column":6},"end":{"line":45,"column":52}},"17":{"start":{"line":48,"column":29},"end":{"line":54,"column":6}},"18":{"start":{"line":56,"column":4},"end":{"line":62,"column":6}},"19":{"start":{"line":64,"column":4},"end":{"line":64,"column":14}},"20":{"start":{"line":73,"column":2},"end":{"line":95,"column":3}},"21":{"start":{"line":74,"column":19},"end":{"line":74,"column":36}},"22":{"start":{"line":75,"column":25},"end":{"line":75,"column":60}},"23":{"start":{"line":76,"column":4},"end":{"line":78,"column":5}},"24":{"start":{"line":77,"column":6},"end":{"line":77,"column":61}},"25":{"start":{"line":80,"column":17},"end":{"line":80,"column":66}},"26":{"start":{"line":81,"column":4},"end":{"line":83,"column":5}},"27":{"start":{"line":82,"column":6},"end":{"line":82,"column":50}},"28":{"start":{"line":85,"column":4},"end":{"line":90,"column":7}},"29":{"start":{"line":92,"column":4},"end":{"line":92,"column":62}},"30":{"start":{"line":94,"column":4},"end":{"line":94,"column":14}},"31":{"start":{"line":98,"column":13},"end":{"line":98,"column":64}},"32":{"start":{"line":99,"column":13},"end":{"line":99,"column":68}},"33":{"start":{"line":100,"column":13},"end":{"line":100,"column":90}}},"fnMap":{"0":{"name":"_classifyReplyHandler","decl":{"start":{"line":13,"column":15},"end":{"line":13,"column":36}},"loc":{"start":{"line":16,"column":20},"end":{"line":35,"column":1}}},"1":{"name":"_getReplyHistoryHandler","decl":{"start":{"line":37,"column":15},"end":{"line":37,"column":38}},"loc":{"start":{"line":40,"column":20},"end":{"line":66,"column":1}}},"2":{"name":"_triggerReplyClassificationHandler","decl":{"start":{"line":68,"column":15},"end":{"line":68,"column":49}},"loc":{"start":{"line":71,"column":20},"end":{"line":96,"column":1}}}},"branchMap":{"0":{"loc":{"start":{"line":20,"column":4},"end":{"line":22,"column":5}},"type":"if","locations":[{"start":{"line":20,"column":4},"end":{"line":22,"column":5}}]},"1":{"loc":{"start":{"line":44,"column":4},"end":{"line":46,"column":5}},"type":"if","locations":[{"start":{"line":44,"column":4},"end":{"line":46,"column":5}}]},"2":{"loc":{"start":{"line":76,"column":4},"end":{"line":78,"column":5}},"type":"if","locations":[{"start":{"line":76,"column":4},"end":{"line":78,"column":5}}]},"3":{"loc":{"start":{"line":81,"column":4},"end":{"line":83,"column":5}},"type":"if","locations":[{"start":{"line":81,"column":4},"end":{"line":83,"column":5}}]},"4":{"loc":{"start":{"line":87,"column":15},"end":{"line":87,"column":43}},"type":"binary-expr","locations":[{"start":{"line":87,"column":15},"end":{"line":87,"column":32}},{"start":{"line":87,"column":36},"end":{"line":87,"column":43}}]},"5":{"loc":{"start":{"line":88,"column":19},"end":{"line":88,"column":42}},"type":"binary-expr","locations":[{"start":{"line":88,"column":19},"end":{"line":88,"column":36}},{"start":{"line":88,"column":40},"end":{"line":88,"column":42}}]}},"s":{"0":3,"1":3,"2":3,"3":3,"4":3,"5":3,"6":4,"7":4,"8":4,"9":1,"10":3,"11":2,"12":2,"13":4,"14":4,"15":4,"16":1,"17":3,"18":2,"19":2,"20":5,"21":5,"22":5,"23":5,"24":1,"25":4,"26":4,"27":1,"28":3,"29":2,"30":3,"31":3,"32":3,"33":3},"f":{"0":4,"1":4,"2":5},"b":{"0":[1],"1":[1],"2":[1],"3":[1],"4":[3,1],"5":[3,1]}}
,"/home/sr-user91/Documents/Projects/CRM/backend/src/modules/ai-reply/ai-reply.repository.ts": {"path":"/home/sr-user91/Documents/Projects/CRM/backend/src/modules/ai-reply/ai-reply.repository.ts","statementMap":{"0":{"start":{"line":4,"column":0},"end":{"line":4,"column":7}},"1":{"start":{"line":25,"column":0},"end":{"line":25,"column":7}},"2":{"start":{"line":40,"column":0},"end":{"line":40,"column":7}},"3":{"start":{"line":54,"column":0},"end":{"line":54,"column":7}},"4":{"start":{"line":72,"column":0},"end":{"line":72,"column":7}},"5":{"start":{"line":107,"column":0},"end":{"line":107,"column":7}},"6":{"start":{"line":1,"column":0},"end":{"line":1,"column":55}},"7":{"start":{"line":10,"column":2},"end":{"line":22,"column":4}},"8":{"start":{"line":30,"column":16},"end":{"line":30,"column":125}},"9":{"start":{"line":31,"column":2},"end":{"line":37,"column":4}},"10":{"start":{"line":44,"column":16},"end":{"line":44,"column":81}},"11":{"start":{"line":45,"column":2},"end":{"line":51,"column":4}},"12":{"start":{"line":60,"column":2},"end":{"line":68,"column":4}},"13":{"start":{"line":78,"column":14},"end":{"line":94,"column":null}},"14":{"start":{"line":97,"column":2},"end":{"line":97,"column":24}},"15":{"start":{"line":97,"column":12},"end":{"line":97,"column":24}},"16":{"start":{"line":99,"column":2},"end":{"line":104,"column":4}},"17":{"start":{"line":108,"column":16},"end":{"line":110,"column":null}},"18":{"start":{"line":112,"column":2},"end":{"line":112,"column":21}},"19":{"start":{"line":112,"column":14},"end":{"line":112,"column":21}},"20":{"start":{"line":114,"column":2},"end":{"line":117,"column":4}}},"fnMap":{"0":{"name":"upsertConversationSummary","decl":{"start":{"line":4,"column":22},"end":{"line":4,"column":47}},"loc":{"start":{"line":8,"column":48},"end":{"line":23,"column":1}}},"1":{"name":"appendObjectionToProfile","decl":{"start":{"line":25,"column":22},"end":{"line":25,"column":46}},"loc":{"start":{"line":28,"column":21},"end":{"line":38,"column":1}}},"2":{"name":"appendBuyingSignalToProfile","decl":{"start":{"line":40,"column":22},"end":{"line":40,"column":49}},"loc":{"start":{"line":42,"column":16},"end":{"line":52,"column":1}}},"3":{"name":"updateProfileNextAction","decl":{"start":{"line":54,"column":22},"end":{"line":54,"column":45}},"loc":{"start":{"line":58,"column":20},"end":{"line":69,"column":1}}},"4":{"name":"getLeadCampaignContext","decl":{"start":{"line":72,"column":22},"end":{"line":72,"column":44}},"loc":{"start":{"line":72,"column":59},"end":{"line":105,"column":1}}},"5":{"name":"moveLeadToStageByName","decl":{"start":{"line":107,"column":22},"end":{"line":107,"column":43}},"loc":{"start":{"line":107,"column":77},"end":{"line":118,"column":1}}}},"branchMap":{"0":{"loc":{"start":{"line":97,"column":2},"end":{"line":97,"column":24}},"type":"if","locations":[{"start":{"line":97,"column":2},"end":{"line":97,"column":24}}]},"1":{"loc":{"start":{"line":102,"column":19},"end":{"line":102,"column":50}},"type":"binary-expr","locations":[{"start":{"line":102,"column":19},"end":{"line":102,"column":37}},{"start":{"line":102,"column":41},"end":{"line":102,"column":50}}]},"2":{"loc":{"start":{"line":103,"column":21},"end":{"line":103,"column":48}},"type":"binary-expr","locations":[{"start":{"line":103,"column":21},"end":{"line":103,"column":42}},{"start":{"line":103,"column":46},"end":{"line":103,"column":48}}]},"3":{"loc":{"start":{"line":112,"column":2},"end":{"line":112,"column":21}},"type":"if","locations":[{"start":{"line":112,"column":2},"end":{"line":112,"column":21}}]}},"s":{"0":2,"1":2,"2":2,"3":2,"4":2,"5":2,"6":2,"7":1,"8":2,"9":2,"10":1,"11":1,"12":1,"13":3,"14":3,"15":1,"16":2,"17":3,"18":3,"19":1,"20":2},"f":{"0":1,"1":2,"2":1,"3":1,"4":3,"5":3},"b":{"0":[1],"1":[2,1],"2":[2,1],"3":[1]}}
,"/home/sr-user91/Documents/Projects/CRM/backend/src/modules/ai-reply/ai-reply.routes.ts": {"path":"/home/sr-user91/Documents/Projects/CRM/backend/src/modules/ai-reply/ai-reply.routes.ts","statementMap":{"0":{"start":{"line":1,"column":0},"end":{"line":1,"column":33}},"1":{"start":{"line":2,"column":0},"end":{"line":2,"column":60}},"2":{"start":{"line":3,"column":0},"end":{"line":3,"column":57}},"3":{"start":{"line":4,"column":0},"end":{"line":4,"column":null}},"4":{"start":{"line":10,"column":15},"end":{"line":10,"column":23}},"5":{"start":{"line":12,"column":0},"end":{"line":17,"column":2}},"6":{"start":{"line":19,"column":0},"end":{"line":24,"column":2}},"7":{"start":{"line":26,"column":0},"end":{"line":31,"column":2}},"8":{"start":{"line":33,"column":0},"end":{"line":33,"column":22}}},"fnMap":{},"branchMap":{},"s":{"0":2,"1":2,"2":2,"3":2,"4":2,"5":2,"6":2,"7":2,"8":2},"f":{},"b":{}}
,"/home/sr-user91/Documents/Projects/CRM/backend/src/modules/ai-reply/ai-reply.schema.ts": {"path":"/home/sr-user91/Documents/Projects/CRM/backend/src/modules/ai-reply/ai-reply.schema.ts","statementMap":{"0":{"start":{"line":1,"column":0},"end":{"line":1,"column":24}},"1":{"start":{"line":3,"column":13},"end":{"line":9,"column":3}},"2":{"start":{"line":11,"column":13},"end":{"line":17,"column":3}}},"fnMap":{},"branchMap":{},"s":{"0":4,"1":4,"2":4},"f":{},"b":{}}
,"/home/sr-user91/Documents/Projects/CRM/backend/src/modules/ai-reply/ai-reply.service.ts": {"path":"/home/sr-user91/Documents/Projects/CRM/backend/src/modules/ai-reply/ai-reply.service.ts","statementMap":{"0":{"start":{"line":70,"column":0},"end":{"line":70,"column":7}},"1":{"start":{"line":74,"column":0},"end":{"line":74,"column":7}},"2":{"start":{"line":101,"column":0},"end":{"line":101,"column":7}},"3":{"start":{"line":110,"column":0},"end":{"line":110,"column":7}},"4":{"start":{"line":1,"column":0},"end":{"line":1,"column":24}},"5":{"start":{"line":2,"column":0},"end":{"line":2,"column":28}},"6":{"start":{"line":3,"column":0},"end":{"line":3,"column":51}},"7":{"start":{"line":4,"column":0},"end":{"line":4,"column":65}},"8":{"start":{"line":5,"column":0},"end":{"line":5,"column":57}},"9":{"start":{"line":6,"column":0},"end":{"line":6,"column":null}},"10":{"start":{"line":11,"column":0},"end":{"line":11,"column":79}},"11":{"start":{"line":12,"column":0},"end":{"line":12,"column":84}},"12":{"start":{"line":13,"column":0},"end":{"line":13,"column":90}},"13":{"start":{"line":14,"column":0},"end":{"line":14,"column":null}},"14":{"start":{"line":22,"column":0},"end":{"line":22,"column":61}},"15":{"start":{"line":25,"column":25},"end":{"line":25,"column":28}},"16":{"start":{"line":29,"column":22},"end":{"line":46,"column":2}},"17":{"start":{"line":51,"column":2},"end":{"line":51,"column":81}},"18":{"start":{"line":51,"column":63},"end":{"line":51,"column":81}},"19":{"start":{"line":52,"column":2},"end":{"line":52,"column":76}},"20":{"start":{"line":52,"column":58},"end":{"line":52,"column":76}},"21":{"start":{"line":53,"column":2},"end":{"line":53,"column":61}},"22":{"start":{"line":53,"column":43},"end":{"line":53,"column":61}},"23":{"start":{"line":54,"column":2},"end":{"line":54,"column":19}},"24":{"start":{"line":71,"column":2},"end":{"line":71,"column":30}},"25":{"start":{"line":81,"column":26},"end":{"line":85,"column":4}},"26":{"start":{"line":87,"column":14},"end":{"line":87,"column":18}},"27":{"start":{"line":88,"column":2},"end":{"line":90,"column":3}},"28":{"start":{"line":89,"column":4},"end":{"line":89,"column":65}},"29":{"start":{"line":89,"column":35},"end":{"line":89,"column":63}},"30":{"start":{"line":91,"column":2},"end":{"line":93,"column":3}},"31":{"start":{"line":92,"column":4},"end":{"line":92,"column":73}},"32":{"start":{"line":92,"column":35},"end":{"line":92,"column":71}},"33":{"start":{"line":94,"column":2},"end":{"line":96,"column":3}},"34":{"start":{"line":95,"column":4},"end":{"line":95,"column":74}},"35":{"start":{"line":95,"column":35},"end":{"line":95,"column":72}},"36":{"start":{"line":98,"column":2},"end":{"line":98,"column":26}},"37":{"start":{"line":102,"column":2},"end":{"line":107,"column":5}},"38":{"start":{"line":111,"column":16},"end":{"line":111,"column":26}},"39":{"start":{"line":112,"column":43},"end":{"line":112,"column":48}},"40":{"start":{"line":114,"column":37},"end":{"line":118,"column":4}},"41":{"start":{"line":120,"column":2},"end":{"line":120,"column":58}},"42":{"start":{"line":120,"column":13},"end":{"line":120,"column":58}},"43":{"start":{"line":122,"column":19},"end":{"line":122,"column":38}},"44":{"start":{"line":123,"column":2},"end":{"line":126,"column":3}},"45":{"start":{"line":124,"column":4},"end":{"line":124,"column":84}},"46":{"start":{"line":125,"column":4},"end":{"line":125,"column":52}},"47":{"start":{"line":128,"column":17},"end":{"line":131,"column":4}},"48":{"start":{"line":133,"column":23},"end":{"line":133,"column":47}},"49":{"start":{"line":134,"column":21},"end":{"line":134,"column":80}},"50":{"start":{"line":137,"column":19},"end":{"line":137,"column":20}},"51":{"start":{"line":139,"column":2},"end":{"line":172,"column":3}},"52":{"start":{"line":140,"column":23},"end":{"line":149,"column":6}},"53":{"start":{"line":151,"column":4},"end":{"line":151,"column":53}},"54":{"start":{"line":152,"column":4},"end":{"line":152,"column":46}},"55":{"start":{"line":154,"column":20},"end":{"line":154,"column":67}},"56":{"start":{"line":155,"column":4},"end":{"line":155,"column":68}},"57":{"start":{"line":157,"column":22},"end":{"line":157,"column":40}},"58":{"start":{"line":158,"column":4},"end":{"line":161,"column":7}},"59":{"start":{"line":162,"column":4},"end":{"line":170,"column":25}},"60":{"start":{"line":170,"column":19},"end":{"line":170,"column":23}},"61":{"start":{"line":171,"column":4},"end":{"line":171,"column":52}},"62":{"start":{"line":174,"column":20},"end":{"line":174,"column":38}},"63":{"start":{"line":175,"column":2},"end":{"line":175,"column":41}},"64":{"start":{"line":178,"column":2},"end":{"line":181,"column":3}},"65":{"start":{"line":179,"column":4},"end":{"line":179,"column":48}},"66":{"start":{"line":180,"column":4},"end":{"line":180,"column":77}},"67":{"start":{"line":184,"column":2},"end":{"line":184,"column":84}},"68":{"start":{"line":187,"column":2},"end":{"line":191,"column":3}},"69":{"start":{"line":188,"column":4},"end":{"line":190,"column":7}},"70":{"start":{"line":189,"column":6},"end":{"line":189,"column":109}},"71":{"start":{"line":193,"column":2},"end":{"line":193,"column":114}},"72":{"start":{"line":194,"column":2},"end":{"line":194,"column":39}},"73":{"start":{"line":197,"column":2},"end":{"line":209,"column":23}},"74":{"start":{"line":209,"column":17},"end":{"line":209,"column":21}},"75":{"start":{"line":212,"column":30},"end":{"line":212,"column":62}},"76":{"start":{"line":214,"column":2},"end":{"line":216,"column":3}},"77":{"start":{"line":215,"column":4},"end":{"line":215,"column":45}},"78":{"start":{"line":218,"column":2},"end":{"line":224,"column":5}},"79":{"start":{"line":226,"column":2},"end":{"line":238,"column":4}},"80":{"start":{"line":248,"column":2},"end":{"line":248,"column":103}},"81":{"start":{"line":248,"column":91},"end":{"line":248,"column":103}},"82":{"start":{"line":250,"column":2},"end":{"line":250,"column":50}},"83":{"start":{"line":250,"column":38},"end":{"line":250,"column":50}},"84":{"start":{"line":252,"column":2},"end":{"line":252,"column":69}},"85":{"start":{"line":252,"column":57},"end":{"line":252,"column":69}},"86":{"start":{"line":254,"column":2},"end":{"line":254,"column":59}},"87":{"start":{"line":254,"column":47},"end":{"line":254,"column":59}},"88":{"start":{"line":255,"column":2},"end":{"line":255,"column":15}},"89":{"start":{"line":263,"column":2},"end":{"line":263,"column":34}},"90":{"start":{"line":263,"column":27},"end":{"line":263,"column":34}},"91":{"start":{"line":265,"column":85},"end":{"line":274,"column":4}},"92":{"start":{"line":276,"column":19},"end":{"line":276,"column":70}},"93":{"start":{"line":277,"column":44},"end":{"line":282,"column":4}},"94":{"start":{"line":284,"column":2},"end":{"line":295,"column":5}},"95":{"start":{"line":299,"column":39},"end":{"line":308,"column":4}},"96":{"start":{"line":309,"column":2},"end":{"line":309,"column":81}},"97":{"start":{"line":313,"column":41},"end":{"line":322,"column":4}},"98":{"start":{"line":323,"column":2},"end":{"line":323,"column":49}},"99":{"start":{"line":334,"column":22},"end":{"line":334,"column":90}},"100":{"start":{"line":335,"column":20},"end":{"line":335,"column":55}},"101":{"start":{"line":337,"column":2},"end":{"line":345,"column":5}},"102":{"start":{"line":351,"column":2},"end":{"line":366,"column":4}},"103":{"start":{"line":375,"column":2},"end":{"line":384,"column":4}},"104":{"start":{"line":388,"column":16},"end":{"line":388,"column":41}},"105":{"start":{"line":389,"column":19},"end":{"line":389,"column":117}},"106":{"start":{"line":389,"column":99},"end":{"line":389,"column":116}},"107":{"start":{"line":390,"column":2},"end":{"line":402,"column":4}}},"fnMap":{"0":{"name":"intentToSentiment","decl":{"start":{"line":50,"column":9},"end":{"line":50,"column":26}},"loc":{"start":{"line":50,"column":46},"end":{"line":55,"column":1}}},"1":{"name":"classifyInboundReply","decl":{"start":{"line":70,"column":22},"end":{"line":70,"column":42}},"loc":{"start":{"line":70,"column":68},"end":{"line":72,"column":1}}},"2":{"name":"getReplyHistory","decl":{"start":{"line":74,"column":22},"end":{"line":74,"column":37}},"loc":{"start":{"line":80,"column":1},"end":{"line":99,"column":1}}},"3":{"name":"(anonymous_4)","decl":{"start":{"line":89,"column":25},"end":{"line":89,"column":26}},"loc":{"start":{"line":89,"column":35},"end":{"line":89,"column":63}}},"4":{"name":"(anonymous_5)","decl":{"start":{"line":92,"column":25},"end":{"line":92,"column":26}},"loc":{"start":{"line":92,"column":35},"end":{"line":92,"column":71}}},"5":{"name":"(anonymous_6)","decl":{"start":{"line":95,"column":25},"end":{"line":95,"column":26}},"loc":{"start":{"line":95,"column":35},"end":{"line":95,"column":72}}},"6":{"name":"triggerClassification","decl":{"start":{"line":101,"column":22},"end":{"line":101,"column":43}},"loc":{"start":{"line":101,"column":71},"end":{"line":108,"column":1}}},"7":{"name":"classifyReply","decl":{"start":{"line":110,"column":22},"end":{"line":110,"column":35}},"loc":{"start":{"line":110,"column":61},"end":{"line":239,"column":1}}},"8":{"name":"(anonymous_9)","decl":{"start":{"line":170,"column":13},"end":{"line":170,"column":16}},"loc":{"start":{"line":170,"column":19},"end":{"line":170,"column":23}}},"9":{"name":"(anonymous_10)","decl":{"start":{"line":188,"column":67},"end":{"line":188,"column":68}},"loc":{"start":{"line":188,"column":84},"end":{"line":190,"column":5}}},"10":{"name":"(anonymous_11)","decl":{"start":{"line":209,"column":11},"end":{"line":209,"column":14}},"loc":{"start":{"line":209,"column":17},"end":{"line":209,"column":21}}},"11":{"name":"shouldRouteToInbox","decl":{"start":{"line":243,"column":9},"end":{"line":243,"column":27}},"loc":{"start":{"line":245,"column":68},"end":{"line":256,"column":1}}},"12":{"name":"routeToInbox","decl":{"start":{"line":258,"column":15},"end":{"line":258,"column":27}},"loc":{"start":{"line":261,"column":20},"end":{"line":296,"column":1}}},"13":{"name":"intentUrgencyScore","decl":{"start":{"line":298,"column":9},"end":{"line":298,"column":27}},"loc":{"start":{"line":298,"column":67},"end":{"line":310,"column":1}}},"14":{"name":"buildInboxTitle","decl":{"start":{"line":312,"column":9},"end":{"line":312,"column":24}},"loc":{"start":{"line":312,"column":44},"end":{"line":324,"column":1}}},"15":{"name":"persistMemoryUpdates","decl":{"start":{"line":328,"column":15},"end":{"line":328,"column":35}},"loc":{"start":{"line":332,"column":28},"end":{"line":346,"column":1}}},"16":{"name":"buildReplySystemPrompt","decl":{"start":{"line":350,"column":9},"end":{"line":350,"column":31}},"loc":{"start":{"line":350,"column":31},"end":{"line":367,"column":1}}},"17":{"name":"buildReplyUserPrompt","decl":{"start":{"line":369,"column":9},"end":{"line":369,"column":29}},"loc":{"start":{"line":373,"column":21},"end":{"line":385,"column":1}}},"18":{"name":"buildFallbackClassification","decl":{"start":{"line":387,"column":9},"end":{"line":387,"column":36}},"loc":{"start":{"line":387,"column":56},"end":{"line":403,"column":1}}},"19":{"name":"(anonymous_20)","decl":{"start":{"line":389,"column":94},"end":{"line":389,"column":95}},"loc":{"start":{"line":389,"column":99},"end":{"line":389,"column":116}}}},"branchMap":{"0":{"loc":{"start":{"line":51,"column":2},"end":{"line":51,"column":81}},"type":"if","locations":[{"start":{"line":51,"column":2},"end":{"line":51,"column":81}}]},"1":{"loc":{"start":{"line":52,"column":2},"end":{"line":52,"column":76}},"type":"if","locations":[{"start":{"line":52,"column":2},"end":{"line":52,"column":76}}]},"2":{"loc":{"start":{"line":53,"column":2},"end":{"line":53,"column":61}},"type":"if","locations":[{"start":{"line":53,"column":2},"end":{"line":53,"column":61}}]},"3":{"loc":{"start":{"line":88,"column":2},"end":{"line":90,"column":3}},"type":"if","locations":[{"start":{"line":88,"column":2},"end":{"line":90,"column":3}}]},"4":{"loc":{"start":{"line":91,"column":2},"end":{"line":93,"column":3}},"type":"if","locations":[{"start":{"line":91,"column":2},"end":{"line":93,"column":3}}]},"5":{"loc":{"start":{"line":94,"column":2},"end":{"line":96,"column":3}},"type":"if","locations":[{"start":{"line":94,"column":2},"end":{"line":96,"column":3}}]},"6":{"loc":{"start":{"line":120,"column":2},"end":{"line":120,"column":58}},"type":"if","locations":[{"start":{"line":120,"column":2},"end":{"line":120,"column":58}}]},"7":{"loc":{"start":{"line":123,"column":2},"end":{"line":126,"column":3}},"type":"if","locations":[{"start":{"line":123,"column":2},"end":{"line":126,"column":3}}]},"8":{"loc":{"start":{"line":129,"column":12},"end":{"line":129,"column":57}},"type":"binary-expr","locations":[{"start":{"line":129,"column":12},"end":{"line":129,"column":27}},{"start":{"line":129,"column":31},"end":{"line":129,"column":57}}]},"9":{"loc":{"start":{"line":130,"column":13},"end":{"line":130,"column":42}},"type":"binary-expr","locations":[{"start":{"line":130,"column":13},"end":{"line":130,"column":29}},{"start":{"line":130,"column":33},"end":{"line":130,"column":42}}]},"10":{"loc":{"start":{"line":151,"column":17},"end":{"line":151,"column":52}},"type":"binary-expr","locations":[{"start":{"line":151,"column":17},"end":{"line":151,"column":47}},{"start":{"line":151,"column":51},"end":{"line":151,"column":52}}]},"11":{"loc":{"start":{"line":154,"column":20},"end":{"line":154,"column":67}},"type":"binary-expr","locations":[{"start":{"line":154,"column":20},"end":{"line":154,"column":59}},{"start":{"line":154,"column":63},"end":{"line":154,"column":67}}]},"12":{"loc":{"start":{"line":160,"column":13},"end":{"line":160,"column":61}},"type":"cond-expr","locations":[{"start":{"line":160,"column":36},"end":{"line":160,"column":47}},{"start":{"line":160,"column":50},"end":{"line":160,"column":61}}]},"13":{"loc":{"start":{"line":164,"column":19},"end":{"line":164,"column":46}},"type":"binary-expr","locations":[{"start":{"line":164,"column":19},"end":{"line":164,"column":38}},{"start":{"line":164,"column":42},"end":{"line":164,"column":46}}]},"14":{"loc":{"start":{"line":178,"column":2},"end":{"line":181,"column":3}},"type":"if","locations":[{"start":{"line":178,"column":2},"end":{"line":181,"column":3}}]},"15":{"loc":{"start":{"line":178,"column":6},"end":{"line":178,"column":64}},"type":"binary-expr","locations":[{"start":{"line":178,"column":6},"end":{"line":178,"column":36}},{"start":{"line":178,"column":40},"end":{"line":178,"column":64}}]},"16":{"loc":{"start":{"line":184,"column":55},"end":{"line":184,"column":82}},"type":"binary-expr","locations":[{"start":{"line":184,"column":55},"end":{"line":184,"column":74}},{"start":{"line":184,"column":78},"end":{"line":184,"column":82}}]},"17":{"loc":{"start":{"line":187,"column":2},"end":{"line":191,"column":3}},"type":"if","locations":[{"start":{"line":187,"column":2},"end":{"line":191,"column":3}}]},"18":{"loc":{"start":{"line":199,"column":17},"end":{"line":199,"column":44}},"type":"binary-expr","locations":[{"start":{"line":199,"column":17},"end":{"line":199,"column":36}},{"start":{"line":199,"column":40},"end":{"line":199,"column":44}}]},"19":{"loc":{"start":{"line":208,"column":20},"end":{"line":208,"column":50}},"type":"binary-expr","locations":[{"start":{"line":208,"column":20},"end":{"line":208,"column":42}},{"start":{"line":208,"column":46},"end":{"line":208,"column":50}}]},"20":{"loc":{"start":{"line":214,"column":2},"end":{"line":216,"column":3}},"type":"if","locations":[{"start":{"line":214,"column":2},"end":{"line":216,"column":3}}]},"21":{"loc":{"start":{"line":214,"column":6},"end":{"line":214,"column":48}},"type":"binary-expr","locations":[{"start":{"line":214,"column":6},"end":{"line":214,"column":25}},{"start":{"line":214,"column":29},"end":{"line":214,"column":48}}]},"22":{"loc":{"start":{"line":248,"column":2},"end":{"line":248,"column":103}},"type":"if","locations":[{"start":{"line":248,"column":2},"end":{"line":248,"column":103}}]},"23":{"loc":{"start":{"line":250,"column":2},"end":{"line":250,"column":50}},"type":"if","locations":[{"start":{"line":250,"column":2},"end":{"line":250,"column":50}}]},"24":{"loc":{"start":{"line":252,"column":2},"end":{"line":252,"column":69}},"type":"if","locations":[{"start":{"line":252,"column":2},"end":{"line":252,"column":69}}]},"25":{"loc":{"start":{"line":252,"column":24},"end":{"line":252,"column":54}},"type":"binary-expr","locations":[{"start":{"line":252,"column":24},"end":{"line":252,"column":48}},{"start":{"line":252,"column":52},"end":{"line":252,"column":54}}]},"26":{"loc":{"start":{"line":254,"column":2},"end":{"line":254,"column":59}},"type":"if","locations":[{"start":{"line":254,"column":2},"end":{"line":254,"column":59}}]},"27":{"loc":{"start":{"line":263,"column":2},"end":{"line":263,"column":34}},"type":"if","locations":[{"start":{"line":263,"column":2},"end":{"line":263,"column":34}}]},"28":{"loc":{"start":{"line":276,"column":19},"end":{"line":276,"column":70}},"type":"binary-expr","locations":[{"start":{"line":276,"column":19},"end":{"line":276,"column":48}},{"start":{"line":276,"column":52},"end":{"line":276,"column":70}}]},"29":{"loc":{"start":{"line":279,"column":22},"end":{"line":279,"column":65}},"type":"cond-expr","locations":[{"start":{"line":279,"column":60},"end":{"line":279,"column":61}},{"start":{"line":279,"column":64},"end":{"line":279,"column":65}}]},"30":{"loc":{"start":{"line":287,"column":16},"end":{"line":287,"column":47}},"type":"binary-expr","locations":[{"start":{"line":287,"column":16},"end":{"line":287,"column":34}},{"start":{"line":287,"column":38},"end":{"line":287,"column":47}}]},"31":{"loc":{"start":{"line":292,"column":21},"end":{"line":292,"column":52}},"type":"binary-expr","locations":[{"start":{"line":292,"column":21},"end":{"line":292,"column":39}},{"start":{"line":292,"column":43},"end":{"line":292,"column":52}}]},"32":{"loc":{"start":{"line":294,"column":20},"end":{"line":294,"column":44}},"type":"binary-expr","locations":[{"start":{"line":294,"column":20},"end":{"line":294,"column":39}},{"start":{"line":294,"column":43},"end":{"line":294,"column":44}}]},"33":{"loc":{"start":{"line":309,"column":24},"end":{"line":309,"column":47}},"type":"binary-expr","locations":[{"start":{"line":309,"column":24},"end":{"line":309,"column":41}},{"start":{"line":309,"column":45},"end":{"line":309,"column":47}}]},"34":{"loc":{"start":{"line":323,"column":9},"end":{"line":323,"column":48}},"type":"binary-expr","locations":[{"start":{"line":323,"column":9},"end":{"line":323,"column":28}},{"start":{"line":323,"column":32},"end":{"line":323,"column":48}}]},"35":{"loc":{"start":{"line":339,"column":4},"end":{"line":341,"column":25}},"type":"cond-expr","locations":[{"start":{"line":340,"column":8},"end":{"line":340,"column":73}},{"start":{"line":341,"column":8},"end":{"line":341,"column":25}}]},"36":{"loc":{"start":{"line":342,"column":4},"end":{"line":344,"column":25}},"type":"cond-expr","locations":[{"start":{"line":343,"column":8},"end":{"line":343,"column":62}},{"start":{"line":344,"column":8},"end":{"line":344,"column":25}}]},"37":{"loc":{"start":{"line":378,"column":19},"end":{"line":378,"column":54}},"type":"binary-expr","locations":[{"start":{"line":378,"column":19},"end":{"line":378,"column":41}},{"start":{"line":378,"column":45},"end":{"line":378,"column":54}}]},"38":{"loc":{"start":{"line":379,"column":35},"end":{"line":379,"column":72}},"type":"binary-expr","locations":[{"start":{"line":379,"column":35},"end":{"line":379,"column":59}},{"start":{"line":379,"column":63},"end":{"line":379,"column":72}}]},"39":{"loc":{"start":{"line":380,"column":33},"end":{"line":380,"column":68}},"type":"binary-expr","locations":[{"start":{"line":380,"column":33},"end":{"line":380,"column":55}},{"start":{"line":380,"column":59},"end":{"line":380,"column":68}}]},"40":{"loc":{"start":{"line":381,"column":54},"end":{"line":381,"column":95}},"type":"binary-expr","locations":[{"start":{"line":381,"column":54},"end":{"line":381,"column":89}},{"start":{"line":381,"column":93},"end":{"line":381,"column":95}}]},"41":{"loc":{"start":{"line":382,"column":29},"end":{"line":382,"column":70}},"type":"binary-expr","locations":[{"start":{"line":382,"column":29},"end":{"line":382,"column":60}},{"start":{"line":382,"column":64},"end":{"line":382,"column":70}}]},"42":{"loc":{"start":{"line":391,"column":18},"end":{"line":391,"column":50}},"type":"cond-expr","locations":[{"start":{"line":391,"column":29},"end":{"line":391,"column":38}},{"start":{"line":391,"column":41},"end":{"line":391,"column":50}}]},"43":{"loc":{"start":{"line":395,"column":22},"end":{"line":395,"column":64}},"type":"cond-expr","locations":[{"start":{"line":395,"column":33},"end":{"line":395,"column":45}},{"start":{"line":395,"column":48},"end":{"line":395,"column":64}}]}},"s":{"0":1,"1":1,"2":1,"3":1,"4":1,"5":1,"6":1,"7":1,"8":1,"9":1,"10":1,"11":1,"12":1,"13":1,"14":1,"15":1,"16":1,"17":16,"18":13,"19":3,"20":1,"21":2,"22":1,"23":1,"24":19,"25":3,"26":3,"27":3,"28":1,"29":3,"30":3,"31":1,"32":2,"33":3,"34":1,"35":1,"36":3,"37":1,"38":20,"39":20,"40":20,"41":20,"42":1,"43":19,"44":19,"45":1,"46":1,"47":18,"48":18,"49":18,"50":18,"51":18,"52":18,"53":16,"54":16,"55":16,"56":16,"57":2,"58":2,"59":2,"60":0,"61":2,"62":16,"63":16,"64":16,"65":1,"66":1,"67":16,"68":16,"69":2,"70":1,"71":16,"72":16,"73":16,"74":1,"75":16,"76":16,"77":6,"78":16,"79":16,"80":16,"81":3,"82":13,"83":1,"84":12,"85":2,"86":10,"87":1,"88":9,"89":6,"90":0,"91":6,"92":6,"93":6,"94":6,"95":6,"96":6,"97":6,"98":6,"99":16,"100":16,"101":16,"102":18,"103":18,"104":3,"105":3,"106":11,"107":3},"f":{"0":16,"1":19,"2":3,"3":3,"4":2,"5":1,"6":1,"7":20,"8":0,"9":1,"10":1,"11":16,"12":6,"13":6,"14":6,"15":16,"16":18,"17":18,"18":3,"19":11},"b":{"0":[13],"1":[1],"2":[1],"3":[1],"4":[1],"5":[1],"6":[1],"7":[1],"8":[18,1],"9":[18,17],"10":[16,0],"11":[16,0],"12":[2,0],"13":[2,0],"14":[1],"15":[16,15],"16":[16,0],"17":[2],"18":[16,0],"19":[16,0],"20":[6],"21":[16,7],"22":[3],"23":[1],"24":[2],"25":[12,0],"26":[1],"27":[0],"28":[6,0],"29":[0,6],"30":[6,0],"31":[6,0],"32":[6,0],"33":[6,0],"34":[6,0],"35":[1,15],"36":[16,0],"37":[18,0],"38":[18,0],"39":[18,0],"40":[18,0],"41":[18,0],"42":[1,2],"43":[1,2]}}
}
