TN:
SF:src/lib/dlq.ts
FN:21,getDLQQueue
FN:50,moveToDLQ
FN:89,registerDLQHandler
FN:93,(anonymous_3)
FNF:4
FNH:0
FNDA:0,getDLQQueue
FNDA:0,moveToDLQ
FNDA:0,registerDLQHandler
FNDA:0,(anonymous_3)
DA:13,0
DA:14,0
DA:15,0
DA:17,0
DA:19,0
DA:22,0
DA:23,0
DA:31,0
DA:50,0
DA:60,0
DA:70,0
DA:71,0
DA:72,0
DA:80,0
DA:89,0
DA:93,0
DA:94,0
DA:103,0
DA:104,0
DA:106,0
DA:107,0
DA:108,0
LF:22
LH:0
BRDA:22,0,0,0
BRDA:66,1,0,0
BRDA:66,1,1,0
BRDA:83,2,0,0
BRDA:83,2,1,0
BRDA:104,3,0,0
BRDA:104,4,0,0
BRDA:104,4,1,0
BRDA:106,5,0,0
BRDA:106,5,1,0
BRDA:107,6,0,0
BRF:11
BRH:0
end_of_record
TN:
SF:src/modules/ai-campaign-brain/ai-campaign-brain.controller.ts
FN:12,getBrief
FN:27,approveBriefHandler
FN:48,rejectBriefHandler
FNF:3
FNH:3
FNDA:7,getBrief
FNDA:6,approveBriefHandler
FNDA:5,rejectBriefHandler
DA:2,3
DA:3,3
DA:8,3
DA:9,3
DA:12,3
DA:13,7
DA:14,7
DA:15,7
DA:17,5
DA:18,4
DA:20,2
DA:22,5
DA:27,3
DA:32,6
DA:33,6
DA:34,6
DA:36,5
DA:37,2
DA:39,4
DA:40,2
DA:42,2
DA:48,3
DA:53,5
DA:54,5
DA:55,5
DA:57,4
DA:58,2
DA:60,3
DA:61,1
DA:63,2
LF:30
LH:30
BRDA:15,0,0,2
BRDA:18,1,0,2
BRDA:34,2,0,1
BRDA:39,3,0,2
BRDA:39,3,1,2
BRDA:39,4,0,4
BRDA:39,4,1,4
BRDA:55,5,0,1
BRDA:60,6,0,1
BRDA:60,6,1,2
BRDA:60,7,0,3
BRDA:60,7,1,3
BRF:12
BRH:12
end_of_record
TN:
SF:src/modules/ai-campaign-brain/ai-campaign-brain.repository.ts
FN:19,upsertCampaignBrief
FN:62,findBriefByCampaignId
FN:70,findCampaignBrief
FN:80,approveBrief
FN:88,rejectBrief
FN:96,getCampaignLeadStats
FN:146,(anonymous_6)
FN:148,(anonymous_7)
FNF:8
FNH:8
FNDA:5,upsertCampaignBrief
FNDA:3,findBriefByCampaignId
FNDA:2,findCampaignBrief
FNDA:1,approveBrief
FNDA:1,rejectBrief
FNDA:4,getCampaignLeadStats
FNDA:7,(anonymous_6)
FNDA:8,(anonymous_7)
DA:1,6
DA:19,6
DA:20,5
DA:58,5
DA:59,4
DA:62,6
DA:63,3
DA:70,6
DA:71,2
DA:80,6
DA:81,1
DA:88,6
DA:89,1
DA:96,6
DA:103,4
DA:109,4
DA:111,3
DA:130,3
DA:139,3
DA:140,3
DA:141,12
DA:142,26
DA:145,3
DA:146,7
DA:148,8
DA:150,3
LF:26
LH:26
BRDA:58,0,0,1
BRDA:109,1,0,1
BRDA:141,2,0,12
BRDA:141,2,1,1
BRDA:142,3,0,26
BRDA:142,3,1,9
BRDA:152,4,0,3
BRDA:152,4,1,0
BRDA:153,5,0,3
BRDA:153,5,1,0
BRDA:154,6,0,3
BRDA:154,6,1,0
BRF:12
BRH:9
end_of_record
TN:
SF:src/modules/ai-campaign-brain/ai-campaign-brain.routes.ts
FNF:0
FNH:0
DA:1,2
DA:2,2
DA:3,2
DA:4,2
DA:6,2
DA:9,2
DA:17,2
DA:24,2
DA:31,2
LF:9
LH:9
BRF:0
BRH:0
end_of_record
TN:
SF:src/modules/ai-campaign-brain/ai-campaign-brain.schema.ts
FNF:0
FNH:0
DA:1,3
DA:4,3
LF:2
LH:2
BRF:0
BRH:0
end_of_record
TN:
SF:src/modules/ai-campaign-brain/ai-campaign-brain.service.ts
FN:45,getCampaignBrief
FN:50,approveCampaignBrief
FN:62,rejectCampaignBrief
FN:81,generateCampaignBrief
FN:135,(anonymous_5)
FN:183,(anonymous_6)
FN:200,buildBriefSystemPrompt
FN:217,buildBriefUserPrompt
FNF:8
FNH:6
FNDA:2,getCampaignBrief
FNDA:2,approveCampaignBrief
FNDA:2,rejectCampaignBrief
FNDA:8,generateCampaignBrief
FNDA:0,(anonymous_5)
FNDA:0,(anonymous_6)
FNDA:6,buildBriefSystemPrompt
FNDA:6,buildBriefUserPrompt
DA:1,3
DA:2,3
DA:3,3
DA:4,3
DA:5,3
DA:6,3
DA:7,3
DA:8,3
DA:17,3
DA:21,3
DA:45,3
DA:46,2
DA:50,3
DA:54,2
DA:55,2
DA:56,1
DA:57,1
DA:58,1
DA:62,3
DA:63,2
DA:64,2
DA:65,1
DA:66,1
DA:67,1
DA:81,3
DA:85,8
DA:87,8
DA:88,8
DA:90,7
DA:91,7
DA:93,6
DA:98,6
DA:99,6
DA:102,6
DA:104,6
DA:105,6
DA:116,4
DA:117,4
DA:119,4
DA:120,4
DA:122,4
DA:123,4
DA:127,4
DA:135,0
DA:136,4
DA:139,2
DA:141,2
DA:157,2
DA:167,2
DA:183,0
DA:185,2
DA:195,2
DA:201,6
DA:218,6
LF:54
LH:52
BRDA:55,0,0,1
BRDA:64,1,0,1
BRDA:88,2,0,1
BRDA:91,3,0,1
BRDA:94,4,0,6
BRDA:94,4,1,1
BRDA:95,5,0,6
BRDA:95,5,1,1
BRDA:116,6,0,4
BRDA:116,6,1,0
BRDA:119,7,0,4
BRDA:119,7,1,0
BRDA:125,8,0,3
BRDA:125,8,1,1
BRDA:221,9,0,6
BRDA:221,9,1,0
BRDA:221,10,0,6
BRDA:221,10,1,0
BRDA:225,11,0,6
BRDA:225,11,1,0
BRF:20
BRH:15
end_of_record
TN:
SF:src/modules/ai-inbox/ai-inbox.controller.ts
FN:7,getInbox
FN:31,actionInboxItem
FNF:2
FNH:0
FNDA:0,getInbox
FNDA:0,actionInboxItem
DA:2,0
DA:3,0
DA:4,0
DA:5,0
DA:7,0
DA:8,0
DA:9,0
DA:10,0
DA:12,0
DA:13,0
DA:21,0
DA:27,0
DA:31,0
DA:32,0
DA:33,0
DA:34,0
DA:36,0
DA:37,0
DA:39,0
DA:40,0
DA:42,0
DA:43,0
DA:45,0
LF:23
LH:0
BRDA:10,0,0,0
BRDA:34,1,0,0
BRDA:42,2,0,0
BRDA:42,2,1,0
BRDA:42,3,0,0
BRDA:42,3,1,0
BRF:6
BRH:0
end_of_record
TN:
SF:src/modules/ai-inbox/ai-inbox.repository.ts
FN:4,createInboxItem
FN:29,findInboxItems
FN:61,countInboxItems
FN:70,findInboxItemById
FN:77,actionInboxItem
FN:97,autoResolveItemsForLead
FN:107,expireGuardedItems
FNF:7
FNH:0
FNDA:0,createInboxItem
FNDA:0,findInboxItems
FNDA:0,countInboxItems
FNDA:0,findInboxItemById
FNDA:0,actionInboxItem
FNDA:0,autoResolveItemsForLead
FNDA:0,expireGuardedItems
DA:1,0
DA:4,0
DA:5,0
DA:25,0
DA:26,0
DA:29,0
DA:30,0
DA:31,0
DA:32,0
DA:34,0
DA:35,0
DA:36,0
DA:39,0
DA:42,0
DA:43,0
DA:44,0
DA:47,0
DA:48,0
DA:50,0
DA:58,0
DA:61,0
DA:62,0
DA:67,0
DA:70,0
DA:71,0
DA:77,0
DA:78,0
DA:97,0
DA:98,0
DA:107,0
DA:108,0
DA:117,0
LF:32
LH:0
BRDA:14,0,0,0
BRDA:14,0,1,0
BRDA:15,1,0,0
BRDA:15,1,1,0
BRDA:18,2,0,0
BRDA:18,2,1,0
BRDA:20,3,0,0
BRDA:20,3,1,0
BRDA:21,4,0,0
BRDA:21,4,1,0
BRDA:22,5,0,0
BRDA:22,5,1,0
BRDA:25,6,0,0
BRDA:34,7,0,0
BRDA:34,7,1,0
BRDA:42,8,0,0
BRDA:47,9,0,0
BRDA:47,9,1,0
BRDA:48,10,0,0
BRDA:48,10,1,0
BRDA:67,11,0,0
BRDA:67,11,1,0
BRDA:90,12,0,0
BRDA:90,12,1,0
BRDA:91,13,0,0
BRDA:91,13,1,0
BRF:26
BRH:0
end_of_record
TN:
SF:src/modules/ai-inbox/ai-inbox.routes.ts
FNF:0
FNH:0
DA:1,0
DA:2,0
DA:3,0
DA:4,0
DA:6,0
DA:9,0
DA:12,0
DA:14,0
LF:8
LH:0
BRF:0
BRH:0
end_of_record
TN:
SF:src/modules/ai-inbox/ai-inbox.schema.ts
FNF:0
FNH:0
DA:1,0
DA:3,0
DA:13,0
LF:3
LH:0
BRF:0
BRH:0
end_of_record
TN:
SF:src/modules/ai-inbox/ai-inbox.service.ts
FN:17,createItem
FN:29,listItems
FN:40,actionItem
FN:72,runExpirySweep
FNF:4
FNH:0
FNDA:0,createItem
FNDA:0,listItems
FNDA:0,actionItem
FNDA:0,runExpirySweep
DA:1,0
DA:2,0
DA:3,0
DA:17,0
DA:18,0
DA:19,0
DA:20,0
DA:26,0
DA:29,0
DA:33,0
DA:37,0
DA:40,0
DA:46,0
DA:47,0
DA:49,0
DA:51,0
DA:57,0
DA:59,0
DA:60,0
DA:64,0
DA:72,0
DA:73,0
DA:75,0
DA:76,0
DA:77,0
DA:83,0
LF:26
LH:0
BRDA:47,0,0,0
BRDA:54,1,0,0
BRDA:54,1,1,0
BRDA:57,2,0,0
BRF:4
BRH:0
end_of_record
TN:
SF:src/modules/ai-intelligence/ai-intelligence.controller.ts
FN:12,getLeadProfile
FN:31,getLeadDecisionLog
FN:56,getDecisionLog
FNF:3
FNH:3
FNDA:7,getLeadProfile
FNDA:6,getLeadDecisionLog
FNDA:7,getDecisionLog
DA:2,3
DA:7,3
DA:8,3
DA:9,3
DA:12,3
DA:17,7
DA:18,7
DA:19,7
DA:21,5
DA:22,4
DA:24,2
DA:26,5
DA:31,3
DA:36,6
DA:37,6
DA:38,6
DA:40,5
DA:41,5
DA:43,4
DA:49,3
DA:51,3
DA:56,3
DA:61,7
DA:62,7
DA:63,7
DA:65,4
DA:71,3
DA:73,4
LF:28
LH:28
BRDA:19,0,0,2
BRDA:22,1,0,2
BRDA:38,2,0,1
BRDA:41,3,0,1
BRDA:63,4,0,3
BRF:5
BRH:5
end_of_record
TN:
SF:src/modules/ai-intelligence/ai-intelligence.repository.ts
FN:11,findAiProfileByLeadId
FN:19,upsertAiProfile
FN:66,setEnrichmentStatus
FN:78,updateNextBestAction
FN:102,listDecisionLogsByLead
FN:123,listDecisionLogs
FN:151,insertDecisionLog
FNF:7
FNH:7
FNDA:2,findAiProfileByLeadId
FNDA:1,upsertAiProfile
FNDA:4,setEnrichmentStatus
FNDA:2,updateNextBestAction
FNDA:2,listDecisionLogsByLead
FNDA:3,listDecisionLogs
FNDA:2,insertDecisionLog
DA:1,7
DA:11,7
DA:12,2
DA:16,2
DA:19,7
DA:20,1
DA:63,1
DA:66,7
DA:70,4
DA:78,7
DA:84,2
DA:94,2
DA:95,1
DA:97,1
DA:102,7
DA:107,2
DA:120,2
DA:123,7
DA:128,3
DA:129,3
DA:130,3
DA:131,2
DA:132,2
DA:134,3
DA:136,3
DA:141,3
DA:148,3
DA:151,7
DA:152,2
DA:174,2
LF:30
LH:30
BRDA:16,0,0,2
BRDA:16,0,1,1
BRDA:48,1,0,1
BRDA:48,1,1,0
BRDA:49,2,0,1
BRDA:49,2,1,0
BRDA:50,3,0,1
BRDA:50,3,1,0
BRDA:51,4,0,1
BRDA:51,4,1,0
BRDA:52,5,0,1
BRDA:52,5,1,0
BRDA:53,6,0,1
BRDA:53,6,1,0
BRDA:54,7,0,1
BRDA:54,7,1,0
BRDA:55,8,0,1
BRDA:55,8,1,0
BRDA:56,9,0,1
BRDA:56,9,1,0
BRDA:57,10,0,1
BRDA:57,10,1,0
BRDA:58,11,0,1
BRDA:58,11,1,0
BRDA:60,12,0,1
BRDA:60,12,1,0
BRDA:94,13,0,1
BRDA:120,14,0,2
BRDA:120,14,1,1
BRDA:130,15,0,2
BRDA:134,16,0,2
BRDA:134,16,1,1
BRDA:148,17,0,3
BRDA:148,17,1,1
BRDA:160,18,0,2
BRDA:160,18,1,1
BRDA:161,19,0,2
BRDA:161,19,1,1
BRDA:164,20,0,2
BRDA:164,20,1,1
BRDA:166,21,0,2
BRDA:166,21,1,1
BRDA:167,22,0,2
BRDA:167,22,1,1
BRDA:168,23,0,2
BRDA:168,23,1,1
BRDA:169,24,0,2
BRDA:169,24,1,1
BRDA:170,25,0,2
BRDA:170,25,1,1
BRDA:171,26,0,2
BRDA:171,26,1,1
BRF:52
BRH:40
end_of_record
TN:
SF:src/modules/ai-intelligence/ai-intelligence.routes.ts
FNF:0
FNH:0
DA:1,2
DA:2,2
DA:3,2
DA:4,2
DA:6,2
DA:9,2
DA:17,2
DA:25,2
DA:27,2
LF:9
LH:9
BRF:0
BRH:0
end_of_record
TN:
SF:src/modules/ai-intelligence/ai-intelligence.schema.ts
FNF:0
FNH:0
DA:1,3
DA:4,3
DA:9,3
DA:15,3
LF:4
LH:4
BRF:0
BRH:0
end_of_record
TN:
SF:src/modules/ai-intelligence/ai-intelligence.service.ts
FN:57,profileCacheKey
FN:61,invalidateProfileCache
FN:67,getAiProfile
FN:68,(anonymous_4)
FN:79,(anonymous_5)
FN:85,getLeadDecisions
FN:95,getDecisions
FN:111,computeNextBestAction
FN:210,researchLead
FN:281,(anonymous_10)
FN:320,(anonymous_11)
FN:343,buildResearchSystemPrompt
FN:365,buildResearchUserPrompt
FN:380,buildNextActionSystemPrompt
FN:395,buildNextActionUserPrompt
FN:404,(anonymous_16)
FNF:16
FNH:12
FNDA:27,profileCacheKey
FNDA:7,invalidateProfileCache
FNDA:15,getAiProfile
FNDA:0,(anonymous_4)
FNDA:0,(anonymous_5)
FNDA:1,getLeadDecisions
FNDA:2,getDecisions
FNDA:11,computeNextBestAction
FNDA:9,researchLead
FNDA:0,(anonymous_10)
FNDA:2,(anonymous_11)
FNDA:6,buildResearchSystemPrompt
FNDA:6,buildResearchUserPrompt
FNDA:6,buildNextActionSystemPrompt
FNDA:6,buildNextActionUserPrompt
FNDA:0,(anonymous_16)
DA:1,4
DA:2,4
DA:3,4
DA:4,4
DA:5,4
DA:6,4
DA:7,4
DA:16,4
DA:17,4
DA:20,4
DA:21,4
DA:22,4
DA:26,4
DA:45,4
DA:58,27
DA:61,4
DA:62,7
DA:67,4
DA:68,15
DA:69,15
DA:70,2
DA:71,2
DA:77,14
DA:78,14
DA:79,5
DA:81,14
DA:85,4
DA:90,1
DA:91,1
DA:95,4
DA:100,2
DA:101,2
DA:111,4
DA:115,11
DA:117,11
DA:118,11
DA:119,11
DA:120,2
DA:121,2
DA:128,9
DA:129,9
DA:130,2
DA:133,7
DA:134,7
DA:135,1
DA:138,6
DA:140,6
DA:145,6
DA:156,4
DA:157,4
DA:159,4
DA:160,4
DA:162,3
DA:169,2
DA:171,2
DA:172,2
DA:180,2
DA:186,7
DA:187,7
DA:192,7
DA:210,4
DA:211,9
DA:214,9
DA:215,8
DA:216,8
DA:217,1
DA:218,1
DA:222,8
DA:224,8
DA:225,8
DA:226,1
DA:227,1
DA:230,7
DA:231,7
DA:232,1
DA:233,1
DA:236,6
DA:241,6
DA:242,6
DA:245,6
DA:247,6
DA:248,6
DA:259,5
DA:260,5
DA:262,5
DA:263,5
DA:264,4
DA:266,2
DA:267,2
DA:272,2
DA:274,2
DA:281,0
DA:283,2
DA:286,4
DA:288,4
DA:305,4
DA:321,2
DA:327,4
DA:329,4
DA:338,4
DA:344,6
DA:366,6
DA:367,6
DA:381,6
DA:401,6
DA:405,0
DA:411,6
LF:107
LH:105
BRDA:69,0,0,2
BRDA:78,1,0,5
BRDA:119,2,0,2
BRDA:119,3,0,11
BRDA:119,3,1,10
BRDA:123,4,0,2
BRDA:123,4,1,1
BRDA:124,5,0,2
BRDA:124,5,1,1
BRDA:129,6,0,2
BRDA:134,7,0,1
BRDA:141,8,0,6
BRDA:141,8,1,0
BRDA:142,9,0,6
BRDA:142,9,1,6
BRDA:156,10,0,4
BRDA:156,10,1,0
BRDA:159,11,0,4
BRDA:159,11,1,0
BRDA:181,12,0,2
BRDA:181,12,1,0
BRDA:182,13,0,2
BRDA:182,13,1,0
BRDA:183,14,0,2
BRDA:183,14,1,0
BRDA:190,15,0,6
BRDA:190,15,1,1
BRDA:210,16,0,8
BRDA:214,17,0,8
BRDA:216,18,0,1
BRDA:225,19,0,1
BRDA:231,20,0,1
BRDA:237,21,0,6
BRDA:237,21,1,0
BRDA:238,22,0,6
BRDA:238,22,1,6
BRDA:259,23,0,5
BRDA:259,23,1,0
BRDA:262,24,0,5
BRDA:262,24,1,0
BRDA:270,25,0,2
BRDA:270,25,1,0
BRDA:323,26,0,1
BRDA:323,26,1,1
BRDA:366,27,0,6
BRDA:366,27,1,0
BRDA:366,28,0,6
BRDA:366,28,1,0
BRDA:370,29,0,6
BRDA:370,29,1,0
BRDA:372,30,0,6
BRDA:372,30,1,0
BRDA:375,31,0,6
BRDA:375,31,1,0
BRDA:375,32,0,6
BRDA:375,32,1,0
BRDA:376,33,0,6
BRDA:376,33,1,6
BRDA:401,34,0,0
BRDA:401,34,1,6
BRDA:406,35,0,0
BRDA:406,35,1,0
BRDA:413,36,0,6
BRDA:413,36,1,0
BRDA:414,37,0,6
BRDA:414,37,1,6
BRDA:415,38,0,6
BRDA:415,38,1,0
BRDA:416,39,0,6
BRDA:416,39,1,0
BRDA:417,40,0,6
BRDA:417,40,1,0
BRDA:417,41,0,6
BRDA:417,41,1,0
BRDA:418,42,0,6
BRDA:418,42,1,0
BRDA:420,43,0,6
BRDA:420,43,1,5
BRDA:421,44,0,6
BRDA:421,44,1,5
BRDA:422,45,0,6
BRDA:422,45,1,5
BRDA:423,46,0,6
BRDA:423,46,1,5
BRDA:424,47,0,6
BRDA:424,47,1,5
BRDA:426,48,0,0
BRDA:426,48,1,6
BRF:88
BRH:62
end_of_record
TN:
SF:src/modules/ai-reply/ai-reply.controller.ts
FN:13,_classifyReplyHandler
FN:37,_getReplyHistoryHandler
FN:68,_triggerReplyClassificationHandler
FNF:3
FNH:3
FNDA:4,_classifyReplyHandler
FNDA:4,_getReplyHistoryHandler
FNDA:5,_triggerReplyClassificationHandler
DA:2,3
DA:3,3
DA:8,3
DA:9,3
DA:10,3
DA:11,3
DA:18,4
DA:19,4
DA:20,4
DA:21,1
DA:24,3
DA:31,2
DA:33,2
DA:42,4
DA:43,4
DA:44,4
DA:45,1
DA:48,3
DA:56,2
DA:64,2
DA:73,5
DA:74,5
DA:75,5
DA:76,5
DA:77,1
DA:80,4
DA:81,4
DA:82,1
DA:85,3
DA:92,2
DA:94,3
DA:98,3
DA:99,3
DA:100,3
LF:34
LH:34
BRDA:20,0,0,1
BRDA:44,1,0,1
BRDA:76,2,0,1
BRDA:81,3,0,1
BRDA:87,4,0,3
BRDA:87,4,1,1
BRDA:88,5,0,3
BRDA:88,5,1,1
BRF:8
BRH:8
end_of_record
TN:
SF:src/modules/ai-reply/ai-reply.repository.ts
FN:4,upsertConversationSummary
FN:25,appendObjectionToProfile
FN:40,appendBuyingSignalToProfile
FN:54,updateProfileNextAction
FN:72,getLeadCampaignContext
FN:107,moveLeadToStageByName
FNF:6
FNH:6
FNDA:1,upsertConversationSummary
FNDA:2,appendObjectionToProfile
FNDA:1,appendBuyingSignalToProfile
FNDA:1,updateProfileNextAction
FNDA:3,getLeadCampaignContext
FNDA:3,moveLeadToStageByName
DA:1,2
DA:4,2
DA:10,1
DA:25,2
DA:30,2
DA:31,2
DA:40,2
DA:44,1
DA:45,1
DA:54,2
DA:60,1
DA:72,2
DA:78,3
DA:97,3
DA:99,2
DA:107,2
DA:108,3
DA:112,3
DA:114,2
LF:19
LH:19
BRDA:97,0,0,1
BRDA:102,1,0,2
BRDA:102,1,1,1
BRDA:103,2,0,2
BRDA:103,2,1,1
BRDA:112,3,0,1
BRF:6
BRH:6
end_of_record
TN:
SF:src/modules/ai-reply/ai-reply.routes.ts
FNF:0
FNH:0
DA:1,2
DA:2,2
DA:3,2
DA:4,2
DA:10,2
DA:12,2
DA:19,2
DA:26,2
DA:33,2
LF:9
LH:9
BRF:0
BRH:0
end_of_record
TN:
SF:src/modules/ai-reply/ai-reply.schema.ts
FNF:0
FNH:0
DA:1,4
DA:3,4
DA:11,4
LF:3
LH:3
BRF:0
BRH:0
end_of_record
TN:
SF:src/modules/ai-reply/ai-reply.service.ts
FN:50,intentToSentiment
FN:70,classifyInboundReply
FN:74,getReplyHistory
FN:89,(anonymous_4)
FN:92,(anonymous_5)
FN:95,(anonymous_6)
FN:101,triggerClassification
FN:110,classifyReply
FN:170,(anonymous_9)
FN:188,(anonymous_10)
FN:209,(anonymous_11)
FN:243,shouldRouteToInbox
FN:258,routeToInbox
FN:298,intentUrgencyScore
FN:312,buildInboxTitle
FN:328,persistMemoryUpdates
FN:350,buildReplySystemPrompt
FN:369,buildReplyUserPrompt
FN:387,buildFallbackClassification
FN:389,(anonymous_20)
FNF:20
FNH:20
FNDA:16,intentToSentiment
FNDA:21,classifyInboundReply
FNDA:3,getReplyHistory
FNDA:3,(anonymous_4)
FNDA:2,(anonymous_5)
FNDA:1,(anonymous_6)
FNDA:1,triggerClassification
FNDA:22,classifyReply
FNDA:1,(anonymous_9)
FNDA:1,(anonymous_10)
FNDA:1,(anonymous_11)
FNDA:16,shouldRouteToInbox
FNDA:6,routeToInbox
FNDA:6,intentUrgencyScore
FNDA:6,buildInboxTitle
FNDA:16,persistMemoryUpdates
FNDA:20,buildReplySystemPrompt
FNDA:20,buildReplyUserPrompt
FNDA:5,buildFallbackClassification
FNDA:17,(anonymous_20)
DA:1,1
DA:2,1
DA:3,1
DA:4,1
DA:5,1
DA:6,1
DA:11,1
DA:12,1
DA:13,1
DA:14,1
DA:22,1
DA:25,1
DA:29,1
DA:51,16
DA:52,3
DA:53,2
DA:54,1
DA:70,1
DA:71,21
DA:74,1
DA:81,3
DA:87,3
DA:88,3
DA:89,3
DA:91,3
DA:92,2
DA:94,3
DA:95,1
DA:98,3
DA:101,1
DA:102,1
DA:110,1
DA:111,22
DA:112,22
DA:114,22
DA:120,22
DA:122,21
DA:123,21
DA:124,1
DA:125,1
DA:128,20
DA:133,20
DA:134,20
DA:137,20
DA:139,20
DA:140,20
DA:151,16
DA:152,16
DA:154,16
DA:155,16
DA:157,4
DA:158,4
DA:162,4
DA:170,1
DA:171,4
DA:174,16
DA:175,16
DA:178,16
DA:179,1
DA:180,1
DA:184,16
DA:187,16
DA:188,2
DA:189,1
DA:193,16
DA:194,16
DA:197,16
DA:209,1
DA:212,16
DA:214,16
DA:215,6
DA:218,16
DA:226,16
DA:248,16
DA:250,13
DA:252,12
DA:254,10
DA:255,9
DA:263,6
DA:265,6
DA:276,6
DA:277,6
DA:284,6
DA:299,6
DA:309,6
DA:313,6
DA:323,6
DA:334,16
DA:335,16
DA:337,16
DA:351,20
DA:375,20
DA:388,5
DA:389,17
DA:390,5
LF:95
LH:95
BRDA:51,0,0,13
BRDA:52,1,0,1
BRDA:53,2,0,1
BRDA:88,3,0,1
BRDA:91,4,0,1
BRDA:94,5,0,1
BRDA:120,6,0,1
BRDA:123,7,0,1
BRDA:129,8,0,20
BRDA:129,8,1,1
BRDA:130,9,0,20
BRDA:130,9,1,19
BRDA:151,10,0,16
BRDA:151,10,1,0
BRDA:154,11,0,16
BRDA:154,11,1,0
BRDA:160,12,0,3
BRDA:160,12,1,1
BRDA:164,13,0,4
BRDA:164,13,1,0
BRDA:178,14,0,1
BRDA:178,15,0,16
BRDA:178,15,1,15
BRDA:184,16,0,16
BRDA:184,16,1,0
BRDA:187,17,0,2
BRDA:199,18,0,16
BRDA:199,18,1,0
BRDA:208,19,0,16
BRDA:208,19,1,0
BRDA:214,20,0,6
BRDA:214,21,0,16
BRDA:214,21,1,7
BRDA:248,22,0,3
BRDA:250,23,0,1
BRDA:252,24,0,2
BRDA:252,25,0,12
BRDA:252,25,1,0
BRDA:254,26,0,1
BRDA:263,27,0,0
BRDA:276,28,0,6
BRDA:276,28,1,0
BRDA:279,29,0,0
BRDA:279,29,1,6
BRDA:287,30,0,6
BRDA:287,30,1,0
BRDA:292,31,0,6
BRDA:292,31,1,0
BRDA:294,32,0,6
BRDA:294,32,1,0
BRDA:309,33,0,6
BRDA:309,33,1,0
BRDA:323,34,0,6
BRDA:323,34,1,0
BRDA:339,35,0,1
BRDA:339,35,1,15
BRDA:342,36,0,16
BRDA:342,36,1,0
BRDA:378,37,0,20
BRDA:378,37,1,0
BRDA:379,38,0,20
BRDA:379,38,1,0
BRDA:380,39,0,20
BRDA:380,39,1,0
BRDA:381,40,0,20
BRDA:381,40,1,0
BRDA:382,41,0,20
BRDA:382,41,1,0
BRDA:391,42,0,2
BRDA:391,42,1,3
BRDA:395,43,0,2
BRDA:395,43,1,3
BRF:72
BRH:51
end_of_record
TN:
SF:src/modules/ai-settings/ai-settings.controller.ts
FN:6,getAiSettingsHandler
FN:19,updateAiSettingsHandler
FNF:2
FNH:0
FNDA:0,getAiSettingsHandler
FNDA:0,updateAiSettingsHandler
DA:2,0
DA:3,0
DA:4,0
DA:6,0
DA:11,0
DA:12,0
DA:13,0
DA:15,0
DA:19,0
DA:24,0
DA:25,0
DA:26,0
DA:27,0
DA:29,0
LF:14
LH:0
BRF:0
BRH:0
end_of_record
TN:
SF:src/modules/ai-settings/ai-settings.repository.ts
FN:18,findAiSettings
FN:41,upsertAiSettings
FNF:2
FNH:0
FNDA:0,findAiSettings
FNDA:0,upsertAiSettings
DA:1,6
DA:18,6
DA:19,0
DA:26,0
DA:41,6
DA:44,0
DA:45,0
DA:47,0
DA:48,0
DA:49,0
DA:51,0
DA:52,0
DA:53,0
DA:55,0
DA:56,0
DA:57,0
DA:59,0
DA:60,0
DA:61,0
DA:63,0
DA:64,0
DA:65,0
DA:67,0
DA:68,0
DA:69,0
DA:71,0
DA:72,0
DA:73,0
DA:75,0
DA:76,0
DA:77,0
DA:79,0
DA:80,0
DA:81,0
DA:85,0
DA:91,0
DA:99,0
LF:37
LH:3
BRDA:26,0,0,0
BRDA:26,0,1,0
BRDA:47,1,0,0
BRDA:51,2,0,0
BRDA:55,3,0,0
BRDA:59,4,0,0
BRDA:63,5,0,0
BRDA:67,6,0,0
BRDA:71,7,0,0
BRDA:75,8,0,0
BRDA:79,9,0,0
BRF:11
BRH:0
end_of_record
TN:
SF:src/modules/ai-settings/ai-settings.routes.ts
FNF:0
FNH:0
DA:1,0
DA:2,0
DA:3,0
DA:4,0
DA:5,0
DA:6,0
DA:8,0
DA:10,0
DA:16,0
DA:26,0
DA:32,0
LF:11
LH:0
BRF:0
BRH:0
end_of_record
TN:
SF:src/modules/ai-settings/ai-settings.schema.ts
FNF:0
FNH:0
DA:1,0
DA:3,0
LF:2
LH:0
BRF:0
BRH:0
end_of_record
TN:
SF:src/modules/ai-settings/ai-settings.service.ts
FN:27,getEncryptionKey
FN:34,encrypt
FN:49,decrypt
FN:67,getAiSettingsPublic
FN:85,updateAiSettings
FN:130,getAiConfig
FNF:6
FNH:0
FNDA:0,getEncryptionKey
FNDA:0,encrypt
FNDA:0,decrypt
FNDA:0,getAiSettingsPublic
FNDA:0,updateAiSettings
FNDA:0,getAiConfig
DA:14,6
DA:15,6
DA:18,6
DA:19,6
DA:23,6
DA:24,6
DA:25,6
DA:28,0
DA:29,0
DA:30,0
DA:31,0
DA:35,0
DA:36,0
DA:37,0
DA:40,0
DA:42,0
DA:43,0
DA:44,0
DA:45,0
DA:46,0
DA:50,0
DA:51,0
DA:52,0
DA:53,0
DA:54,0
DA:56,0
DA:57,0
DA:58,0
DA:59,0
DA:60,0
DA:61,0
DA:62,0
DA:67,6
DA:68,0
DA:69,0
DA:70,0
DA:85,6
DA:89,0
DA:91,0
DA:92,0
DA:93,0
DA:94,0
DA:95,0
DA:96,0
DA:97,0
DA:98,0
DA:99,0
DA:102,0
DA:103,0
DA:106,0
DA:108,0
DA:110,0
DA:130,6
DA:139,0
DA:140,0
DA:142,0
DA:143,0
DA:144,0
DA:145,0
DA:148,0
LF:60
LH:10
BRDA:29,0,0,0
BRDA:31,1,0,0
BRDA:31,1,1,0
BRDA:36,2,0,0
BRDA:50,3,0,0
BRDA:52,4,0,0
BRDA:69,5,0,0
BRDA:91,6,0,0
BRDA:92,7,0,0
BRDA:93,8,0,0
BRDA:94,9,0,0
BRDA:95,10,0,0
BRDA:96,11,0,0
BRDA:98,12,0,0
BRDA:102,13,0,0
BRDA:103,14,0,0
BRDA:103,14,1,0
BRDA:140,15,0,0
BRDA:140,16,0,0
BRDA:140,16,1,0
BRDA:142,17,0,0
BRDA:142,17,1,0
BRDA:143,18,0,0
BRF:23
BRH:0
end_of_record
TN:
SF:src/modules/assignments/assignments.controller.ts
FN:18,actorFromReq
FN:23,getConfigHandler
FN:36,updateConfigHandler
FN:50,listEligibleUsersHandler
FN:63,manualAssignHandler
FN:77,overrideAssignHandler
FN:96,getUserAssignmentsHandler
FNF:7
FNH:0
FNDA:0,actorFromReq
FNDA:0,getConfigHandler
FNDA:0,updateConfigHandler
FNDA:0,listEligibleUsersHandler
FNDA:0,manualAssignHandler
FNDA:0,overrideAssignHandler
FNDA:0,getUserAssignmentsHandler
DA:2,0
DA:3,0
DA:4,0
DA:12,0
DA:19,0
DA:20,0
DA:23,0
DA:28,0
DA:29,0
DA:30,0
DA:32,0
DA:36,0
DA:41,0
DA:42,0
DA:43,0
DA:44,0
DA:46,0
DA:50,0
DA:55,0
DA:56,0
DA:57,0
DA:59,0
DA:63,0
DA:68,0
DA:69,0
DA:70,0
DA:71,0
DA:73,0
DA:77,0
DA:82,0
DA:83,0
DA:84,0
DA:90,0
DA:92,0
DA:96,0
DA:101,0
DA:102,0
DA:103,0
DA:105,0
LF:39
LH:0
BRDA:19,0,0,0
BRDA:20,1,0,0
BRDA:20,1,1,0
BRF:3
BRH:0
end_of_record
TN:
SF:src/modules/assignments/assignments.repository.ts
FN:4,findAssignmentConfig
FN:9,updateAssignmentConfig
FN:57,findEligibleUsers
FN:71,insertAssignment
FN:85,findAssignmentByLead
FN:93,findAssignmentsByUser
FN:101,updateLeadAssignment
FN:108,getNextRoundRobinUser
FNF:8
FNH:0
FNDA:0,findAssignmentConfig
FNDA:0,updateAssignmentConfig
FNDA:0,findEligibleUsers
FNDA:0,insertAssignment
FNDA:0,findAssignmentByLead
FNDA:0,findAssignmentsByUser
FNDA:0,updateLeadAssignment
FNDA:0,getNextRoundRobinUser
DA:1,0
DA:4,0
DA:5,0
DA:6,0
DA:9,0
DA:13,0
DA:15,0
DA:16,0
DA:26,0
DA:29,0
DA:30,0
DA:31,0
DA:33,0
DA:34,0
DA:35,0
DA:37,0
DA:38,0
DA:39,0
DA:41,0
DA:42,0
DA:43,0
DA:46,0
DA:47,0
DA:49,0
DA:50,0
DA:54,0
DA:57,0
DA:58,0
DA:68,0
DA:71,0
DA:77,0
DA:82,0
DA:85,0
DA:86,0
DA:90,0
DA:93,0
DA:94,0
DA:98,0
DA:101,0
DA:102,0
DA:108,0
DA:109,0
DA:110,0
LF:43
LH:0
BRDA:6,0,0,0
BRDA:6,0,1,0
BRDA:15,1,0,0
BRDA:20,2,0,0
BRDA:20,2,1,0
BRDA:21,3,0,0
BRDA:21,3,1,0
BRDA:22,4,0,0
BRDA:22,4,1,0
BRDA:33,5,0,0
BRDA:37,6,0,0
BRDA:41,7,0,0
BRDA:90,8,0,0
BRDA:90,8,1,0
BRDA:110,9,0,0
BRDA:110,9,1,0
BRF:16
BRH:0
end_of_record
TN:
SF:src/modules/assignments/assignments.routes.ts
FNF:0
FNH:0
DA:1,0
DA:2,0
DA:3,0
DA:4,0
DA:5,0
DA:6,0
DA:15,0
DA:17,0
DA:19,0
DA:20,0
DA:21,0
DA:22,0
DA:23,0
DA:24,0
DA:26,0
LF:15
LH:0
BRF:0
BRH:0
end_of_record
TN:
SF:src/modules/assignments/assignments.schema.ts
FNF:0
FNH:0
DA:1,0
DA:3,0
DA:8,0
DA:14,0
LF:4
LH:0
BRF:0
BRH:0
end_of_record
TN:
SF:src/modules/assignments/assignments.service.ts
FN:22,getConfig
FN:26,updateConfig
FN:44,getEligibleUsers
FN:48,assignManually
FN:76,overrideAssignment
FN:100,autoAssignLead
FN:120,getUserAssignments
FNF:7
FNH:0
FNDA:0,getConfig
FNDA:0,updateConfig
FNDA:0,getEligibleUsers
FNDA:0,assignManually
FNDA:0,overrideAssignment
FNDA:0,autoAssignLead
FNDA:0,getUserAssignments
DA:1,0
DA:2,0
DA:3,0
DA:4,0
DA:22,0
DA:23,0
DA:26,0
DA:30,0
DA:32,0
DA:41,0
DA:44,0
DA:45,0
DA:48,0
DA:53,0
DA:54,0
DA:56,0
DA:57,0
DA:58,0
DA:61,0
DA:62,0
DA:64,0
DA:73,0
DA:76,0
DA:82,0
DA:83,0
DA:85,0
DA:86,0
DA:88,0
DA:97,0
DA:100,0
DA:101,0
DA:102,0
DA:104,0
DA:105,0
DA:106,0
DA:109,0
DA:110,0
DA:111,0
DA:114,0
DA:115,0
DA:117,0
DA:120,0
DA:121,0
LF:43
LH:0
BRDA:38,0,0,0
BRDA:38,0,1,0
BRDA:54,1,0,0
BRDA:57,2,0,0
BRDA:70,3,0,0
BRDA:70,3,1,0
BRDA:83,4,0,0
BRDA:94,5,0,0
BRDA:94,5,1,0
BRDA:102,6,0,0
BRDA:105,7,0,0
BRDA:105,8,0,0
BRDA:105,8,1,0
BRDA:110,9,0,0
BRF:14
BRH:0
end_of_record
TN:
SF:src/modules/auth/auth.controller.ts
FN:13,loginHandler
FN:23,refreshHandler
FN:37,logoutHandler
FN:51,forgotPasswordHandler
FN:74,resetPasswordHandler
FN:88,getMeHandler
FNF:6
FNH:0
FNDA:0,loginHandler
FNDA:0,refreshHandler
FNDA:0,logoutHandler
FNDA:0,forgotPasswordHandler
FNDA:0,resetPasswordHandler
FNDA:0,getMeHandler
DA:2,0
DA:3,0
DA:4,0
DA:5,0
DA:11,0
DA:13,0
DA:14,0
DA:15,0
DA:16,0
DA:17,0
DA:19,0
DA:23,0
DA:28,0
DA:29,0
DA:30,0
DA:31,0
DA:33,0
DA:37,0
DA:42,0
DA:43,0
DA:44,0
DA:45,0
DA:47,0
DA:51,0
DA:56,0
DA:57,0
DA:58,0
DA:61,0
DA:62,0
DA:66,0
DA:70,0
DA:74,0
DA:79,0
DA:80,0
DA:81,0
DA:82,0
DA:84,0
DA:88,0
DA:89,0
DA:90,0
DA:91,0
DA:93,0
DA:94,0
DA:96,0
LF:44
LH:0
BRDA:61,0,0,0
BRDA:90,1,0,0
BRF:2
BRH:0
end_of_record
TN:
SF:src/modules/auth/auth.repository.ts
FN:5,findUserByEmail
FN:14,findUserById
FN:23,hashToken
FN:27,storeRefreshToken
FN:39,findValidRefreshToken
FN:50,revokeRefreshToken
FN:55,revokeAllRefreshTokensForUser
FN:59,updatePasswordHash
FNF:8
FNH:0
FNDA:0,findUserByEmail
FNDA:0,findUserById
FNDA:0,hashToken
FNDA:0,storeRefreshToken
FNDA:0,findValidRefreshToken
FNDA:0,revokeRefreshToken
FNDA:0,revokeAllRefreshTokensForUser
FNDA:0,updatePasswordHash
DA:1,0
DA:2,0
DA:5,0
DA:6,0
DA:14,0
DA:15,0
DA:24,0
DA:27,0
DA:32,0
DA:33,0
DA:39,0
DA:42,0
DA:43,0
DA:50,0
DA:51,0
DA:52,0
DA:55,0
DA:56,0
DA:59,0
DA:60,0
LF:20
LH:0
BRF:0
BRH:0
end_of_record
TN:
SF:src/modules/auth/auth.routes.ts
FNF:0
FNH:0
DA:1,0
DA:2,0
DA:3,0
DA:4,0
DA:5,0
DA:14,0
DA:18,0
DA:19,0
DA:20,0
DA:21,0
DA:22,0
DA:26,0
DA:28,0
LF:13
LH:0
BRF:0
BRH:0
end_of_record
TN:
SF:src/modules/auth/auth.schema.ts
FNF:0
FNH:0
DA:1,0
DA:3,0
DA:8,0
DA:12,0
DA:16,0
LF:5
LH:0
BRF:0
BRH:0
end_of_record
TN:
SF:src/modules/auth/auth.service.ts
FN:26,getPrivateKey
FN:32,signAccessToken
FN:40,generateOpaqueRefreshToken
FN:44,failedLoginKey
FN:48,isAccountLocked
FN:54,recordFailedLogin
FN:67,clearFailedLogins
FN:72,login
FN:111,refresh
FN:137,logout
FN:141,forgotPassword
FN:160,resetPassword
FNF:12
FNH:0
FNDA:0,getPrivateKey
FNDA:0,signAccessToken
FNDA:0,generateOpaqueRefreshToken
FNDA:0,failedLoginKey
FNDA:0,isAccountLocked
FNDA:0,recordFailedLogin
FNDA:0,clearFailedLogins
FNDA:0,login
FNDA:0,refresh
FNDA:0,logout
FNDA:0,forgotPassword
FNDA:0,resetPassword
DA:1,0
DA:2,0
DA:3,0
DA:4,0
DA:5,0
DA:6,0
DA:7,0
DA:18,0
DA:19,0
DA:20,0
DA:21,0
DA:24,0
DA:27,0
DA:28,0
DA:29,0
DA:33,0
DA:37,0
DA:41,0
DA:45,0
DA:50,0
DA:51,0
DA:55,0
DA:57,0
DA:58,0
DA:59,0
DA:62,0
DA:63,0
DA:64,0
DA:68,0
DA:69,0
DA:72,0
DA:73,0
DA:75,0
DA:76,0
DA:82,0
DA:86,0
DA:87,0
DA:89,0
DA:90,0
DA:91,0
DA:94,0
DA:96,0
DA:97,0
DA:98,0
DA:99,0
DA:100,0
DA:102,0
DA:104,0
DA:111,0
DA:114,0
DA:115,0
DA:116,0
DA:119,0
DA:120,0
DA:121,0
DA:125,0
DA:127,0
DA:128,0
DA:129,0
DA:130,0
DA:131,0
DA:132,0
DA:134,0
DA:137,0
DA:138,0
DA:141,0
DA:142,0
DA:144,0
DA:145,0
DA:148,0
DA:149,0
DA:150,0
DA:157,0
DA:160,0
DA:161,0
DA:162,0
DA:163,0
DA:165,0
DA:166,0
DA:169,0
DA:170,0
DA:173,0
DA:174,0
LF:83
LH:0
BRDA:28,0,0,0
BRDA:35,1,0,0
BRDA:35,1,1,0
BRDA:51,2,0,0
BRDA:51,2,1,0
BRDA:55,3,0,0
BRDA:59,4,0,0
BRDA:64,5,0,0
BRDA:75,6,0,0
BRDA:86,7,0,0
BRDA:86,7,1,0
BRDA:89,8,0,0
BRDA:89,9,0,0
BRDA:89,9,1,0
BRDA:89,9,2,0
BRDA:90,10,0,0
BRDA:90,10,1,0
BRDA:99,11,0,0
BRDA:99,11,1,0
BRDA:115,12,0,0
BRDA:120,13,0,0
BRDA:120,14,0,0
BRDA:120,14,1,0
BRDA:130,15,0,0
BRDA:130,15,1,0
BRDA:144,16,0,0
BRDA:144,17,0,0
BRDA:144,17,1,0
BRDA:165,18,0,0
BRF:29
BRH:0
end_of_record
TN:
SF:src/modules/campaigns/campaigns.controller.ts
FN:21,actorFromReq
FN:26,listCampaignsHandler
FN:39,getCampaignHandler
FN:52,createCampaignHandler
FN:66,updateCampaignHandler
FN:80,deleteCampaignHandler
FN:93,automationPreviewHandler
FN:106,launchCampaignHandler
FN:119,pauseCampaignHandler
FN:132,resumeCampaignHandler
FN:145,addLeadsHandler
FN:159,removeLeadHandler
FN:172,listCampaignLeadsHandler
FN:185,getCampaignStatsHandler
FNF:14
FNH:13
FNDA:16,actorFromReq
FNDA:3,listCampaignsHandler
FNDA:2,getCampaignHandler
FNDA:4,createCampaignHandler
FNDA:2,updateCampaignHandler
FNDA:2,deleteCampaignHandler
FNDA:0,automationPreviewHandler
FNDA:2,launchCampaignHandler
FNDA:2,pauseCampaignHandler
FNDA:2,resumeCampaignHandler
FNDA:4,addLeadsHandler
FNDA:2,removeLeadHandler
FNDA:2,listCampaignLeadsHandler
FNDA:2,getCampaignStatsHandler
DA:2,2
DA:3,2
DA:4,2
DA:19,2
DA:22,16
DA:23,16
DA:26,2
DA:31,3
DA:32,3
DA:33,2
DA:35,1
DA:39,2
DA:44,2
DA:45,2
DA:46,2
DA:48,0
DA:52,2
DA:57,4
DA:58,4
DA:59,2
DA:60,2
DA:62,2
DA:66,2
DA:71,2
DA:72,2
DA:73,2
DA:74,2
DA:76,0
DA:80,2
DA:85,2
DA:86,2
DA:87,2
DA:89,0
DA:93,2
DA:98,0
DA:99,0
DA:100,0
DA:102,0
DA:106,2
DA:111,2
DA:112,2
DA:113,2
DA:115,0
DA:119,2
DA:124,2
DA:125,2
DA:126,2
DA:128,0
DA:132,2
DA:137,2
DA:138,2
DA:139,2
DA:141,0
DA:145,2
DA:150,4
DA:151,4
DA:152,2
DA:153,2
DA:155,2
DA:159,2
DA:164,2
DA:165,2
DA:166,2
DA:168,0
DA:172,2
DA:177,2
DA:178,2
DA:179,2
DA:181,0
DA:185,2
DA:190,2
DA:191,2
DA:192,2
DA:194,0
LF:74
LH:61
BRDA:22,0,0,0
BRDA:23,1,0,16
BRDA:23,1,1,0
BRF:3
BRH:1
end_of_record
TN:
SF:src/modules/campaigns/campaigns.repository.ts
FN:6,findCampaigns
FN:13,findActiveCampaignsByPipeline
FN:21,findCampaignById
FN:29,insertCampaign
FN:58,updateCampaign
FN:113,deleteCampaign
FN:119,launchCampaign
FN:129,pauseCampaign
FN:139,resumeCampaign
FN:149,addLeadsToCampaign
FN:182,removeLeadFromCampaign
FN:189,findCampaignLeads
FN:196,(anonymous_12)
FN:207,findCampaignLeadRows
FN:222,getCampaignStats
FNF:15
FNH:13
FNDA:1,findCampaigns
FNDA:0,findActiveCampaignsByPipeline
FNDA:2,findCampaignById
FNDA:2,insertCampaign
FNDA:2,updateCampaign
FNDA:1,deleteCampaign
FNDA:2,launchCampaign
FNDA:2,pauseCampaign
FNDA:1,resumeCampaign
FNDA:4,addLeadsToCampaign
FNDA:1,removeLeadFromCampaign
FNDA:2,findCampaignLeads
FNDA:2,(anonymous_12)
FNDA:0,findCampaignLeadRows
FNDA:3,getCampaignStats
DA:1,3
DA:2,3
DA:3,3
DA:6,3
DA:7,1
DA:10,1
DA:13,3
DA:14,0
DA:18,0
DA:21,3
DA:22,2
DA:26,2
DA:29,3
DA:41,2
DA:55,2
DA:58,3
DA:70,2
DA:71,2
DA:72,2
DA:74,2
DA:75,2
DA:76,2
DA:78,2
DA:79,0
DA:80,0
DA:82,2
DA:83,0
DA:84,0
DA:86,2
DA:87,0
DA:88,0
DA:90,2
DA:91,0
DA:92,0
DA:94,2
DA:95,0
DA:96,0
DA:98,2
DA:99,0
DA:100,0
DA:103,2
DA:104,2
DA:108,2
DA:109,2
DA:110,1
DA:113,3
DA:114,1
DA:119,3
DA:120,2
DA:124,2
DA:125,2
DA:126,1
DA:129,3
DA:130,2
DA:134,2
DA:135,2
DA:136,1
DA:139,3
DA:140,1
DA:144,1
DA:145,1
DA:146,1
DA:149,3
DA:153,4
DA:154,4
DA:155,7
DA:156,7
DA:161,5
DA:162,4
DA:165,2
DA:166,2
DA:168,1
DA:170,1
DA:176,1
DA:179,3
DA:182,3
DA:183,1
DA:189,3
DA:190,2
DA:196,2
DA:207,3
DA:208,0
DA:219,0
DA:222,3
DA:223,3
DA:230,3
DA:238,3
DA:247,3
DA:248,5
DA:250,1
DA:251,1
DA:253,1
DA:254,1
DA:256,1
DA:257,1
DA:259,1
DA:260,1
DA:262,1
DA:263,1
DA:267,3
LF:100
LH:84
BRDA:26,0,0,2
BRDA:26,0,1,1
BRDA:49,1,0,2
BRDA:49,1,1,1
BRDA:50,2,0,2
BRDA:50,2,1,1
BRDA:51,3,0,2
BRDA:51,3,1,2
BRDA:74,4,0,2
BRDA:78,5,0,0
BRDA:82,6,0,0
BRDA:86,7,0,0
BRDA:90,8,0,0
BRDA:94,9,0,0
BRDA:98,10,0,0
BRDA:109,11,0,1
BRDA:125,12,0,1
BRDA:135,13,0,1
BRDA:145,14,0,0
BRDA:161,15,0,4
BRDA:166,16,0,1
BRDA:239,17,0,3
BRDA:239,17,1,1
BRDA:248,18,0,1
BRDA:248,18,1,1
BRDA:248,18,2,1
BRDA:248,18,3,1
BRDA:248,18,4,1
BRF:28
BRH:21
end_of_record
TN:
SF:src/modules/campaigns/campaigns.routes.ts
FNF:0
FNH:0
DA:1,1
DA:2,1
DA:3,1
DA:4,1
DA:5,1
DA:6,1
DA:22,1
DA:24,1
DA:26,1
DA:27,1
DA:28,1
DA:29,1
DA:30,1
DA:32,1
DA:33,1
DA:34,1
DA:35,1
DA:37,1
DA:38,1
DA:43,1
DA:44,1
DA:46,1
LF:22
LH:22
BRF:0
BRH:0
end_of_record
TN:
SF:src/modules/campaigns/campaigns.schema.ts
FNF:0
FNH:0
DA:1,3
DA:3,3
DA:13,3
DA:23,3
LF:4
LH:4
BRF:0
BRH:0
end_of_record
TN:
SF:src/modules/campaigns/campaigns.service.ts
FN:40,(anonymous_0)
FN:46,getAllCampaigns
FN:50,getCampaignById
FN:58,createCampaign
FN:84,updateCampaignById
FN:113,deleteCampaignById
FN:139,getDestination
FN:144,integrationNamesForChannel
FN:151,buildAutomationPreview
FN:186,(anonymous_9)
FN:188,(anonymous_10)
FN:231,getCampaignAutomationPreview
FN:239,launchCampaignById
FN:308,pauseCampaignById
FN:334,resumeCampaignById
FN:359,addLeads
FN:383,removeLead
FN:401,getCampaignLeads
FN:409,getStats
FNF:19
FNH:18
FNDA:2,(anonymous_0)
FNDA:2,getAllCampaigns
FNDA:2,getCampaignById
FNDA:1,createCampaign
FNDA:3,updateCampaignById
FNDA:3,deleteCampaignById
FNDA:4,getDestination
FNDA:3,integrationNamesForChannel
FNDA:9,buildAutomationPreview
FNDA:6,(anonymous_9)
FNDA:3,(anonymous_10)
FNDA:0,getCampaignAutomationPreview
FNDA:14,launchCampaignById
FNDA:3,pauseCampaignById
FNDA:3,resumeCampaignById
FNDA:2,addLeads
FNDA:2,removeLead
FNDA:2,getCampaignLeads
FNDA:2,getStats
DA:1,3
DA:2,3
DA:3,3
DA:4,3
DA:5,3
DA:6,3
DA:7,3
DA:8,3
DA:9,3
DA:41,2
DA:42,2
DA:46,3
DA:47,2
DA:50,3
DA:51,2
DA:52,2
DA:53,1
DA:55,1
DA:58,3
DA:59,1
DA:72,1
DA:81,1
DA:84,3
DA:89,3
DA:90,3
DA:91,1
DA:94,2
DA:95,1
DA:98,1
DA:100,1
DA:110,1
DA:113,3
DA:114,3
DA:115,3
DA:116,1
DA:119,2
DA:120,1
DA:123,1
DA:125,1
DA:140,4
DA:141,0
DA:145,3
DA:146,3
DA:147,3
DA:148,0
DA:152,9
DA:153,9
DA:154,9
DA:156,9
DA:157,5
DA:159,4
DA:160,4
DA:161,1
DA:163,3
DA:164,3
DA:171,3
DA:172,3
DA:173,0
DA:175,3
DA:176,0
DA:178,3
DA:179,0
DA:183,3
DA:184,3
DA:185,3
DA:186,6
DA:187,3
DA:188,3
DA:190,3
DA:191,0
DA:198,9
DA:199,9
DA:200,9
DA:202,9
DA:203,4
DA:204,4
DA:205,4
DA:206,4
DA:207,4
DA:208,4
DA:209,4
DA:211,4
DA:212,0
DA:214,4
DA:218,9
DA:231,3
DA:232,0
DA:233,0
DA:234,0
DA:236,0
DA:239,3
DA:240,14
DA:241,14
DA:242,1
DA:245,13
DA:246,2
DA:252,11
DA:253,11
DA:254,3
DA:255,3
DA:256,2
DA:260,9
DA:261,9
DA:262,9
DA:264,9
DA:265,3
DA:266,4
DA:267,4
DA:277,3
DA:279,1
DA:288,9
DA:302,9
DA:308,3
DA:309,3
DA:310,3
DA:311,1
DA:314,2
DA:315,1
DA:318,1
DA:319,1
DA:321,1
DA:331,1
DA:334,3
DA:335,3
DA:336,3
DA:337,1
DA:340,2
DA:341,1
DA:344,1
DA:346,1
DA:356,1
DA:359,3
DA:364,2
DA:365,2
DA:366,1
DA:369,1
DA:371,1
DA:380,1
DA:383,3
DA:384,2
DA:385,2
DA:386,1
DA:389,1
DA:391,1
DA:401,3
DA:402,2
DA:403,2
DA:404,1
DA:406,1
DA:409,3
DA:410,2
DA:411,2
DA:412,1
DA:414,1
LF:154
LH:143
BRDA:52,0,0,1
BRDA:62,1,0,1
BRDA:62,1,1,0
BRDA:63,2,0,1
BRDA:63,2,1,0
BRDA:64,3,0,1
BRDA:64,3,1,0
BRDA:67,4,0,1
BRDA:67,4,1,1
BRDA:78,5,0,1
BRDA:78,5,1,0
BRDA:90,6,0,1
BRDA:94,7,0,1
BRDA:107,8,0,1
BRDA:107,8,1,0
BRDA:115,9,0,1
BRDA:119,10,0,1
BRDA:131,11,0,1
BRDA:131,11,1,0
BRDA:140,12,0,4
BRDA:145,13,0,0
BRDA:146,14,0,0
BRDA:147,15,0,3
BRDA:151,16,0,0
BRDA:156,17,0,5
BRDA:156,17,1,4
BRDA:160,18,0,1
BRDA:160,18,1,3
BRDA:160,19,0,4
BRDA:160,19,1,4
BRDA:160,19,2,4
BRDA:168,20,0,3
BRDA:168,20,1,0
BRDA:172,21,0,0
BRDA:172,21,1,3
BRDA:175,22,0,0
BRDA:178,23,0,0
BRDA:183,24,0,3
BRDA:185,25,0,3
BRDA:188,26,0,3
BRDA:188,26,1,3
BRDA:190,27,0,0
BRDA:204,28,0,0
BRDA:205,29,0,0
BRDA:206,30,0,0
BRDA:207,31,0,0
BRDA:208,32,0,4
BRDA:208,32,1,0
BRDA:209,33,0,0
BRDA:209,34,0,4
BRDA:209,34,1,4
BRDA:211,35,0,0
BRDA:211,35,1,4
BRDA:233,36,0,0
BRDA:241,37,0,1
BRDA:245,38,0,2
BRDA:245,39,0,13
BRDA:245,39,1,3
BRDA:252,40,0,11
BRDA:252,40,1,8
BRDA:253,41,0,3
BRDA:255,42,0,2
BRDA:255,43,0,3
BRDA:255,43,1,2
BRDA:264,44,0,3
BRDA:264,45,0,9
BRDA:264,45,1,3
BRDA:282,46,0,1
BRDA:282,46,1,0
BRDA:299,47,0,9
BRDA:299,47,1,0
BRDA:310,48,0,1
BRDA:314,49,0,1
BRDA:328,50,0,1
BRDA:328,50,1,0
BRDA:336,51,0,1
BRDA:340,52,0,1
BRDA:353,53,0,1
BRDA:353,53,1,0
BRDA:365,54,0,1
BRDA:377,55,0,1
BRDA:377,55,1,0
BRDA:385,56,0,1
BRDA:397,57,0,1
BRDA:397,57,1,0
BRDA:403,58,0,1
BRDA:411,59,0,1
BRF:87
BRH:59
end_of_record
TN:
SF:src/modules/custom-fields/customFields.controller.ts
FN:6,actorFromReq
FN:14,listDefinitionsHandler
FN:28,createDefinitionHandler
FN:42,updateDefinitionHandler
FNF:4
FNH:0
FNDA:0,actorFromReq
FNDA:0,listDefinitionsHandler
FNDA:0,createDefinitionHandler
FNDA:0,updateDefinitionHandler
DA:2,0
DA:3,0
DA:4,0
DA:7,0
DA:8,0
DA:14,0
DA:19,0
DA:20,0
DA:21,0
DA:22,0
DA:24,0
DA:28,0
DA:33,0
DA:34,0
DA:35,0
DA:36,0
DA:38,0
DA:42,0
DA:47,0
DA:48,0
DA:49,0
DA:50,0
DA:51,0
DA:53,0
LF:24
LH:0
BRDA:7,0,0,0
BRDA:7,0,1,0
BRDA:9,1,0,0
BRDA:9,1,1,0
BRDA:10,2,0,0
BRDA:10,2,1,0
BRF:6
BRH:0
end_of_record
TN:
SF:src/modules/custom-fields/customFields.repository.ts
FN:104,(anonymous_0)
FN:7,findActiveDefinitions
FN:13,findAllDefinitions
FN:22,findDefinitionById
FN:29,findDefinitionByKey
FN:36,createDefinition
FN:58,updateDefinition
FN:95,definitionKeyExists
FNF:8
FNH:0
FNDA:0,(anonymous_0)
FNDA:0,findActiveDefinitions
FNDA:0,findAllDefinitions
FNDA:0,findDefinitionById
FNDA:0,findDefinitionByKey
FNDA:0,createDefinition
FNDA:0,updateDefinition
FNDA:0,definitionKeyExists
DA:1,0
DA:2,0
DA:5,0
DA:7,0
DA:8,0
DA:13,0
DA:16,0
DA:19,0
DA:22,0
DA:23,0
DA:29,0
DA:30,0
DA:36,0
DA:40,0
DA:54,0
DA:55,0
DA:58,0
DA:62,0
DA:63,0
DA:65,0
DA:74,0
DA:90,0
DA:91,0
DA:95,0
DA:96,0
DA:100,0
DA:104,0
LF:27
LH:0
BRDA:16,0,0,0
BRDA:16,0,1,0
BRDA:48,1,0,0
BRDA:48,1,1,0
BRDA:49,2,0,0
BRDA:49,2,1,0
BRDA:50,3,0,0
BRDA:50,3,1,0
BRDA:54,4,0,0
BRDA:63,5,0,0
BRDA:66,6,0,0
BRDA:66,6,1,0
BRDA:67,7,0,0
BRDA:67,7,1,0
BRDA:68,8,0,0
BRDA:68,8,1,0
BRDA:69,9,0,0
BRDA:69,9,1,0
BRDA:70,10,0,0
BRDA:70,10,1,0
BRDA:71,11,0,0
BRDA:71,11,1,0
BRDA:84,12,0,0
BRDA:84,12,1,0
BRDA:90,13,0,0
BRF:25
BRH:0
end_of_record
TN:
SF:src/modules/custom-fields/customFields.routes.ts
FNF:0
FNH:0
DA:1,0
DA:2,0
DA:3,0
DA:4,0
DA:5,0
DA:11,0
DA:14,0
DA:17,0
DA:20,0
DA:21,0
DA:23,0
LF:11
LH:0
BRF:0
BRH:0
end_of_record
TN:
SF:src/modules/custom-fields/customFields.schema.ts
FN:25,(anonymous_0)
FNF:1
FNH:0
FNDA:0,(anonymous_0)
DA:1,0
DA:4,0
DA:12,0
DA:25,0
DA:29,0
DA:31,0
DA:36,0
LF:7
LH:0
BRDA:29,0,0,0
BRDA:29,0,1,0
BRDA:29,0,2,0
BRF:3
BRH:0
end_of_record
TN:
SF:src/modules/custom-fields/customFields.service.ts
FN:146,(anonymous_0)
FN:17,listDefinitions
FN:21,createDefinition
FN:41,updateDefinition
FN:71,validateSingle
FN:94,coerceValue
FN:109,validateCustomFieldValues
FN:116,(anonymous_7)
FNF:8
FNH:0
FNDA:0,(anonymous_0)
FNDA:0,listDefinitions
FNDA:0,createDefinition
FNDA:0,updateDefinition
FNDA:0,validateSingle
FNDA:0,coerceValue
FNDA:0,validateCustomFieldValues
FNDA:0,(anonymous_7)
DA:1,0
DA:2,0
DA:3,0
DA:17,0
DA:18,0
DA:21,0
DA:25,0
DA:26,0
DA:27,0
DA:29,0
DA:30,0
DA:38,0
DA:41,0
DA:46,0
DA:47,0
DA:48,0
DA:49,0
DA:53,0
DA:54,0
DA:56,0
DA:57,0
DA:66,0
DA:72,0
DA:74,0
DA:76,0
DA:77,0
DA:80,0
DA:84,0
DA:88,0
DA:90,0
DA:95,0
DA:96,0
DA:98,0
DA:109,0
DA:113,0
DA:114,0
DA:115,0
DA:116,0
DA:118,0
DA:119,0
DA:120,0
DA:121,0
DA:122,0
DA:124,0
DA:125,0
DA:126,0
DA:128,0
DA:129,0
DA:130,0
DA:132,0
DA:137,0
DA:138,0
DA:139,0
DA:143,0
DA:146,0
LF:55
LH:0
BRDA:18,0,0,0
BRDA:18,0,1,0
BRDA:26,1,0,0
BRDA:36,2,0,0
BRDA:36,2,1,0
BRDA:46,3,0,0
BRDA:48,4,0,0
BRDA:48,5,0,0
BRDA:48,5,1,0
BRDA:54,6,0,0
BRDA:64,7,0,0
BRDA:64,7,1,0
BRDA:72,8,0,0
BRDA:72,8,1,0
BRDA:72,8,2,0
BRDA:72,8,3,0
BRDA:72,8,4,0
BRDA:72,8,5,0
BRDA:74,9,0,0
BRDA:74,9,1,0
BRDA:76,10,0,0
BRDA:76,10,1,0
BRDA:77,11,0,0
BRDA:77,11,1,0
BRDA:80,12,0,0
BRDA:80,12,1,0
BRDA:80,13,0,0
BRDA:80,13,1,0
BRDA:84,14,0,0
BRDA:84,14,1,0
BRDA:84,15,0,0
BRDA:84,15,1,0
BRDA:88,16,0,0
BRDA:88,16,1,0
BRDA:95,17,0,0
BRDA:95,18,0,0
BRDA:95,18,1,0
BRDA:115,19,0,0
BRDA:115,19,1,0
BRDA:120,20,0,0
BRDA:124,21,0,0
BRDA:124,22,0,0
BRDA:124,22,1,0
BRDA:124,22,2,0
BRDA:125,23,0,0
BRDA:129,24,0,0
BRDA:129,24,1,0
BRDA:138,25,0,0
BRDA:138,26,0,0
BRDA:138,26,1,0
BRF:50
BRH:0
end_of_record
TN:
SF:src/modules/integrations/connector.base.ts
FN:66,loggedFetch
FN:74,(anonymous_1)
FN:78,(anonymous_2)
FN:162,extractExternalId
FN:182,pickFirst
FN:214,isDispatchable
FNF:6
FNH:0
FNDA:0,loggedFetch
FNDA:0,(anonymous_1)
FNDA:0,(anonymous_2)
FNDA:0,extractExternalId
FNDA:0,pickFirst
FNDA:0,isDispatchable
DA:20,0
DA:66,0
DA:71,0
DA:72,0
DA:73,0
DA:74,0
DA:77,0
DA:78,0
DA:81,0
DA:87,0
DA:88,0
DA:90,0
DA:91,0
DA:92,0
DA:101,0
DA:109,0
DA:112,0
DA:113,0
DA:116,0
DA:117,0
DA:118,0
DA:119,0
DA:120,0
DA:122,0
DA:126,0
DA:127,0
DA:135,0
DA:136,0
DA:139,0
DA:140,0
DA:149,0
DA:163,0
DA:164,0
DA:165,0
DA:168,0
DA:170,0
DA:172,0
DA:174,0
DA:176,0
DA:178,0
DA:183,0
DA:184,0
DA:185,0
DA:186,0
DA:187,0
DA:188,0
DA:190,0
DA:191,0
DA:194,0
DA:196,0
DA:214,0
DA:217,0
LF:52
LH:0
BRDA:73,0,0,0
BRDA:73,0,1,0
BRDA:77,1,0,0
BRDA:91,2,0,0
BRDA:91,2,1,0
BRDA:94,3,0,0
BRDA:94,3,1,0
BRDA:95,4,0,0
BRDA:95,4,1,0
BRDA:99,5,0,0
BRDA:99,5,1,0
BRDA:118,6,0,0
BRDA:126,7,0,0
BRDA:129,8,0,0
BRDA:129,8,1,0
BRDA:130,9,0,0
BRDA:130,9,1,0
BRDA:133,10,0,0
BRDA:133,10,1,0
BRDA:139,11,0,0
BRDA:139,11,1,0
BRDA:139,11,2,0
BRDA:142,12,0,0
BRDA:142,12,1,0
BRDA:143,13,0,0
BRDA:143,13,1,0
BRDA:147,14,0,0
BRDA:147,14,1,0
BRDA:163,15,0,0
BRDA:163,16,0,0
BRDA:163,16,1,0
BRDA:165,17,0,0
BRDA:165,17,1,0
BRDA:165,17,2,0
BRDA:165,17,3,0
BRDA:165,17,4,0
BRDA:165,17,5,0
BRDA:187,18,0,0
BRDA:187,18,1,0
BRDA:187,19,0,0
BRDA:187,19,1,0
BRDA:187,19,2,0
BRDA:194,20,0,0
BRDA:194,21,0,0
BRDA:194,21,1,0
BRDA:217,22,0,0
BRDA:217,22,1,0
BRF:47
BRH:0
end_of_record
TN:
SF:src/modules/integrations/dispatch.ts
FN:47,dispatchOutbound
FN:163,mapOutcome
FNF:2
FNH:0
FNDA:0,dispatchOutbound
FNDA:0,mapOutcome
DA:17,0
DA:18,0
DA:19,0
DA:20,0
DA:21,0
DA:47,0
DA:48,0
DA:49,0
DA:50,0
DA:55,0
DA:63,0
DA:64,0
DA:66,0
DA:72,0
DA:75,0
DA:81,0
DA:85,0
DA:92,0
DA:95,0
DA:97,0
DA:100,0
DA:101,0
DA:105,0
DA:112,0
DA:116,0
DA:122,0
DA:126,0
DA:135,0
DA:136,0
DA:145,0
DA:147,0
DA:149,0
DA:152,0
DA:159,0
DA:169,0
DA:170,0
DA:171,0
DA:178,0
LF:38
LH:0
BRDA:49,0,0,0
BRDA:64,1,0,0
BRDA:64,1,1,0
BRDA:64,1,2,0
BRDA:64,1,3,0
BRDA:64,1,4,0
BRDA:89,2,0,0
BRDA:89,2,1,0
BRDA:92,3,0,0
BRDA:95,4,0,0
BRDA:95,4,1,0
BRDA:97,5,0,0
BRDA:97,5,1,0
BRDA:100,6,0,0
BRDA:109,7,0,0
BRDA:109,7,1,0
BRDA:145,8,0,0
BRDA:145,8,1,0
BRDA:149,9,0,0
BRDA:149,9,1,0
BRDA:149,9,2,0
BRDA:169,10,0,0
BRDA:169,10,1,0
BRDA:170,11,0,0
BRF:24
BRH:0
end_of_record
TN:
SF:src/modules/integrations/integrations.controller.ts
FN:7,actorFromReq
FN:14,listIntegrationsHandler
FN:27,getIntegrationHandler
FN:41,updateIntegrationHandler
FN:56,testIntegrationHandler
FNF:5
FNH:0
FNDA:0,actorFromReq
FNDA:0,listIntegrationsHandler
FNDA:0,getIntegrationHandler
FNDA:0,updateIntegrationHandler
FNDA:0,testIntegrationHandler
DA:2,0
DA:3,0
DA:4,0
DA:8,0
DA:14,0
DA:19,0
DA:20,0
DA:21,0
DA:23,0
DA:27,0
DA:32,0
DA:33,0
DA:34,0
DA:35,0
DA:37,0
DA:41,0
DA:46,0
DA:47,0
DA:48,0
DA:49,0
DA:50,0
DA:52,0
DA:56,0
DA:61,0
DA:62,0
DA:63,0
DA:66,0
DA:68,0
LF:28
LH:0
BRDA:9,0,0,0
BRDA:9,0,1,0
BRDA:10,1,0,0
BRDA:10,1,1,0
BRF:4
BRH:0
end_of_record
TN:
SF:src/modules/integrations/integrations.repository.ts
FN:90,(anonymous_0)
FN:8,findAll
FN:13,findAllPublic
FN:19,findById
FN:23,findByName
FN:31,findCredentialsById
FN:39,updateIntegration
FN:73,recordTestResult
FNF:8
FNH:0
FNDA:0,(anonymous_0)
FNDA:0,findAll
FNDA:0,findAllPublic
FNDA:0,findById
FNDA:0,findByName
FNDA:0,findCredentialsById
FNDA:0,updateIntegration
FNDA:0,recordTestResult
DA:1,2
DA:2,2
DA:6,2
DA:8,2
DA:10,0
DA:13,2
DA:14,0
DA:19,2
DA:20,0
DA:23,2
DA:24,0
DA:31,2
DA:32,0
DA:36,0
DA:39,2
DA:47,0
DA:48,0
DA:49,0
DA:51,0
DA:52,0
DA:53,0
DA:55,0
DA:56,0
DA:57,0
DA:59,0
DA:60,0
DA:61,0
DA:63,0
DA:65,0
DA:69,0
DA:70,0
DA:73,2
DA:77,0
DA:86,0
DA:87,0
DA:90,2
LF:36
LH:11
BRDA:36,0,0,0
BRDA:36,0,1,0
BRDA:51,1,0,0
BRDA:55,2,0,0
BRDA:69,3,0,0
BRDA:86,4,0,0
BRF:6
BRH:0
end_of_record
TN:
SF:src/modules/integrations/integrations.routes.ts
FNF:0
FNH:0
DA:1,0
DA:2,0
DA:3,0
DA:4,0
DA:5,0
DA:11,0
DA:13,0
DA:16,0
DA:19,0
DA:22,0
DA:23,0
DA:26,0
DA:27,0
DA:29,0
LF:14
LH:0
BRF:0
BRH:0
end_of_record
TN:
SF:src/modules/integrations/integrations.schema.ts
FN:14,(anonymous_0)
FN:23,(anonymous_1)
FNF:2
FNH:0
FNDA:0,(anonymous_0)
FNDA:0,(anonymous_1)
DA:1,0
DA:3,0
DA:12,0
DA:14,0
DA:18,0
DA:23,0
LF:6
LH:0
BRDA:23,0,0,0
BRDA:23,0,1,0
BRF:2
BRH:0
end_of_record
TN:
SF:src/modules/integrations/integrations.service.ts
FN:26,toPublic
FN:40,listIntegrations
FN:42,(anonymous_11)
FN:45,getIntegration
FN:51,updateIntegration
FN:94,testIntegration
FNF:6
FNH:0
FNDA:0,toPublic
FNDA:0,listIntegrations
FNDA:0,(anonymous_11)
FNDA:0,getIntegration
FNDA:0,updateIntegration
FNDA:0,testIntegration
DA:1,0
DA:2,0
DA:3,0
DA:4,0
DA:18,0
DA:19,0
DA:20,0
DA:21,0
DA:22,0
DA:23,0
DA:24,0
DA:28,0
DA:40,0
DA:41,0
DA:42,0
DA:45,0
DA:46,0
DA:47,0
DA:48,0
DA:51,0
DA:56,0
DA:57,0
DA:60,0
DA:63,0
DA:64,0
DA:67,0
DA:72,0
DA:74,0
DA:84,0
DA:94,0
DA:98,0
DA:99,0
DA:101,0
DA:102,0
DA:103,0
DA:105,0
DA:106,0
DA:107,0
DA:115,0
DA:116,0
DA:117,0
DA:126,0
DA:127,0
DA:129,0
DA:130,0
DA:131,0
DA:139,0
DA:148,0
DA:149,0
DA:150,0
DA:152,0
DA:153,0
DA:154,0
DA:156,0
DA:157,0
DA:158,0
DA:160,0
DA:161,0
DA:162,0
DA:164,0
DA:165,0
DA:166,0
DA:168,0
DA:169,0
DA:170,0
DA:172,0
DA:173,0
DA:174,0
DA:176,0
DA:177,0
DA:178,0
DA:180,0
DA:183,0
DA:184,0
DA:185,0
DA:193,0
DA:201,0
DA:202,0
DA:210,0
LF:79
LH:0
BRDA:47,0,0,0
BRDA:57,1,0,0
BRDA:63,2,0,0
BRDA:64,3,0,0
BRDA:64,3,1,0
BRDA:81,4,0,0
BRDA:81,4,1,0
BRDA:99,5,0,0
BRDA:105,6,0,0
BRDA:105,6,1,0
BRDA:115,7,0,0
BRDA:129,8,0,0
BRDA:129,8,1,0
BRDA:137,9,0,0
BRDA:137,9,1,0
BRDA:150,10,0,0
BRDA:150,10,1,0
BRDA:150,10,2,0
BRDA:150,10,3,0
BRDA:150,10,4,0
BRDA:150,10,5,0
BRDA:150,10,6,0
BRDA:150,10,7,0
BRDA:183,11,0,0
BRDA:183,11,1,0
BRDA:191,12,0,0
BRDA:191,12,1,0
BRDA:207,13,0,0
BRDA:207,13,1,0
BRF:29
BRH:0
end_of_record
TN:
SF:src/modules/integrations/notifications.ts
FN:35,notifyAssignment
FN:45,(anonymous_1)
FN:54,(anonymous_2)
FN:74,postSlack
FN:90,postTeams
FNF:5
FNH:0
FNDA:0,notifyAssignment
FNDA:0,(anonymous_1)
FNDA:0,(anonymous_2)
FNDA:0,postSlack
FNDA:0,postTeams
DA:16,0
DA:27,0
DA:28,0
DA:35,0
DA:36,0
DA:42,0
DA:43,0
DA:44,0
DA:46,0
DA:47,0
DA:48,0
DA:52,0
DA:53,0
DA:55,0
DA:56,0
DA:57,0
DA:62,0
DA:64,0
DA:71,0
DA:77,0
DA:79,0
DA:85,0
DA:86,0
DA:92,0
DA:100,0
DA:106,0
DA:107,0
LF:27
LH:0
BRDA:37,0,0,0
BRDA:37,0,1,0
BRDA:38,1,0,0
BRDA:38,1,1,0
BRDA:43,2,0,0
BRDA:46,3,0,0
BRDA:46,3,1,0
BRDA:52,4,0,0
BRDA:55,5,0,0
BRDA:55,5,1,0
BRDA:77,6,0,0
BRDA:77,6,1,0
BRDA:85,7,0,0
BRDA:95,8,0,0
BRDA:95,8,1,0
BRDA:98,9,0,0
BRDA:98,9,1,0
BRDA:106,10,0,0
BRF:18
BRH:0
end_of_record
TN:
SF:src/modules/integrations/facebook/facebook.connector.ts
FN:50,isExpiringSoon
FN:60,exchangeForLongLivedToken
FN:87,loadCredentials
FN:103,(anonymous_12)
FN:121,fetchFormLeads
FN:151,persistAccessToken
FN:156,(anonymous_15)
FN:157,(anonymous_16)
FN:158,(anonymous_17)
FNF:9
FNH:0
FNDA:0,isExpiringSoon
FNDA:0,exchangeForLongLivedToken
FNDA:0,loadCredentials
FNDA:0,(anonymous_12)
FNDA:0,fetchFormLeads
FNDA:0,persistAccessToken
FNDA:0,(anonymous_15)
FNDA:0,(anonymous_16)
FNDA:0,(anonymous_17)
DA:1,0
DA:2,0
DA:3,0
DA:4,0
DA:5,0
DA:6,0
DA:33,0
DA:35,0
DA:48,0
DA:51,0
DA:52,0
DA:53,0
DA:60,0
DA:64,0
DA:69,0
DA:77,0
DA:78,0
DA:79,0
DA:80,0
DA:81,0
DA:87,0
DA:88,0
DA:89,0
DA:90,0
DA:91,0
DA:94,0
DA:95,0
DA:97,0
DA:98,0
DA:100,0
DA:101,0
DA:102,0
DA:103,0
DA:107,0
DA:121,0
DA:126,0
DA:127,0
DA:128,0
DA:129,0
DA:130,0
DA:131,0
DA:134,0
DA:136,0
DA:141,0
DA:156,0
DA:157,0
DA:158,0
DA:159,0
DA:160,0
DA:161,0
DA:162,0
DA:163,0
DA:167,0
DA:168,0
DA:169,0
LF:55
LH:0
BRDA:51,0,0,0
BRDA:53,1,0,0
BRDA:53,1,1,0
BRDA:77,2,0,0
BRDA:79,3,0,0
BRDA:80,4,0,0
BRDA:80,4,1,0
BRDA:89,5,0,0
BRDA:91,6,0,0
BRDA:97,7,0,0
BRDA:97,7,1,0
BRDA:101,8,0,0
BRDA:128,9,0,0
BRDA:160,10,0,0
BRDA:168,11,0,0
BRF:15
BRH:0
end_of_record
TN:
SF:src/modules/integrations/google-ads/google-ads.connector.ts
FN:51,isExpiringSoon
FN:62,getAccessToken
FN:75,refreshAccessToken
FN:109,persistRefreshedToken
FN:128,(anonymous_13)
FN:132,(anonymous_14)
FN:140,loadCredentials
FN:156,(anonymous_16)
FN:169,callRest
FNF:9
FNH:0
FNDA:0,isExpiringSoon
FNDA:0,getAccessToken
FNDA:0,refreshAccessToken
FNDA:0,persistRefreshedToken
FNDA:0,(anonymous_13)
FNDA:0,(anonymous_14)
FNDA:0,loadCredentials
FNDA:0,(anonymous_16)
FNDA:0,callRest
DA:1,0
DA:2,0
DA:3,0
DA:4,0
DA:5,0
DA:6,0
DA:32,0
DA:34,0
DA:49,0
DA:52,0
DA:53,0
DA:54,0
DA:62,0
DA:66,0
DA:67,0
DA:68,0
DA:70,0
DA:71,0
DA:72,0
DA:78,0
DA:85,0
DA:95,0
DA:96,0
DA:98,0
DA:99,0
DA:100,0
DA:101,0
DA:103,0
DA:115,0
DA:116,0
DA:117,0
DA:118,0
DA:119,0
DA:123,0
DA:128,0
DA:129,0
DA:132,0
DA:133,0
DA:140,0
DA:141,0
DA:142,0
DA:143,0
DA:144,0
DA:147,0
DA:148,0
DA:150,0
DA:151,0
DA:153,0
DA:154,0
DA:155,0
DA:156,0
DA:160,0
DA:169,0
DA:174,0
DA:175,0
DA:176,0
DA:181,0
DA:182,0
DA:184,0
LF:59
LH:0
BRDA:52,0,0,0
BRDA:52,1,0,0
BRDA:52,1,1,0
BRDA:54,2,0,0
BRDA:54,2,1,0
BRDA:67,3,0,0
BRDA:95,4,0,0
BRDA:99,5,0,0
BRDA:99,5,1,0
BRDA:100,6,0,0
BRDA:116,7,0,0
BRDA:142,8,0,0
BRDA:144,9,0,0
BRDA:150,10,0,0
BRDA:150,10,1,0
BRDA:154,11,0,0
BRDA:182,12,0,0
BRF:17
BRH:0
end_of_record
TN:
SF:src/modules/integrations/google-calendar/google-calendar.connector.ts
FN:48,loadCredentials
FN:65,(anonymous_1)
FN:74,refreshAccessToken
FN:114,createEvent
FN:148,(anonymous_4)
FN:152,(anonymous_5)
FNF:6
FNH:0
FNDA:0,loadCredentials
FNDA:0,(anonymous_1)
FNDA:0,refreshAccessToken
FNDA:0,createEvent
FNDA:0,(anonymous_4)
FNDA:0,(anonymous_5)
DA:18,0
DA:19,0
DA:20,0
DA:21,0
DA:22,0
DA:23,0
DA:25,0
DA:27,0
DA:48,0
DA:49,0
DA:50,0
DA:51,0
DA:52,0
DA:55,0
DA:56,0
DA:58,0
DA:59,0
DA:62,0
DA:63,0
DA:64,0
DA:65,0
DA:69,0
DA:75,0
DA:85,0
DA:86,0
DA:88,0
DA:89,0
DA:90,0
DA:92,0
DA:114,0
DA:119,0
DA:122,0
DA:123,0
DA:125,0
DA:126,0
DA:133,0
DA:136,0
DA:137,0
DA:141,0
DA:143,0
DA:148,0
DA:151,0
DA:152,0
DA:157,0
DA:165,0
DA:166,0
DA:167,0
DA:168,0
DA:175,0
DA:176,0
DA:180,0
DA:181,0
DA:189,0
DA:190,0
LF:54
LH:0
BRDA:50,0,0,0
BRDA:52,1,0,0
BRDA:58,2,0,0
BRDA:58,2,1,0
BRDA:63,3,0,0
BRDA:85,4,0,0
BRDA:89,5,0,0
BRDA:125,6,0,0
BRDA:125,6,1,0
BRDA:128,7,0,0
BRDA:128,7,1,0
BRDA:129,8,0,0
BRDA:129,8,1,0
BRDA:136,9,0,0
BRDA:136,9,1,0
BRDA:136,9,2,0
BRDA:141,10,0,0
BRDA:141,10,1,0
BRDA:148,11,0,0
BRDA:148,11,1,0
BRDA:165,12,0,0
BRDA:165,13,0,0
BRDA:165,13,1,0
BRDA:175,14,0,0
BRDA:175,14,1,0
BRDA:180,15,0,0
BRDA:183,16,0,0
BRDA:183,16,1,0
BRDA:184,17,0,0
BRDA:184,17,1,0
BRDA:192,18,0,0
BRDA:192,18,1,0
BRDA:193,19,0,0
BRDA:193,19,1,0
BRF:34
BRH:0
end_of_record
TN:
SF:src/modules/integrations/google-sheets/google-sheets.connector.ts
FN:46,loadCredentials
FN:63,(anonymous_1)
FN:73,refreshAccessToken
FN:109,appendRows
FN:145,(anonymous_4)
FNF:5
FNH:0
FNDA:0,loadCredentials
FNDA:0,(anonymous_1)
FNDA:0,refreshAccessToken
FNDA:0,appendRows
FNDA:0,(anonymous_4)
DA:16,0
DA:17,0
DA:18,0
DA:19,0
DA:20,0
DA:21,0
DA:23,0
DA:25,0
DA:46,0
DA:47,0
DA:48,0
DA:49,0
DA:50,0
DA:53,0
DA:54,0
DA:56,0
DA:57,0
DA:60,0
DA:61,0
DA:62,0
DA:63,0
DA:67,0
DA:74,0
DA:84,0
DA:85,0
DA:87,0
DA:88,0
DA:89,0
DA:91,0
DA:109,0
DA:114,0
DA:117,0
DA:118,0
DA:120,0
DA:121,0
DA:127,0
DA:130,0
DA:131,0
DA:132,0
DA:139,0
DA:141,0
DA:144,0
DA:145,0
DA:150,0
DA:158,0
DA:159,0
DA:160,0
DA:161,0
DA:168,0
DA:169,0
DA:173,0
DA:174,0
DA:182,0
DA:183,0
LF:54
LH:0
BRDA:48,0,0,0
BRDA:50,1,0,0
BRDA:56,2,0,0
BRDA:56,2,1,0
BRDA:61,3,0,0
BRDA:84,4,0,0
BRDA:88,5,0,0
BRDA:120,6,0,0
BRDA:120,6,1,0
BRDA:123,7,0,0
BRDA:123,7,1,0
BRDA:124,8,0,0
BRDA:124,8,1,0
BRDA:130,9,0,0
BRDA:130,9,1,0
BRDA:131,10,0,0
BRDA:139,11,0,0
BRDA:139,11,1,0
BRDA:158,12,0,0
BRDA:158,13,0,0
BRDA:158,13,1,0
BRDA:168,14,0,0
BRDA:168,14,1,0
BRDA:173,15,0,0
BRDA:176,16,0,0
BRDA:176,16,1,0
BRDA:177,17,0,0
BRDA:177,17,1,0
BRDA:185,18,0,0
BRDA:185,18,1,0
BRDA:186,19,0,0
BRDA:186,19,1,0
BRF:32
BRH:0
end_of_record
TN:
SF:src/modules/integrations/oauth/oauth.routes.ts
FN:32,(anonymous_0)
FN:55,(anonymous_1)
FN:88,(anonymous_2)
FNF:3
FNH:0
FNDA:0,(anonymous_0)
FNDA:0,(anonymous_1)
FNDA:0,(anonymous_2)
DA:9,0
DA:10,0
DA:11,0
DA:12,0
DA:13,0
DA:14,0
DA:20,0
DA:23,0
DA:24,0
DA:32,0
DA:33,0
DA:34,0
DA:36,0
DA:37,0
DA:40,0
DA:41,0
DA:44,0
DA:46,0
DA:55,0
DA:56,0
DA:57,0
DA:59,0
DA:60,0
DA:63,0
DA:64,0
DA:67,0
DA:68,0
DA:71,0
DA:72,0
DA:75,0
DA:76,0
DA:77,0
DA:88,0
DA:89,0
DA:90,0
DA:92,0
DA:93,0
DA:96,0
DA:97,0
DA:100,0
DA:102,0
DA:108,0
LF:42
LH:0
BRDA:36,0,0,0
BRDA:40,1,0,0
BRDA:40,2,0,0
BRDA:40,2,1,0
BRDA:59,3,0,0
BRDA:59,4,0,0
BRDA:59,4,1,0
BRDA:63,5,0,0
BRDA:63,6,0,0
BRDA:63,6,1,0
BRDA:71,7,0,0
BRDA:71,7,1,0
BRDA:75,8,0,0
BRDA:75,8,1,0
BRDA:76,9,0,0
BRDA:76,9,1,0
BRDA:92,10,0,0
BRDA:92,11,0,0
BRDA:92,11,1,0
BRDA:96,12,0,0
BRF:20
BRH:0
end_of_record
TN:
SF:src/modules/integrations/oauth/oauth.service.ts
FN:56,generateAuthorizationUrl
FN:110,exchangeCodeForTokens
FN:170,refreshAccessToken
FN:218,exchangeGoogleAdsCode
FN:243,exchangeFacebookCode
FN:260,refreshGoogleAdsToken
FN:284,refreshFacebookToken
FN:301,parseExistingCredentials
FN:314,cleanupExpiredStates
FNF:9
FNH:0
FNDA:0,generateAuthorizationUrl
FNDA:0,exchangeCodeForTokens
FNDA:0,refreshAccessToken
FNDA:0,exchangeGoogleAdsCode
FNDA:0,exchangeFacebookCode
FNDA:0,refreshGoogleAdsToken
FNDA:0,refreshFacebookToken
FNDA:0,parseExistingCredentials
FNDA:0,cleanupExpiredStates
DA:11,0
DA:12,0
DA:13,0
DA:14,0
DA:15,0
DA:25,0
DA:26,0
DA:30,0
DA:44,0
DA:56,0
DA:60,0
DA:61,0
DA:63,0
DA:64,0
DA:68,0
DA:76,0
DA:80,0
DA:81,0
DA:90,0
DA:93,0
DA:101,0
DA:104,0
DA:105,0
DA:110,0
DA:116,0
DA:117,0
DA:118,0
DA:121,0
DA:122,0
DA:126,0
DA:131,0
DA:132,0
DA:134,0
DA:138,0
DA:139,0
DA:140,0
DA:143,0
DA:146,0
DA:153,0
DA:154,0
DA:159,0
DA:165,0
DA:170,0
DA:174,0
DA:175,0
DA:176,0
DA:179,0
DA:185,0
DA:186,0
DA:187,0
DA:188,0
DA:190,0
DA:192,0
DA:193,0
DA:194,0
DA:196,0
DA:200,0
DA:206,0
DA:207,0
DA:212,0
DA:213,0
DA:222,0
DA:234,0
DA:235,0
DA:236,0
DA:237,0
DA:240,0
DA:247,0
DA:251,0
DA:252,0
DA:253,0
DA:254,0
DA:257,0
DA:264,0
DA:275,0
DA:276,0
DA:277,0
DA:278,0
DA:281,0
DA:288,0
DA:292,0
DA:293,0
DA:294,0
DA:295,0
DA:298,0
DA:304,0
DA:305,0
DA:307,0
DA:308,0
DA:310,0
DA:315,0
DA:316,0
DA:317,0
DA:318,0
LF:94
LH:0
BRDA:31,0,0,0
BRDA:31,0,1,0
BRDA:32,1,0,0
BRDA:32,1,1,0
BRDA:34,2,0,0
BRDA:34,2,1,0
BRDA:45,3,0,0
BRDA:45,3,1,0
BRDA:46,4,0,0
BRDA:46,4,1,0
BRDA:48,5,0,0
BRDA:48,5,1,0
BRDA:61,6,0,0
BRDA:61,6,1,0
BRDA:63,7,0,0
BRDA:80,8,0,0
BRDA:80,8,1,0
BRDA:117,9,0,0
BRDA:121,10,0,0
BRDA:131,11,0,0
BRDA:131,11,1,0
BRDA:139,12,0,0
BRDA:175,13,0,0
BRDA:175,14,0,0
BRDA:175,14,1,0
BRDA:185,15,0,0
BRDA:185,15,1,0
BRDA:187,16,0,0
BRDA:193,17,0,0
BRDA:234,18,0,0
BRDA:251,19,0,0
BRDA:275,20,0,0
BRDA:292,21,0,0
BRDA:304,22,0,0
BRDA:317,23,0,0
BRF:35
BRH:0
end_of_record
TN:
SF:src/modules/integrations/outlook/outlook.connector.ts
FN:48,loadCredentials
FN:65,(anonymous_1)
FN:74,refreshAccessToken
FN:113,sendEmail
FN:152,(anonymous_4)
FNF:5
FNH:0
FNDA:0,loadCredentials
FNDA:0,(anonymous_1)
FNDA:0,refreshAccessToken
FNDA:0,sendEmail
FNDA:0,(anonymous_4)
DA:16,0
DA:17,0
DA:18,0
DA:19,0
DA:20,0
DA:21,0
DA:23,0
DA:25,0
DA:48,0
DA:49,0
DA:50,0
DA:51,0
DA:52,0
DA:55,0
DA:56,0
DA:58,0
DA:59,0
DA:62,0
DA:63,0
DA:64,0
DA:65,0
DA:69,0
DA:75,0
DA:76,0
DA:87,0
DA:88,0
DA:90,0
DA:91,0
DA:92,0
DA:94,0
DA:113,0
DA:114,0
DA:117,0
DA:118,0
DA:120,0
DA:121,0
DA:128,0
DA:131,0
DA:133,0
DA:151,0
DA:152,0
DA:157,0
DA:165,0
DA:166,0
DA:167,0
DA:168,0
DA:175,0
DA:176,0
DA:180,0
DA:182,0
DA:183,0
DA:191,0
DA:200,0
DA:209,0
LF:54
LH:0
BRDA:50,0,0,0
BRDA:52,1,0,0
BRDA:58,2,0,0
BRDA:58,2,1,0
BRDA:63,3,0,0
BRDA:87,4,0,0
BRDA:91,5,0,0
BRDA:120,6,0,0
BRDA:120,6,1,0
BRDA:143,7,0,0
BRDA:143,7,1,0
BRDA:165,8,0,0
BRDA:165,9,0,0
BRDA:165,9,1,0
BRDA:175,10,0,0
BRDA:175,10,1,0
BRDA:182,11,0,0
BRDA:193,12,0,0
BRDA:193,12,1,0
BRDA:194,13,0,0
BRDA:194,13,1,0
BRF:21
BRH:0
end_of_record
TN:
SF:src/modules/integrations/sendgrid/sendgrid.connector.ts
FN:53,loadCredentials
FN:69,(anonymous_1)
FN:76,sendEmail
FN:118,stripHtml
FNF:4
FNH:0
FNDA:0,loadCredentials
FNDA:0,(anonymous_1)
FNDA:0,sendEmail
FNDA:0,stripHtml
DA:1,0
DA:2,0
DA:3,0
DA:4,0
DA:5,0
DA:6,0
DA:25,0
DA:27,0
DA:53,0
DA:54,0
DA:55,0
DA:56,0
DA:57,0
DA:60,0
DA:61,0
DA:63,0
DA:64,0
DA:66,0
DA:67,0
DA:68,0
DA:69,0
DA:73,0
DA:76,0
DA:77,0
DA:78,0
DA:80,0
DA:90,0
DA:108,0
DA:109,0
DA:119,0
LF:30
LH:0
BRDA:55,0,0,0
BRDA:57,1,0,0
BRDA:63,2,0,0
BRDA:63,2,1,0
BRDA:67,3,0,0
BRDA:85,4,0,0
BRDA:85,4,1,0
BRDA:104,5,0,0
BRDA:104,5,1,0
BRDA:108,6,0,0
BRF:10
BRH:0
end_of_record
TN:
SF:src/modules/integrations/smtp/smtp.connector.ts
FN:52,loadCredentials
FN:68,(anonymous_2)
FN:75,sendEmail
FNF:3
FNH:0
FNDA:0,loadCredentials
FNDA:0,(anonymous_2)
FNDA:0,sendEmail
DA:11,0
DA:12,0
DA:13,0
DA:14,0
DA:15,0
DA:16,0
DA:18,0
DA:20,0
DA:52,0
DA:53,0
DA:54,0
DA:55,0
DA:56,0
DA:59,0
DA:60,0
DA:62,0
DA:63,0
DA:65,0
DA:66,0
DA:67,0
DA:68,0
DA:72,0
DA:75,0
DA:76,0
DA:79,0
DA:80,0
DA:82,0
DA:83,0
DA:89,0
DA:92,0
DA:93,0
DA:100,0
DA:110,0
DA:111,0
DA:113,0
DA:121,0
DA:123,0
DA:124,0
DA:125,0
DA:132,0
LF:40
LH:0
BRDA:54,0,0,0
BRDA:56,1,0,0
BRDA:62,2,0,0
BRDA:62,2,1,0
BRDA:66,3,0,0
BRDA:82,4,0,0
BRDA:82,4,1,0
BRDA:101,5,0,0
BRDA:101,5,1,0
BRDA:106,6,0,0
BRDA:106,6,1,0
BRDA:124,7,0,0
BRDA:124,7,1,0
BRF:13
BRH:0
end_of_record
TN:
SF:src/modules/integrations/twilio/twilio.connector.ts
FN:47,loadCredentials
FN:63,(anonymous_1)
FN:70,sendSms
FNF:3
FNH:0
FNDA:0,loadCredentials
FNDA:0,(anonymous_1)
FNDA:0,sendSms
DA:1,0
DA:2,0
DA:3,0
DA:4,0
DA:5,0
DA:6,0
DA:21,0
DA:23,0
DA:47,0
DA:48,0
DA:49,0
DA:50,0
DA:51,0
DA:54,0
DA:55,0
DA:57,0
DA:58,0
DA:60,0
DA:61,0
DA:62,0
DA:63,0
DA:67,0
DA:70,0
DA:71,0
DA:72,0
DA:73,0
DA:75,0
DA:81,0
DA:99,0
DA:100,0
LF:30
LH:0
BRDA:49,0,0,0
BRDA:51,1,0,0
BRDA:57,2,0,0
BRDA:57,2,1,0
BRDA:61,3,0,0
BRDA:99,4,0,0
BRF:6
BRH:0
end_of_record
TN:
SF:src/modules/integrations/webhooks/whatsapp.signature.ts
FN:17,verifyWhatsappSignature
FNF:1
FNH:1
FNDA:7,verifyWhatsappSignature
DA:1,1
DA:17,1
DA:22,7
DA:23,6
DA:24,6
DA:25,5
DA:26,5
DA:28,4
DA:30,4
DA:31,2
DA:32,2
DA:34,0
LF:12
LH:11
BRDA:22,0,0,1
BRDA:24,1,0,1
BRDA:26,2,0,1
BRDA:30,3,0,2
BRF:4
BRH:4
end_of_record
TN:
SF:src/modules/integrations/whatsapp/whatsapp.connector.ts
FN:57,loadCredentials
FN:73,(anonymous_1)
FN:84,sendMessage
FN:103,(anonymous_3)
FN:144,maskPhone
FNF:5
FNH:0
FNDA:0,loadCredentials
FNDA:0,(anonymous_1)
FNDA:0,sendMessage
FNDA:0,(anonymous_3)
FNDA:0,maskPhone
DA:15,0
DA:16,0
DA:17,0
DA:18,0
DA:19,0
DA:20,0
DA:22,0
DA:24,0
DA:57,0
DA:58,0
DA:59,0
DA:60,0
DA:61,0
DA:64,0
DA:65,0
DA:67,0
DA:68,0
DA:70,0
DA:71,0
DA:72,0
DA:73,0
DA:77,0
DA:84,0
DA:87,0
DA:88,0
DA:90,0
DA:94,0
DA:95,0
DA:96,0
DA:103,0
DA:109,0
DA:110,0
DA:113,0
DA:131,0
DA:132,0
DA:134,0
DA:135,0
DA:145,0
DA:146,0
LF:39
LH:0
BRDA:59,0,0,0
BRDA:61,1,0,0
BRDA:67,2,0,0
BRDA:67,2,1,0
BRDA:71,3,0,0
BRDA:94,4,0,0
BRDA:94,4,1,0
BRDA:98,5,0,0
BRDA:98,5,1,0
BRDA:99,6,0,0
BRDA:99,6,1,0
BRDA:131,7,0,0
BRDA:145,8,0,0
BRF:13
BRH:0
end_of_record
TN:
SF:src/modules/leads/leads.controller.ts
FN:16,actorFromReq
FN:26,listLeadsHandler
FN:45,(anonymous_11)
FN:70,getLeadHandler
FN:83,createLeadHandler
FN:97,updateLeadHandler
FN:111,deleteLeadHandler
FN:124,pauseLeadHandler
FN:138,getLeadActivityHandler
FN:152,importLeadsHandler
FNF:10
FNH:0
FNDA:0,actorFromReq
FNDA:0,listLeadsHandler
FNDA:0,(anonymous_11)
FNDA:0,getLeadHandler
FNDA:0,createLeadHandler
FNDA:0,updateLeadHandler
FNDA:0,deleteLeadHandler
FNDA:0,pauseLeadHandler
FNDA:0,getLeadActivityHandler
FNDA:0,importLeadsHandler
DA:2,0
DA:3,0
DA:5,0
DA:6,0
DA:12,0
DA:13,0
DA:21,0
DA:22,0
DA:23,0
DA:26,0
DA:31,0
DA:32,0
DA:35,0
DA:36,0
DA:37,0
DA:38,0
DA:39,0
DA:42,0
DA:45,0
DA:49,0
DA:63,0
DA:64,0
DA:66,0
DA:70,0
DA:75,0
DA:76,0
DA:77,0
DA:79,0
DA:83,0
DA:88,0
DA:89,0
DA:90,0
DA:91,0
DA:93,0
DA:97,0
DA:102,0
DA:103,0
DA:104,0
DA:105,0
DA:107,0
DA:111,0
DA:116,0
DA:117,0
DA:118,0
DA:120,0
DA:124,0
DA:129,0
DA:130,0
DA:131,0
DA:132,0
DA:134,0
DA:138,0
DA:143,0
DA:144,0
DA:145,0
DA:146,0
DA:148,0
DA:152,0
DA:157,0
DA:158,0
DA:159,0
DA:164,0
DA:165,0
DA:168,0
DA:169,0
DA:171,0
DA:173,0
DA:179,0
DA:181,0
LF:69
LH:0
BRDA:22,0,0,0
BRDA:23,1,0,0
BRDA:23,1,1,0
BRDA:35,2,0,0
BRDA:37,3,0,0
BRDA:42,4,0,0
BRDA:42,4,1,0
BRDA:131,5,0,0
BRDA:131,5,1,0
BRDA:144,6,0,0
BRDA:144,6,1,0
BRDA:158,7,0,0
BRDA:164,8,0,0
BRDA:164,9,0,0
BRDA:164,9,1,0
BRDA:171,10,0,0
BRDA:171,10,1,0
BRDA:171,11,0,0
BRDA:171,11,1,0
BRF:19
BRH:0
end_of_record
TN:
SF:src/modules/leads/leads.import.ts
FN:13,isSupportedFile
FN:15,(anonymous_1)
FN:19,parseFile
FN:39,normalizeHeader
FN:47,toStr
FN:52,toNumOrNull
FN:58,mapRow
FN:82,(anonymous_7)
FN:99,importLeads
FN:125,(anonymous_9)
FNF:10
FNH:0
FNDA:0,isSupportedFile
FNDA:0,(anonymous_1)
FNDA:0,parseFile
FNDA:0,normalizeHeader
FNDA:0,toStr
FNDA:0,toNumOrNull
FNDA:0,mapRow
FNDA:0,(anonymous_7)
FNDA:0,importLeads
FNDA:0,(anonymous_9)
DA:1,0
DA:2,0
DA:3,0
DA:4,0
DA:5,0
DA:6,0
DA:7,0
DA:8,0
DA:11,0
DA:13,0
DA:14,0
DA:15,0
DA:19,0
DA:20,0
DA:21,0
DA:22,0
DA:29,0
DA:30,0
DA:31,0
DA:32,0
DA:33,0
DA:34,0
DA:36,0
DA:40,0
DA:48,0
DA:49,0
DA:53,0
DA:54,0
DA:55,0
DA:59,0
DA:60,0
DA:61,0
DA:64,0
DA:65,0
DA:67,0
DA:82,0
DA:99,0
DA:105,0
DA:106,0
DA:114,0
DA:116,0
DA:117,0
DA:118,0
DA:119,0
DA:120,0
DA:121,0
DA:122,0
DA:123,0
DA:125,0
DA:127,0
DA:130,0
DA:136,0
DA:137,0
DA:138,0
DA:139,0
DA:140,0
DA:142,0
DA:144,0
DA:145,0
DA:146,0
DA:147,0
DA:148,0
DA:157,0
DA:158,0
DA:159,0
DA:169,0
DA:170,0
DA:177,0
LF:68
LH:0
BRDA:21,0,0,0
BRDA:29,1,0,0
BRDA:29,2,0,0
BRDA:29,2,1,0
BRDA:32,3,0,0
BRDA:48,4,0,0
BRDA:48,5,0,0
BRDA:48,5,1,0
BRDA:53,6,0,0
BRDA:53,7,0,0
BRDA:53,7,1,0
BRDA:53,7,2,0
BRDA:55,8,0,0
BRDA:55,8,1,0
BRDA:72,9,0,0
BRDA:72,9,1,0
BRDA:75,10,0,0
BRDA:75,10,1,0
BRDA:78,11,0,0
BRDA:78,11,1,0
BRDA:79,12,0,0
BRDA:79,12,1,0
BRDA:85,13,0,0
BRDA:85,13,1,0
BRDA:121,14,0,0
BRDA:136,15,0,0
BRDA:136,15,1,0
BRDA:137,16,0,0
BRDA:145,17,0,0
BRDA:145,17,1,0
BRDA:154,18,0,0
BRDA:154,18,1,0
BRDA:165,19,0,0
BRDA:165,19,1,0
BRDA:172,20,0,0
BRDA:172,20,1,0
BRF:36
BRH:0
end_of_record
TN:
SF:src/modules/leads/leads.repository.ts
FN:9,jsonArray
FN:14,findLeads
FN:75,findLeadById
FN:80,findExistingForDedup
FN:95,insertLead
FN:131,updateLead
FN:191,softDeleteLead
FN:197,updateLeadStatus
FN:207,runInTransaction
FN:226,findActivityForLead
FNF:10
FNH:0
FNDA:0,jsonArray
FNDA:0,findLeads
FNDA:0,findLeadById
FNDA:0,findExistingForDedup
FNDA:0,insertLead
FNDA:0,updateLead
FNDA:0,softDeleteLead
FNDA:0,updateLeadStatus
FNDA:0,runInTransaction
FNDA:0,findActivityForLead
DA:1,3
DA:4,3
DA:10,0
DA:11,0
DA:14,3
DA:17,0
DA:18,0
DA:19,0
DA:21,0
DA:22,0
DA:23,0
DA:25,0
DA:26,0
DA:27,0
DA:29,0
DA:30,0
DA:31,0
DA:33,0
DA:34,0
DA:35,0
DA:37,0
DA:38,0
DA:39,0
DA:41,0
DA:42,0
DA:43,0
DA:45,0
DA:46,0
DA:49,0
DA:50,0
DA:52,0
DA:53,0
DA:54,0
DA:56,0
DA:57,0
DA:58,0
DA:59,0
DA:63,0
DA:64,0
DA:65,0
DA:67,0
DA:69,0
DA:70,0
DA:71,0
DA:72,0
DA:75,3
DA:76,0
DA:80,3
DA:85,0
DA:95,3
DA:96,0
DA:127,0
DA:128,0
DA:131,3
DA:132,0
DA:133,0
DA:134,0
DA:137,0
DA:154,0
DA:155,0
DA:156,0
DA:157,0
DA:158,0
DA:162,0
DA:163,0
DA:164,0
DA:166,0
DA:167,0
DA:168,0
DA:170,0
DA:171,0
DA:172,0
DA:175,0
DA:177,0
DA:178,0
DA:179,0
DA:182,0
DA:183,0
DA:187,0
DA:188,0
DA:191,3
DA:192,0
DA:197,3
DA:198,0
DA:202,0
DA:203,0
DA:207,3
DA:210,0
DA:226,3
DA:230,0
DA:244,0
LF:91
LH:11
BRDA:10,0,0,0
BRDA:10,1,0,0
BRDA:10,1,1,0
BRDA:21,2,0,0
BRDA:25,3,0,0
BRDA:29,4,0,0
BRDA:33,5,0,0
BRDA:37,6,0,0
BRDA:41,7,0,0
BRDA:45,8,0,0
BRDA:52,9,0,0
BRDA:52,10,0,0
BRDA:52,10,1,0
BRDA:56,11,0,0
BRDA:56,12,0,0
BRDA:56,12,1,0
BRDA:71,13,0,0
BRDA:71,13,1,0
BRDA:112,14,0,0
BRDA:112,14,1,0
BRDA:115,15,0,0
BRDA:115,15,1,0
BRDA:116,16,0,0
BRDA:116,16,1,0
BRDA:117,17,0,0
BRDA:117,17,1,0
BRDA:120,18,0,0
BRDA:120,18,1,0
BRDA:121,19,0,0
BRDA:121,19,1,0
BRDA:122,20,0,0
BRDA:122,20,1,0
BRDA:123,21,0,0
BRDA:123,21,1,0
BRDA:124,22,0,0
BRDA:124,22,1,0
BRDA:127,23,0,0
BRDA:155,24,0,0
BRDA:155,25,0,0
BRDA:155,25,1,0
BRDA:156,26,0,0
BRDA:156,26,1,0
BRDA:157,27,0,0
BRDA:157,27,1,0
BRDA:162,28,0,0
BRDA:166,29,0,0
BRDA:168,30,0,0
BRDA:168,30,1,0
BRDA:170,31,0,0
BRDA:172,32,0,0
BRDA:172,32,1,0
BRDA:175,33,0,0
BRDA:178,34,0,0
BRDA:187,35,0,0
BRDA:202,36,0,0
BRF:55
BRH:0
end_of_record
TN:
SF:src/modules/leads/leads.routes.ts
FNF:0
FNH:0
DA:1,0
DA:2,0
DA:3,0
DA:4,0
DA:5,0
DA:6,0
DA:7,0
DA:18,0
DA:21,0
DA:24,0
DA:25,0
DA:28,0
DA:31,0
DA:34,0
DA:37,0
DA:45,0
DA:48,0
DA:50,0
LF:18
LH:0
BRF:0
BRH:0
end_of_record
TN:
SF:src/modules/leads/leads.schema.ts
FNF:0
FNH:0
DA:1,0
DA:4,0
DA:7,0
DA:11,0
DA:31,0
DA:33,0
DA:35,0
DA:48,0
LF:8
LH:0
BRF:0
BRH:0
end_of_record
TN:
SF:src/modules/leads/leads.service.ts
FN:246,(anonymous_0)
FN:246,(anonymous_1)
FN:36,applyScope
FN:44,assertAccess
FN:55,prepareInput
FN:72,createLead
FN:101,getLeadById
FN:108,listLeads
FN:127,updateLeadFields
FN:191,softDeleteLeadById
FN:205,setLeadPaused
FN:235,getLeadActivity
FNF:12
FNH:0
FNDA:0,(anonymous_0)
FNDA:0,(anonymous_1)
FNDA:0,applyScope
FNDA:0,assertAccess
FNDA:0,prepareInput
FNDA:0,createLead
FNDA:0,getLeadById
FNDA:0,listLeads
FNDA:0,updateLeadFields
FNDA:0,softDeleteLeadById
FNDA:0,setLeadPaused
FNDA:0,getLeadActivity
DA:1,0
DA:2,0
DA:3,0
DA:4,0
DA:5,0
DA:6,0
DA:8,0
DA:9,0
DA:20,0
DA:27,0
DA:37,0
DA:38,0
DA:40,0
DA:45,0
DA:46,0
DA:47,0
DA:48,0
DA:51,0
DA:52,0
DA:56,0
DA:63,0
DA:64,0
DA:65,0
DA:66,0
DA:68,0
DA:69,0
DA:72,0
DA:73,0
DA:75,0
DA:80,0
DA:81,0
DA:87,0
DA:88,0
DA:97,0
DA:98,0
DA:101,0
DA:102,0
DA:103,0
DA:104,0
DA:105,0
DA:108,0
DA:112,0
DA:113,0
DA:116,0
DA:117,0
DA:118,0
DA:121,0
DA:127,0
DA:132,0
DA:133,0
DA:134,0
DA:137,0
DA:159,0
DA:160,0
DA:163,0
DA:164,0
DA:165,0
DA:166,0
DA:168,0
DA:171,0
DA:172,0
DA:173,0
DA:174,0
DA:178,0
DA:179,0
DA:188,0
DA:191,0
DA:192,0
DA:193,0
DA:194,0
DA:195,0
DA:205,0
DA:210,0
DA:211,0
DA:212,0
DA:214,0
DA:215,0
DA:216,0
DA:219,0
DA:220,0
DA:221,0
DA:223,0
DA:232,0
DA:235,0
DA:240,0
DA:241,0
DA:242,0
DA:243,0
DA:246,0
LF:89
LH:0
BRDA:37,0,0,0
BRDA:45,1,0,0
BRDA:45,2,0,0
BRDA:45,2,1,0
BRDA:46,3,0,0
BRDA:46,4,0,0
BRDA:46,4,1,0
BRDA:47,5,0,0
BRDA:51,6,0,0
BRDA:64,7,0,0
BRDA:64,7,1,0
BRDA:65,8,0,0
BRDA:80,9,0,0
BRDA:94,10,0,0
BRDA:94,10,1,0
BRDA:103,11,0,0
BRDA:116,12,0,0
BRDA:116,13,0,0
BRDA:116,13,1,0
BRDA:133,14,0,0
BRDA:146,15,0,0
BRDA:146,15,1,0
BRDA:159,16,0,0
BRDA:160,17,0,0
BRDA:164,18,0,0
BRDA:164,18,1,0
BRDA:165,19,0,0
BRDA:171,20,0,0
BRDA:171,21,0,0
BRDA:171,21,1,0
BRDA:173,22,0,0
BRDA:173,23,0,0
BRDA:173,23,1,0
BRDA:186,24,0,0
BRDA:186,24,1,0
BRDA:193,25,0,0
BRDA:201,26,0,0
BRDA:201,26,1,0
BRDA:211,27,0,0
BRDA:214,28,0,0
BRDA:214,28,1,0
BRDA:215,29,0,0
BRDA:220,30,0,0
BRDA:225,31,0,0
BRDA:225,31,1,0
BRDA:230,32,0,0
BRDA:230,32,1,0
BRDA:238,33,0,0
BRDA:241,34,0,0
BRF:49
BRH:0
end_of_record
TN:
SF:src/modules/leads/leads.types.ts
FN:110,toLeadResponse
FNF:1
FNH:0
FNDA:0,toLeadResponse
DA:110,0
DA:111,0
LF:2
LH:0
BRDA:121,0,0,0
BRDA:121,0,1,0
BRDA:130,1,0,0
BRDA:130,1,1,0
BRDA:131,2,0,0
BRDA:131,2,1,0
BRF:6
BRH:0
end_of_record
TN:
SF:src/modules/notifications/notifications.controller.ts
FN:5,sseHandler
FN:20,(anonymous_1)
FN:24,(anonymous_2)
FN:30,(anonymous_3)
FNF:4
FNH:0
FNDA:0,sseHandler
FNDA:0,(anonymous_1)
FNDA:0,(anonymous_2)
FNDA:0,(anonymous_3)
DA:2,0
DA:3,0
DA:5,0
DA:6,0
DA:7,0
DA:8,0
DA:9,0
DA:12,0
DA:13,0
DA:14,0
DA:15,0
DA:16,0
DA:18,0
DA:20,0
DA:21,0
DA:24,0
DA:25,0
DA:28,0
DA:30,0
DA:31,0
DA:32,0
DA:33,0
LF:22
LH:0
BRDA:7,0,0,0
BRF:1
BRH:0
end_of_record
TN:
SF:src/modules/notifications/notifications.emitter.ts
FN:46,getPublisher
FN:52,(anonymous_2)
FN:59,initNotificationSubscriber
FN:66,(anonymous_4)
FN:72,(anonymous_5)
FN:73,(anonymous_6)
FN:77,(anonymous_7)
FN:87,subscribeUser
FN:93,(anonymous_9)
FN:96,pushToUser
FNF:10
FNH:0
FNDA:0,getPublisher
FNDA:0,(anonymous_2)
FNDA:0,initNotificationSubscriber
FNDA:0,(anonymous_4)
FNDA:0,(anonymous_5)
FNDA:0,(anonymous_6)
FNDA:0,(anonymous_7)
FNDA:0,subscribeUser
FNDA:0,(anonymous_9)
FNDA:0,pushToUser
DA:12,0
DA:13,0
DA:14,0
DA:16,0
DA:40,0
DA:41,0
DA:43,0
DA:44,0
DA:47,0
DA:48,0
DA:52,0
DA:53,0
DA:56,0
DA:59,0
DA:60,0
DA:61,0
DA:66,0
DA:67,0
DA:70,0
DA:72,0
DA:74,0
DA:77,0
DA:78,0
DA:79,0
DA:80,0
DA:87,0
DA:91,0
DA:92,0
DA:93,0
DA:96,0
DA:97,0
DA:98,0
DA:100,0
LF:33
LH:0
BRDA:47,0,0,0
BRDA:48,1,0,0
BRDA:48,1,1,0
BRDA:60,2,0,0
BRDA:61,3,0,0
BRDA:61,3,1,0
BRDA:103,4,0,0
BRDA:103,4,1,0
BRF:8
BRH:0
end_of_record
TN:
SF:src/modules/notifications/notifications.routes.ts
FN:13,authenticateSSE
FNF:1
FNH:0
FNDA:0,authenticateSSE
DA:1,0
DA:2,0
DA:4,0
DA:6,0
DA:14,0
DA:16,0
DA:18,0
DA:19,0
DA:20,0
DA:23,0
DA:24,0
DA:25,0
DA:26,0
DA:29,0
DA:30,0
DA:34,0
DA:35,0
DA:37,0
DA:41,0
DA:43,0
LF:20
LH:0
BRDA:16,0,0,0
BRDA:16,0,1,0
BRDA:18,1,0,0
BRDA:24,2,0,0
BRF:4
BRH:0
end_of_record
TN:
SF:src/modules/outreach/outreach.controller.ts
FN:18,actorFromReq
FN:26,listSequencesHandler
FN:41,getSequenceHandler
FN:55,createSequenceHandler
FN:69,updateSequenceHandler
FN:84,deleteSequenceHandler
FN:100,getLeadTimelineHandler
FN:115,getLeadLogsHandler
FN:132,listTasksHandler
FN:146,sendManualOutreachHandler
FN:160,createTaskHandler
FN:174,getTaskHandler
FN:188,updateTaskHandler
FNF:13
FNH:0
FNDA:0,actorFromReq
FNDA:0,listSequencesHandler
FNDA:0,getSequenceHandler
FNDA:0,createSequenceHandler
FNDA:0,updateSequenceHandler
FNDA:0,deleteSequenceHandler
FNDA:0,getLeadTimelineHandler
FNDA:0,getLeadLogsHandler
FNDA:0,listTasksHandler
FNDA:0,sendManualOutreachHandler
FNDA:0,createTaskHandler
FNDA:0,getTaskHandler
FNDA:0,updateTaskHandler
DA:2,0
DA:3,0
DA:4,0
DA:15,0
DA:19,0
DA:20,0
DA:21,0
DA:26,0
DA:31,0
DA:32,0
DA:33,0
DA:34,0
DA:35,0
DA:37,0
DA:41,0
DA:46,0
DA:47,0
DA:48,0
DA:49,0
DA:51,0
DA:55,0
DA:60,0
DA:61,0
DA:62,0
DA:63,0
DA:65,0
DA:69,0
DA:74,0
DA:75,0
DA:76,0
DA:77,0
DA:78,0
DA:80,0
DA:84,0
DA:89,0
DA:90,0
DA:91,0
DA:92,0
DA:94,0
DA:100,0
DA:105,0
DA:106,0
DA:107,0
DA:108,0
DA:109,0
DA:111,0
DA:115,0
DA:120,0
DA:121,0
DA:122,0
DA:123,0
DA:124,0
DA:126,0
DA:132,0
DA:137,0
DA:138,0
DA:139,0
DA:140,0
DA:142,0
DA:146,0
DA:151,0
DA:152,0
DA:153,0
DA:154,0
DA:156,0
DA:160,0
DA:165,0
DA:166,0
DA:167,0
DA:168,0
DA:170,0
DA:174,0
DA:179,0
DA:180,0
DA:181,0
DA:182,0
DA:184,0
DA:188,0
DA:193,0
DA:194,0
DA:195,0
DA:196,0
DA:197,0
DA:199,0
LF:84
LH:0
BRDA:20,0,0,0
BRDA:21,1,0,0
BRDA:21,1,1,0
BRDA:32,2,0,0
BRDA:32,2,1,0
BRDA:33,3,0,0
BRDA:33,3,1,0
BRDA:108,4,0,0
BRDA:108,4,1,0
BRDA:123,5,0,0
BRDA:123,5,1,0
BRF:11
BRH:0
end_of_record
TN:
SF:src/modules/outreach/outreach.prompt.ts
FN:26,buildPromptContext
FN:39,buildSystemPrompt
FN:51,buildUserPrompt
FN:65,cacheKey
FN:69,performFallback
FN:89,personalizeMessage
FNF:6
FNH:0
FNDA:0,buildPromptContext
FNDA:0,buildSystemPrompt
FNDA:0,buildUserPrompt
FNDA:0,cacheKey
FNDA:0,performFallback
FNDA:0,personalizeMessage
DA:1,0
DA:2,0
DA:3,0
DA:6,0
DA:27,0
DA:40,0
DA:52,0
DA:66,0
DA:70,0
DA:71,0
DA:80,0
DA:81,0
DA:82,0
DA:85,0
DA:86,0
DA:89,0
DA:94,0
DA:95,0
DA:96,0
DA:97,0
DA:99,0
DA:100,0
DA:101,0
DA:102,0
DA:106,0
DA:107,0
DA:109,0
DA:112,0
DA:113,0
DA:114,0
DA:115,0
DA:119,0
DA:120,0
DA:121,0
DA:122,0
DA:123,0
DA:130,0
DA:133,0
DA:141,0
DA:142,0
DA:143,0
DA:147,0
DA:148,0
DA:149,0
DA:152,0
DA:157,0
DA:158,0
DA:159,0
DA:161,0
DA:162,0
DA:172,0
DA:173,0
DA:174,0
DA:177,0
DA:178,0
DA:180,0
DA:187,0
DA:195,0
DA:197,0
DA:198,0
DA:205,0
DA:206,0
LF:62
LH:0
BRDA:32,0,0,0
BRDA:32,0,1,0
BRDA:35,1,0,0
BRDA:35,1,1,0
BRDA:57,2,0,0
BRDA:57,2,1,0
BRDA:58,3,0,0
BRDA:58,3,1,0
BRDA:60,4,0,0
BRDA:60,4,1,0
BRDA:61,5,0,0
BRDA:61,5,1,0
BRDA:75,6,0,0
BRDA:75,6,1,0
BRDA:76,7,0,0
BRDA:76,7,1,0
BRDA:78,8,0,0
BRDA:78,8,1,0
BRDA:99,9,0,0
BRDA:112,10,0,0
BRDA:121,11,0,0
BRDA:141,12,0,0
BRDA:141,12,1,0
BRDA:142,13,0,0
BRDA:154,14,0,0
BRDA:154,14,1,0
BRDA:158,15,0,0
BRDA:158,15,1,0
BRDA:172,16,0,0
BRDA:172,16,1,0
BRDA:173,17,0,0
BRDA:173,17,1,0
BRF:32
BRH:0
end_of_record
TN:
SF:src/modules/outreach/outreach.repository.ts
FN:10,findSequences
FN:17,findSequenceById
FN:21,insertSequence
FN:36,updateSequence
FN:66,deleteSequence
FN:80,insertOutreachLog
FN:108,updateOutreachLogStatus
FN:156,findLogsByLead
FN:168,insertTask
FN:202,findTaskById
FN:206,findTasks
FN:233,updateTask
FN:287,findTimelineByLead
FN:320,findNextBestActionByLeadId
FNF:14
FNH:0
FNDA:0,findSequences
FNDA:0,findSequenceById
FNDA:0,insertSequence
FNDA:0,updateSequence
FNDA:0,deleteSequence
FNDA:0,insertOutreachLog
FNDA:0,updateOutreachLogStatus
FNDA:0,findLogsByLead
FNDA:0,insertTask
FNDA:0,findTaskById
FNDA:0,findTasks
FNDA:0,updateTask
FNDA:0,findTimelineByLead
FNDA:0,findNextBestActionByLeadId
DA:1,2
DA:2,2
DA:8,2
DA:10,2
DA:11,0
DA:17,2
DA:18,0
DA:21,2
DA:26,0
DA:32,0
DA:33,0
DA:36,2
DA:40,0
DA:41,0
DA:42,0
DA:44,0
DA:45,0
DA:46,0
DA:48,0
DA:49,0
DA:50,0
DA:53,0
DA:54,0
DA:55,0
DA:56,0
DA:59,0
DA:60,0
DA:61,0
DA:62,0
DA:63,0
DA:66,2
DA:67,0
DA:71,0
DA:76,2
DA:80,2
DA:89,0
DA:104,0
DA:105,0
DA:108,2
DA:120,0
DA:121,0
DA:122,0
DA:124,0
DA:125,0
DA:126,0
DA:128,0
DA:129,0
DA:130,0
DA:132,0
DA:133,0
DA:134,0
DA:136,0
DA:137,0
DA:138,0
DA:140,0
DA:141,0
DA:142,0
DA:144,0
DA:145,0
DA:146,0
DA:149,0
DA:150,0
DA:151,0
DA:152,0
DA:153,0
DA:156,2
DA:157,0
DA:165,2
DA:168,2
DA:180,0
DA:198,0
DA:199,0
DA:202,2
DA:203,0
DA:206,2
DA:211,0
DA:212,0
DA:213,0
DA:215,0
DA:216,0
DA:217,0
DA:219,0
DA:220,0
DA:221,0
DA:224,0
DA:225,0
DA:226,0
DA:233,2
DA:244,0
DA:245,0
DA:246,0
DA:248,0
DA:249,0
DA:250,0
DA:252,0
DA:253,0
DA:254,0
DA:255,0
DA:256,0
DA:259,0
DA:260,0
DA:261,0
DA:263,0
DA:264,0
DA:265,0
DA:267,0
DA:268,0
DA:269,0
DA:272,0
DA:273,0
DA:274,0
DA:275,0
DA:278,0
DA:279,0
DA:280,0
DA:281,0
DA:282,0
DA:287,2
DA:288,0
DA:320,2
DA:323,0
DA:329,0
DA:330,0
DA:332,0
LF:124
LH:19
BRDA:32,0,0,0
BRDA:44,1,0,0
BRDA:48,2,0,0
BRDA:53,3,0,0
BRDA:55,4,0,0
BRDA:62,5,0,0
BRDA:71,6,0,0
BRDA:104,7,0,0
BRDA:124,8,0,0
BRDA:128,9,0,0
BRDA:132,10,0,0
BRDA:136,11,0,0
BRDA:140,12,0,0
BRDA:144,13,0,0
BRDA:152,14,0,0
BRDA:198,15,0,0
BRDA:215,16,0,0
BRDA:219,17,0,0
BRDA:224,18,0,0
BRDA:224,18,1,0
BRDA:248,19,0,0
BRDA:252,20,0,0
BRDA:255,21,0,0
BRDA:259,22,0,0
BRDA:263,23,0,0
BRDA:267,24,0,0
BRDA:272,25,0,0
BRDA:274,26,0,0
BRDA:281,27,0,0
BRDA:329,28,0,0
BRDA:329,29,0,0
BRDA:329,29,1,0
BRDA:334,30,0,0
BRDA:334,30,1,0
BRDA:335,31,0,0
BRDA:335,31,1,0
BRF:36
BRH:0
end_of_record
TN:
SF:src/modules/outreach/outreach.routes.ts
FNF:0
FNH:0
DA:1,0
DA:2,0
DA:3,0
DA:4,0
DA:5,0
DA:6,0
DA:20,0
DA:22,0
DA:25,0
DA:26,0
DA:27,0
DA:28,0
DA:29,0
DA:32,0
DA:33,0
DA:35,0
DA:38,0
DA:39,0
DA:40,0
DA:42,0
LF:20
LH:0
BRF:0
BRH:0
end_of_record
TN:
SF:src/modules/outreach/outreach.schema.ts
FNF:0
FNH:0
DA:12,0
DA:17,0
DA:23,0
DA:27,0
DA:38,0
DA:43,0
DA:48,0
DA:55,0
DA:59,0
DA:68,0
DA:80,0
DA:88,0
DA:92,0
DA:98,0
DA:115,0
LF:15
LH:0
BRF:0
BRH:0
end_of_record
TN:
SF:src/modules/outreach/outreach.service.ts
FN:34,toSequenceResponse
FN:38,listSequences
FN:51,getSequence
FN:57,createSequence
FN:77,updateSequence
FN:103,removeSequence
FN:119,toLogResponse
FN:123,createLog
FN:136,updateLogStatus
FN:152,getLeadLogs
FN:160,toTaskResponse
FN:164,getTask
FN:170,listTasks
FN:182,createTask
FN:206,updateTask
FN:247,enqueueNextStepAfterTask
FN:253,(anonymous_16)
FN:267,destinationForChannel
FN:272,sendManualOutreach
FN:318,getLeadTimeline
FNF:20
FNH:0
FNDA:0,toSequenceResponse
FNDA:0,listSequences
FNDA:0,getSequence
FNDA:0,createSequence
FNDA:0,updateSequence
FNDA:0,removeSequence
FNDA:0,toLogResponse
FNDA:0,createLog
FNDA:0,updateLogStatus
FNDA:0,getLeadLogs
FNDA:0,toTaskResponse
FNDA:0,getTask
FNDA:0,listTasks
FNDA:0,createTask
FNDA:0,updateTask
FNDA:0,enqueueNextStepAfterTask
FNDA:0,(anonymous_16)
FNDA:0,destinationForChannel
FNDA:0,sendManualOutreach
FNDA:0,getLeadTimeline
DA:1,0
DA:2,0
DA:3,0
DA:15,0
DA:30,0
DA:31,0
DA:32,0
DA:35,0
DA:38,0
DA:45,0
DA:46,0
DA:47,0
DA:48,0
DA:51,0
DA:52,0
DA:53,0
DA:54,0
DA:57,0
DA:61,0
DA:66,0
DA:74,0
DA:77,0
DA:82,0
DA:83,0
DA:85,0
DA:90,0
DA:100,0
DA:103,0
DA:104,0
DA:105,0
DA:106,0
DA:107,0
DA:120,0
DA:123,0
DA:124,0
DA:133,0
DA:136,0
DA:148,0
DA:149,0
DA:152,0
DA:153,0
DA:154,0
DA:155,0
DA:161,0
DA:164,0
DA:165,0
DA:166,0
DA:167,0
DA:170,0
DA:174,0
DA:179,0
DA:182,0
DA:183,0
DA:195,0
DA:203,0
DA:206,0
DA:217,0
DA:218,0
DA:220,0
DA:228,0
DA:229,0
DA:232,0
DA:242,0
DA:248,0
DA:250,0
DA:251,0
DA:253,0
DA:254,0
DA:256,0
DA:268,0
DA:269,0
DA:272,0
DA:284,0
DA:285,0
DA:286,0
DA:288,0
DA:289,0
DA:290,0
DA:291,0
DA:293,0
DA:294,0
DA:296,0
DA:306,0
DA:315,0
DA:318,0
DA:319,0
DA:320,0
LF:87
LH:0
BRDA:46,0,0,0
BRDA:46,0,1,0
BRDA:53,1,0,0
BRDA:72,2,0,0
BRDA:72,2,1,0
BRDA:83,3,0,0
BRDA:97,4,0,0
BRDA:97,4,1,0
BRDA:105,5,0,0
BRDA:113,6,0,0
BRDA:113,6,1,0
BRDA:126,7,0,0
BRDA:126,7,1,0
BRDA:128,8,0,0
BRDA:128,8,1,0
BRDA:129,9,0,0
BRDA:129,9,1,0
BRDA:130,10,0,0
BRDA:130,10,1,0
BRDA:131,11,0,0
BRDA:131,11,1,0
BRDA:166,12,0,0
BRDA:176,13,0,0
BRDA:176,13,1,0
BRDA:185,14,0,0
BRDA:185,14,1,0
BRDA:186,15,0,0
BRDA:186,15,1,0
BRDA:187,16,0,0
BRDA:187,16,1,0
BRDA:188,17,0,0
BRDA:188,17,1,0
BRDA:191,18,0,0
BRDA:191,18,1,0
BRDA:192,19,0,0
BRDA:192,19,1,0
BRDA:201,20,0,0
BRDA:201,20,1,0
BRDA:218,21,0,0
BRDA:226,22,0,0
BRDA:226,22,1,0
BRDA:228,23,0,0
BRDA:228,24,0,0
BRDA:228,24,1,0
BRDA:228,24,2,0
BRDA:239,25,0,0
BRDA:239,25,1,0
BRDA:248,26,0,0
BRDA:248,27,0,0
BRDA:248,27,1,0
BRDA:248,27,2,0
BRDA:251,28,0,0
BRDA:253,29,0,0
BRDA:253,29,1,0
BRDA:254,30,0,0
BRDA:262,31,0,0
BRDA:262,31,1,0
BRDA:268,32,0,0
BRDA:285,33,0,0
BRDA:286,34,0,0
BRDA:289,35,0,0
BRDA:290,36,0,0
BRDA:291,37,0,0
BRDA:294,38,0,0
BRDA:303,39,0,0
BRDA:303,39,1,0
BRDA:312,40,0,0
BRDA:312,40,1,0
BRF:68
BRH:0
end_of_record
TN:
SF:src/modules/pipeline/pipeline.controller.ts
FN:24,actorFromReq
FN:29,listPipelinesHandler
FN:42,getPipelineHandler
FN:55,createPipelineHandler
FN:69,updatePipelineHandler
FN:83,deletePipelineHandler
FN:96,listStagesHandler
FN:109,createStageHandler
FN:123,updateStageHandler
FN:137,deleteStageHandler
FN:150,moveLeadHandler
FNF:11
FNH:0
FNDA:0,actorFromReq
FNDA:0,listPipelinesHandler
FNDA:0,getPipelineHandler
FNDA:0,createPipelineHandler
FNDA:0,updatePipelineHandler
FNDA:0,deletePipelineHandler
FNDA:0,listStagesHandler
FNDA:0,createStageHandler
FNDA:0,updateStageHandler
FNDA:0,deleteStageHandler
FNDA:0,moveLeadHandler
DA:2,0
DA:3,0
DA:4,0
DA:16,0
DA:25,0
DA:26,0
DA:29,0
DA:34,0
DA:35,0
DA:36,0
DA:38,0
DA:42,0
DA:47,0
DA:48,0
DA:49,0
DA:51,0
DA:55,0
DA:60,0
DA:61,0
DA:62,0
DA:63,0
DA:65,0
DA:69,0
DA:74,0
DA:75,0
DA:76,0
DA:77,0
DA:79,0
DA:83,0
DA:88,0
DA:89,0
DA:90,0
DA:92,0
DA:96,0
DA:101,0
DA:102,0
DA:103,0
DA:105,0
DA:109,0
DA:114,0
DA:115,0
DA:116,0
DA:117,0
DA:119,0
DA:123,0
DA:128,0
DA:129,0
DA:130,0
DA:131,0
DA:133,0
DA:137,0
DA:142,0
DA:143,0
DA:144,0
DA:146,0
DA:150,0
DA:155,0
DA:156,0
DA:157,0
DA:158,0
DA:160,0
LF:61
LH:0
BRDA:25,0,0,0
BRDA:26,1,0,0
BRDA:26,1,1,0
BRF:3
BRH:0
end_of_record
TN:
SF:src/modules/pipeline/pipeline.repository.ts
FN:5,findPipelines
FN:12,findPipelineById
FN:17,findPipelineWithStages
FN:32,insertPipeline
FN:44,updatePipeline
FN:71,deletePipeline
FN:75,insertStage
FN:90,updateStage
FN:125,deleteStage
FN:129,findStagesByPipeline
FN:137,findStageById
FN:144,moveLeadToStage
FN:148,findDefaultPipeline
FNF:13
FNH:0
FNDA:0,findPipelines
FNDA:0,findPipelineById
FNDA:0,findPipelineWithStages
FNDA:0,insertPipeline
FNDA:0,updatePipeline
FNDA:0,deletePipeline
FNDA:0,insertStage
FNDA:0,updateStage
FNDA:0,deleteStage
FNDA:0,findStagesByPipeline
FNDA:0,findStageById
FNDA:0,moveLeadToStage
FNDA:0,findDefaultPipeline
DA:1,0
DA:2,0
DA:5,0
DA:6,0
DA:9,0
DA:12,0
DA:13,0
DA:14,0
DA:17,0
DA:18,0
DA:19,0
DA:21,0
DA:26,0
DA:32,0
DA:37,0
DA:41,0
DA:44,0
DA:48,0
DA:49,0
DA:50,0
DA:52,0
DA:53,0
DA:54,0
DA:56,0
DA:57,0
DA:58,0
DA:61,0
DA:62,0
DA:66,0
DA:67,0
DA:68,0
DA:71,0
DA:72,0
DA:75,0
DA:82,0
DA:87,0
DA:90,0
DA:94,0
DA:95,0
DA:96,0
DA:98,0
DA:99,0
DA:100,0
DA:102,0
DA:103,0
DA:104,0
DA:106,0
DA:107,0
DA:108,0
DA:110,0
DA:111,0
DA:112,0
DA:115,0
DA:116,0
DA:120,0
DA:121,0
DA:122,0
DA:125,0
DA:126,0
DA:129,0
DA:130,0
DA:134,0
DA:137,0
DA:138,0
DA:141,0
DA:144,0
DA:145,0
DA:148,0
DA:149,0
DA:152,0
LF:70
LH:0
BRDA:14,0,0,0
BRDA:14,0,1,0
BRDA:19,1,0,0
BRDA:52,2,0,0
BRDA:56,3,0,0
BRDA:67,4,0,0
BRDA:98,5,0,0
BRDA:102,6,0,0
BRDA:106,7,0,0
BRDA:110,8,0,0
BRDA:121,9,0,0
BRDA:141,10,0,0
BRDA:141,10,1,0
BRDA:152,11,0,0
BRDA:152,11,1,0
BRF:15
BRH:0
end_of_record
TN:
SF:src/modules/pipeline/pipeline.routes.ts
FNF:0
FNH:0
DA:1,0
DA:2,0
DA:3,0
DA:4,0
DA:5,0
DA:6,0
DA:19,0
DA:21,0
DA:23,0
DA:24,0
DA:25,0
DA:26,0
DA:27,0
DA:29,0
DA:30,0
DA:31,0
DA:32,0
DA:34,0
DA:36,0
LF:19
LH:0
BRF:0
BRH:0
end_of_record
TN:
SF:src/modules/pipeline/pipeline.schema.ts
FN:16,(anonymous_0)
FN:16,(anonymous_1)
FN:20,(anonymous_2)
FN:20,(anonymous_3)
FNF:4
FNH:0
FNDA:0,(anonymous_0)
FNDA:0,(anonymous_1)
FNDA:0,(anonymous_2)
FNDA:0,(anonymous_3)
DA:1,0
DA:3,0
DA:10,0
DA:16,0
DA:20,0
DA:25,0
DA:30,0
DA:37,0
LF:8
LH:0
BRF:0
BRH:0
end_of_record
TN:
SF:src/modules/pipeline/pipeline.service.ts
FN:35,getAllPipelines
FN:39,getPipelineById
FN:47,createPipeline
FN:75,updatePipelineById
FN:100,deletePipelineById
FN:122,getStages
FN:130,createStage
FN:160,updateStageById
FN:185,deleteStageById
FN:203,moveLead
FN:210,(anonymous_19)
FN:238,getDefaultPipeline
FNF:12
FNH:0
FNDA:0,getAllPipelines
FNDA:0,getPipelineById
FNDA:0,createPipeline
FNDA:0,updatePipelineById
FNDA:0,deletePipelineById
FNDA:0,getStages
FNDA:0,createStage
FNDA:0,updateStageById
FNDA:0,deleteStageById
FNDA:0,moveLead
FNDA:0,(anonymous_19)
FNDA:0,getDefaultPipeline
DA:1,0
DA:2,0
DA:3,0
DA:4,0
DA:35,0
DA:36,0
DA:39,0
DA:40,0
DA:41,0
DA:42,0
DA:44,0
DA:47,0
DA:51,0
DA:53,0
DA:54,0
DA:63,0
DA:72,0
DA:75,0
DA:80,0
DA:81,0
DA:82,0
DA:85,0
DA:87,0
DA:97,0
DA:100,0
DA:101,0
DA:102,0
DA:103,0
DA:106,0
DA:107,0
DA:110,0
DA:112,0
DA:122,0
DA:123,0
DA:124,0
DA:125,0
DA:127,0
DA:130,0
DA:135,0
DA:136,0
DA:137,0
DA:140,0
DA:148,0
DA:157,0
DA:160,0
DA:165,0
DA:166,0
DA:167,0
DA:170,0
DA:172,0
DA:182,0
DA:185,0
DA:186,0
DA:187,0
DA:188,0
DA:191,0
DA:193,0
DA:203,0
DA:204,0
DA:205,0
DA:206,0
DA:209,0
DA:210,0
DA:211,0
DA:215,0
DA:216,0
DA:217,0
DA:220,0
DA:222,0
DA:231,0
DA:238,0
DA:239,0
LF:72
LH:0
BRDA:41,0,0,0
BRDA:51,1,0,0
BRDA:51,1,1,0
BRDA:58,2,0,0
BRDA:58,2,1,0
BRDA:59,3,0,0
BRDA:59,3,1,0
BRDA:69,4,0,0
BRDA:69,4,1,0
BRDA:81,5,0,0
BRDA:94,6,0,0
BRDA:94,6,1,0
BRDA:102,7,0,0
BRDA:106,8,0,0
BRDA:118,9,0,0
BRDA:118,9,1,0
BRDA:124,10,0,0
BRDA:136,11,0,0
BRDA:144,12,0,0
BRDA:144,12,1,0
BRDA:145,13,0,0
BRDA:145,13,1,0
BRDA:154,14,0,0
BRDA:154,14,1,0
BRDA:166,15,0,0
BRDA:179,16,0,0
BRDA:179,16,1,0
BRDA:187,17,0,0
BRDA:199,18,0,0
BRDA:199,18,1,0
BRDA:205,19,0,0
BRDA:209,20,0,0
BRDA:216,21,0,0
BRDA:217,22,0,0
BRDA:228,23,0,0
BRDA:228,23,1,0
BRF:36
BRH:0
end_of_record
TN:
SF:src/modules/reports/reports.controller.ts
FN:18,actorFromReq
FN:26,listReportsHandler
FN:46,getDashboardHandler
FN:59,getLeadGenerationReportHandler
FN:79,getOutreachReportHandler
FN:99,getPipelineReportHandler
FN:119,getSalesRepReportHandler
FN:139,exportReportHandler
FN:165,downloadExportHandler
FN:185,(anonymous_10)
FN:203,(anonymous_11)
FNF:11
FNH:0
FNDA:0,actorFromReq
FNDA:0,listReportsHandler
FNDA:0,getDashboardHandler
FNDA:0,getLeadGenerationReportHandler
FNDA:0,getOutreachReportHandler
FNDA:0,getPipelineReportHandler
FNDA:0,getSalesRepReportHandler
FNDA:0,exportReportHandler
FNDA:0,downloadExportHandler
FNDA:0,(anonymous_10)
FNDA:0,(anonymous_11)
DA:2,0
DA:3,0
DA:4,0
DA:5,0
DA:6,0
DA:16,0
DA:19,0
DA:26,0
DA:31,0
DA:32,0
DA:33,0
DA:39,0
DA:40,0
DA:42,0
DA:46,0
DA:51,0
DA:52,0
DA:53,0
DA:55,0
DA:59,0
DA:64,0
DA:65,0
DA:66,0
DA:72,0
DA:73,0
DA:75,0
[...]
BRDA:374,36,0,6
BRDA:374,36,1,6
BRDA:377,37,0,1
BRDA:377,37,1,5
BRDA:380,38,0,2
BRDA:380,38,1,2
BRDA:380,38,2,0
BRDA:380,38,3,1
BRDA:380,38,4,1
BRDA:380,38,5,1
BRDA:380,38,6,0
BRDA:419,39,0,6
BRDA:419,40,0,6
BRDA:419,40,1,6
BRDA:441,41,0,3
BRDA:441,41,1,1
BRDA:449,42,0,8
BRDA:449,42,1,0
BRDA:450,43,0,8
BRDA:454,44,0,3
BRDA:454,44,1,3
BRDA:454,44,2,3
BRDA:454,44,3,3
BRDA:455,45,0,3
BRDA:455,45,1,1
BRDA:455,45,2,1
BRDA:455,45,3,1
BRDA:456,46,0,3
BRDA:456,46,1,3
BRDA:456,46,2,1
BRDA:457,47,0,3
BRDA:457,47,1,1
BRDA:457,47,2,1
BRDA:458,48,0,3
BRDA:458,48,1,3
BRDA:458,48,2,3
BRDA:458,48,3,3
BRDA:461,49,0,2
BRDA:461,49,1,1
BRDA:466,50,0,0
BRDA:466,50,1,1
BRDA:473,51,0,1
BRDA:489,52,0,2
BRDA:489,52,1,1
BRDA:490,53,0,2
BRDA:490,53,1,1
BRF:111
BRH:81
end_of_record
TN:
SF:src/webhooks/webhook-verifiers.ts
FN:18,verifyWhatsAppSignature
FN:50,verifyTwilioSignature
FN:82,verifySendGridSignature
FN:115,verifyGoogleAdsSecret
FNF:4
FNH:4
FNDA:4,verifyWhatsAppSignature
FNDA:3,verifyTwilioSignature
FNDA:4,verifySendGridSignature
FNDA:4,verifyGoogleAdsSecret
DA:10,1
DA:11,1
DA:18,1
DA:23,4
DA:24,1
DA:25,1
DA:28,3
DA:29,3
DA:30,1
DA:31,1
DA:34,2
DA:35,2
DA:38,2
DA:39,2
DA:41,1
DA:50,1
DA:56,3
DA:57,1
DA:58,1
DA:62,2
DA:63,2
DA:64,2
DA:65,2
DA:68,2
DA:70,2
DA:71,2
DA:73,1
DA:82,1
DA:87,4
DA:89,1
DA:90,1
DA:93,3
DA:94,1
DA:95,1
DA:98,2
DA:103,2
DA:104,2
DA:106,1
DA:115,1
DA:119,4
DA:120,1
DA:121,1
DA:124,3
DA:125,1
DA:126,1
DA:129,2
DA:130,2
DA:132,1
LF:48
LH:48
BRDA:23,0,0,1
BRDA:29,1,0,1
BRDA:56,2,0,1
BRDA:87,3,0,1
BRDA:93,4,0,1
BRDA:119,5,0,1
BRDA:124,6,0,1
BRF:7
BRH:7
end_of_record
TN:
SF:src/webhooks/webhooks.routes.ts
FN:24,ensureWebhookEvent
FN:53,markWebhookProcessed
FN:72,(anonymous_2)
FN:145,(anonymous_3)
FN:204,(anonymous_4)
FN:252,(anonymous_5)
FN:286,(anonymous_6)
FNF:7
FNH:7
FNDA:7,ensureWebhookEvent
FNDA:6,markWebhookProcessed
FNDA:3,(anonymous_2)
FNDA:2,(anonymous_3)
FNDA:1,(anonymous_4)
FNDA:1,(anonymous_5)
FNDA:2,(anonymous_6)
DA:1,1
DA:2,1
DA:3,1
DA:4,1
DA:5,1
DA:11,1
DA:20,1
DA:31,7
DA:37,7
DA:38,1
DA:39,1
DA:43,6
DA:50,6
DA:54,6
DA:55,0
DA:61,6
DA:72,1
DA:73,3
DA:74,3
DA:75,3
DA:76,3
DA:79,3
DA:80,0
DA:81,0
DA:82,0
DA:85,3
DA:86,3
DA:89,3
DA:90,3
DA:95,3
DA:96,3
DA:98,3
DA:99,2
DA:100,2
DA:101,2
DA:107,2
DA:108,1
DA:109,1
DA:112,1
DA:113,1
DA:114,1
DA:115,1
DA:116,1
DA:117,1
DA:123,1
DA:124,0
DA:125,0
DA:128,1
DA:129,1
DA:132,0
DA:135,2
DA:137,0
DA:138,0
DA:145,1
DA:146,2
DA:147,2
DA:148,2
DA:151,2
DA:152,0
DA:153,0
DA:154,0
DA:155,0
DA:156,0
DA:157,0
DA:161,2
DA:162,2
DA:165,2
DA:166,2
DA:168,2
DA:169,1
DA:175,1
DA:176,1
DA:177,1
DA:179,1
DA:181,1
DA:182,1
DA:188,1
DA:189,1
DA:190,1
DA:194,2
DA:196,0
DA:197,0
DA:204,1
DA:205,1
DA:206,1
DA:207,1
DA:208,1
DA:209,1
DA:212,1
DA:213,0
DA:214,0
DA:215,0
DA:216,0
DA:217,0
DA:221,1
DA:225,1
DA:230,1
DA:236,1
DA:237,1
DA:238,1
DA:239,1
DA:242,1
DA:244,0
DA:245,0
DA:252,1
DA:253,1
DA:254,1
DA:255,1
DA:256,1
DA:258,1
DA:259,0
DA:260,0
DA:261,0
DA:264,1
DA:265,1
DA:272,1
DA:273,1
DA:274,1
DA:277,1
DA:279,0
DA:280,0
DA:286,1
DA:287,2
DA:288,2
DA:289,2
DA:290,2
DA:292,2
DA:293,1
DA:294,1
DA:296,1
DA:297,1
DA:301,1
LF:132
LH:103
BRDA:37,0,0,1
BRDA:47,1,0,6
BRDA:47,1,1,6
BRDA:50,2,0,6
BRDA:50,2,1,0
BRDA:54,3,0,0
BRDA:54,3,1,6
BRDA:64,4,0,6
BRDA:64,4,1,3
BRDA:76,5,0,3
BRDA:76,5,1,3
BRDA:79,6,0,0
BRDA:79,7,0,3
BRDA:79,7,1,0
BRDA:89,8,0,3
BRDA:89,8,1,0
BRDA:98,9,0,2
BRDA:98,9,1,1
BRDA:98,10,0,3
BRDA:98,10,1,2
BRDA:107,11,0,1
BRDA:114,12,0,1
BRDA:114,12,1,0
BRDA:114,13,0,1
BRDA:114,13,1,1
BRDA:123,14,0,0
BRDA:147,15,0,2
BRDA:147,15,1,2
BRDA:151,16,0,0
BRDA:151,17,0,2
BRDA:151,17,1,0
BRDA:154,18,0,0
BRDA:162,19,0,2
BRDA:162,19,1,1
BRDA:165,20,0,2
BRDA:165,20,1,1
BRDA:166,21,0,2
BRDA:166,21,1,1
BRDA:168,22,0,1
BRDA:168,22,1,1
BRDA:175,23,0,1
BRDA:179,24,0,1
BRDA:181,25,0,1
BRDA:181,25,1,0
BRDA:188,26,0,1
BRDA:212,27,0,0
BRDA:212,28,0,1
BRDA:212,28,1,0
BRDA:212,28,2,0
BRDA:214,29,0,0
BRDA:221,30,0,1
BRDA:221,30,1,0
BRDA:225,31,0,1
BRDA:225,31,1,0
BRDA:226,32,0,1
BRDA:226,32,1,1
BRDA:236,33,0,1
BRDA:258,34,0,0
BRDA:264,35,0,1
BRDA:264,35,1,0
BRDA:272,36,0,1
BRDA:292,37,0,1
BRDA:292,37,1,1
BRDA:292,38,0,2
BRDA:292,38,1,2
BRDA:292,38,2,1
BRF:66
BRH:47
end_of_record
TN:
SF:src/workers/aiCampaignBrain.worker.ts
FN:9,handleAiCampaignBrainJob
FN:43,startAiCampaignBrainWorker
FN:53,(anonymous_2)
FN:55,(anonymous_3)
FNF:4
FNH:0
FNDA:0,handleAiCampaignBrainJob
FNDA:0,startAiCampaignBrainWorker
FNDA:0,(anonymous_2)
FNDA:0,(anonymous_3)
DA:1,0
DA:2,0
DA:3,0
DA:4,0
DA:5,0
DA:6,0
DA:7,0
DA:9,0
DA:15,0
DA:16,0
DA:17,0
DA:19,0
DA:21,0
DA:23,0
DA:24,0
DA:25,0
DA:27,0
DA:35,0
DA:43,0
DA:44,0
DA:53,0
DA:55,0
DA:56,0
DA:57,0
DA:58,0
DA:59,0
DA:60,0
DA:62,0
DA:63,0
DA:73,0
LF:30
LH:0
BRDA:56,0,0,0
BRDA:56,0,1,0
BRDA:57,1,0,0
BRDA:57,1,1,0
BRDA:62,2,0,0
BRDA:62,3,0,0
BRDA:62,3,1,0
BRDA:62,4,0,0
BRDA:62,4,1,0
BRF:9
BRH:0
end_of_record
TN:
SF:src/workers/aiDecision.worker.ts
FN:31,handleAiDecisionJob
FN:66,startAiDecisionWorker
FN:74,(anonymous_2)
FN:76,(anonymous_3)
FNF:4
FNH:4
FNDA:3,handleAiDecisionJob
FNDA:8,startAiDecisionWorker
FNDA:1,(anonymous_2)
FNDA:6,(anonymous_3)
DA:17,1
DA:18,1
DA:19,1
DA:20,1
DA:21,1
DA:22,1
DA:23,1
DA:31,1
DA:34,3
DA:35,3
DA:37,3
DA:39,3
DA:40,3
DA:42,2
DA:43,2
DA:44,2
DA:46,2
DA:54,2
DA:56,1
DA:57,1
DA:62,1
DA:66,1
DA:67,8
DA:74,8
DA:76,8
DA:77,6
DA:78,6
DA:79,6
DA:80,6
DA:82,6
DA:83,2
DA:93,8
LF:32
LH:32
BRDA:35,0,0,0
BRDA:60,1,0,1
BRDA:60,1,1,0
BRDA:77,2,0,6
BRDA:77,2,1,1
BRDA:78,3,0,6
BRDA:78,3,1,2
BRDA:82,4,0,2
BRDA:82,5,0,6
BRDA:82,5,1,5
BRDA:82,6,0,5
BRDA:82,6,1,1
BRF:12
BRH:10
end_of_record
TN:
SF:src/workers/aiInbox.worker.ts
FN:9,handleAiInboxJob
FN:55,startAiInboxWorker
FN:66,(anonymous_11)
FN:69,(anonymous_12)
FN:78,(anonymous_13)
FNF:5
FNH:0
FNDA:0,handleAiInboxJob
FNDA:0,startAiInboxWorker
FNDA:0,(anonymous_11)
FNDA:0,(anonymous_12)
FNDA:0,(anonymous_13)
DA:1,0
DA:2,0
DA:3,0
DA:4,0
DA:5,0
DA:6,0
DA:7,0
DA:9,0
DA:10,0
DA:13,0
DA:14,0
DA:15,0
DA:16,0
DA:17,0
DA:18,0
DA:19,0
DA:20,0
DA:25,0
DA:26,0
DA:28,0
DA:30,0
DA:34,0
DA:47,0
DA:48,0
DA:49,0
DA:51,0
DA:52,0
DA:55,0
DA:56,0
DA:66,0
DA:67,0
DA:69,0
DA:70,0
DA:78,0
DA:79,0
DA:80,0
DA:81,0
DA:82,0
DA:84,0
DA:85,0
DA:95,0
LF:41
LH:0
BRDA:13,0,0,0
BRDA:30,1,0,0
BRDA:30,1,1,0
BRDA:30,2,0,0
BRDA:30,2,1,0
BRDA:79,3,0,0
BRDA:79,3,1,0
BRDA:84,4,0,0
BRDA:84,5,0,0
BRDA:84,5,1,0
BRDA:84,6,0,0
BRDA:84,6,1,0
BRF:12
BRH:0
end_of_record
TN:
SF:src/workers/aiReply.worker.ts
FN:9,handleAiReplyJob
FN:43,startAiReplyWorker
FN:53,(anonymous_2)
FN:55,(anonymous_3)
FNF:4
FNH:0
FNDA:0,handleAiReplyJob
FNDA:0,startAiReplyWorker
FNDA:0,(anonymous_2)
FNDA:0,(anonymous_3)
DA:1,0
DA:2,0
DA:3,0
DA:4,0
DA:5,0
DA:6,0
DA:7,0
DA:9,0
DA:15,0
DA:16,0
DA:17,0
DA:19,0
DA:21,0
DA:23,0
DA:24,0
DA:25,0
DA:27,0
DA:35,0
DA:43,0
DA:44,0
DA:53,0
DA:55,0
DA:56,0
DA:57,0
DA:58,0
DA:59,0
DA:60,0
DA:62,0
DA:63,0
DA:73,0
LF:30
LH:0
BRDA:56,0,0,0
BRDA:56,0,1,0
BRDA:57,1,0,0
BRDA:57,1,1,0
BRDA:62,2,0,0
BRDA:62,3,0,0
BRDA:62,3,1,0
BRDA:62,4,0,0
BRDA:62,4,1,0
BRF:9
BRH:0
end_of_record
TN:
SF:src/workers/aiResearch.worker.ts
FN:26,handleAiResearchJob
FN:67,startAiResearchWorker
FN:77,(anonymous_2)
FN:79,(anonymous_3)
FNF:4
FNH:0
FNDA:0,handleAiResearchJob
FNDA:0,startAiResearchWorker
FNDA:0,(anonymous_2)
FNDA:0,(anonymous_3)
DA:17,0
DA:18,0
DA:19,0
DA:20,0
DA:21,0
DA:22,0
DA:23,0
DA:24,0
DA:26,0
DA:27,0
DA:28,0
DA:29,0
DA:31,0
DA:33,0
DA:34,0
DA:36,0
DA:37,0
DA:38,0
DA:39,0
DA:40,0
DA:42,0
DA:50,0
DA:57,0
DA:58,0
DA:59,0
DA:63,0
DA:67,0
DA:68,0
DA:77,0
DA:79,0
DA:80,0
DA:81,0
DA:82,0
DA:83,0
DA:85,0
DA:86,0
DA:96,0
LF:37
LH:0
BRDA:28,0,0,0
BRDA:61,1,0,0
BRDA:61,1,1,0
BRDA:80,2,0,0
BRDA:80,2,1,0
BRDA:81,3,0,0
BRDA:81,3,1,0
BRDA:85,4,0,0
BRDA:85,5,0,0
BRDA:85,5,1,0
BRDA:85,6,0,0
BRDA:85,6,1,0
BRF:12
BRH:0
end_of_record
TN:
SF:src/workers/assignment.worker.ts
FN:145,(anonymous_0)
FN:145,(anonymous_1)
FN:25,startAssignmentWorker
FN:28,(anonymous_3)
FN:61,(anonymous_4)
FN:62,(anonymous_5)
FN:80,handleRoundRobin
FNF:7
FNH:0
FNDA:0,(anonymous_0)
FNDA:0,(anonymous_1)
FNDA:0,startAssignmentWorker
FNDA:0,(anonymous_3)
FNDA:0,(anonymous_4)
FNDA:0,(anonymous_5)
FNDA:0,handleRoundRobin
DA:12,0
DA:13,0
DA:14,0
DA:15,0
DA:16,0
DA:17,0
DA:18,0
DA:19,0
DA:20,0
DA:21,0
DA:22,0
DA:23,0
DA:25,0
DA:26,0
DA:29,0
DA:30,0
DA:31,0
DA:33,0
DA:35,0
DA:36,0
DA:38,0
DA:41,0
DA:42,0
DA:43,0
DA:44,0
DA:45,0
DA:47,0
DA:48,0
DA:52,0
DA:61,0
DA:62,0
DA:63,0
DA:64,0
DA:65,0
DA:66,0
DA:67,0
DA:77,0
DA:86,0
DA:90,0
DA:91,0
DA:92,0
DA:93,0
DA:96,0
DA:97,0
DA:100,0
DA:101,0
DA:106,0
DA:107,0
DA:108,0
DA:109,0
DA:111,0
DA:112,0
DA:115,0
DA:116,0
DA:117,0
DA:125,0
DA:129,0
DA:130,0
DA:133,0
DA:142,0
DA:145,0
LF:61
LH:0
BRDA:35,0,0,0
BRDA:35,0,1,0
BRDA:50,1,0,0
BRDA:50,1,1,0
BRDA:63,2,0,0
BRDA:63,2,1,0
BRDA:66,3,0,0
BRDA:66,4,0,0
BRDA:66,4,1,0
BRDA:66,5,0,0
BRDA:66,5,1,0
BRDA:91,6,0,0
BRDA:97,7,0,0
BRDA:109,8,0,0
BRDA:109,8,1,0
BRDA:111,9,0,0
BRDA:111,9,1,0
BRDA:129,10,0,0
BRDA:129,10,1,0
BRDA:137,11,0,0
BRDA:137,11,1,0
BRF:21
BRH:0
end_of_record
TN:
SF:src/workers/events.worker.ts
FN:33,startEventsWorker
FN:36,(anonymous_1)
FN:64,(anonymous_2)
FN:65,(anonymous_3)
FN:86,handleLeadEvent
FN:117,handleStageMoved
FN:161,(anonymous_6)
FN:196,(anonymous_7)
FN:221,routeByNextBestAction
FN:295,handleStatusChanged
FNF:10
FNH:0
FNDA:0,startEventsWorker
FNDA:0,(anonymous_1)
FNDA:0,(anonymous_2)
FNDA:0,(anonymous_3)
FNDA:0,handleLeadEvent
FNDA:0,handleStageMoved
FNDA:0,(anonymous_6)
FNDA:0,(anonymous_7)
FNDA:0,routeByNextBestAction
FNDA:0,handleStatusChanged
DA:1,0
DA:2,0
DA:14,0
DA:15,0
DA:16,0
DA:17,0
DA:18,0
DA:19,0
DA:20,0
DA:21,0
DA:33,0
DA:34,0
DA:37,0
DA:38,0
DA:40,0
DA:41,0
DA:43,0
DA:44,0
DA:45,0
DA:46,0
DA:48,0
DA:49,0
DA:55,0
DA:64,0
DA:65,0
DA:66,0
DA:71,0
DA:72,0
DA:73,0
DA:83,0
DA:86,0
DA:87,0
DA:89,0
DA:91,0
DA:92,0
DA:93,0
DA:94,0
DA:97,0
DA:98,0
DA:101,0
DA:102,0
DA:105,0
DA:106,0
DA:109,0
DA:110,0
DA:113,0
DA:117,0
DA:121,0
DA:123,0
DA:125,0
DA:126,0
DA:127,0
DA:130,0
DA:132,0
DA:133,0
DA:134,0
DA:137,0
DA:139,0
DA:140,0
DA:142,0
DA:143,0
DA:144,0
DA:149,0
DA:152,0
DA:153,0
DA:154,0
DA:158,0
DA:161,0
DA:163,0
DA:165,0
DA:172,0
DA:173,0
DA:181,0
DA:184,0
DA:196,0
DA:197,0
DA:198,0
DA:208,0
DA:227,0
DA:228,0
DA:229,0
DA:232,0
DA:233,0
DA:234,0
DA:241,0
DA:244,0
DA:249,0
DA:250,0
DA:251,0
DA:261,0
DA:269,0
DA:272,0
DA:273,0
DA:274,0
DA:282,0
DA:283,0
DA:289,0
DA:292,0
DA:296,0
DA:297,0
DA:299,0
DA:300,0
DA:301,0
LF:103
LH:0
BRDA:53,0,0,0
BRDA:53,0,1,0
BRDA:67,1,0,0
BRDA:67,1,1,0
BRDA:72,2,0,0
BRDA:72,3,0,0
BRDA:72,3,1,0
BRDA:72,4,0,0
BRDA:72,4,1,0
BRDA:89,5,0,0
BRDA:89,5,1,0
BRDA:89,5,2,0
BRDA:89,5,3,0
BRDA:89,5,4,0
BRDA:89,5,5,0
BRDA:125,6,0,0
BRDA:132,7,0,0
BRDA:140,8,0,0
BRDA:143,9,0,0
BRDA:153,10,0,0
BRDA:153,11,0,0
BRDA:153,11,1,0
BRDA:172,12,0,0
BRDA:197,13,0,0
BRDA:228,14,0,0
BRDA:233,15,0,0
BRDA:249,16,0,0
BRDA:273,17,0,0
BRDA:282,18,0,0
BRDA:299,19,0,0
BRF:30
BRH:0
end_of_record
TN:
SF:src/workers/outreach.worker.ts
FN:49,startOutreachWorker
FN:52,(anonymous_10)
FN:96,(anonymous_11)
FN:97,(anonymous_12)
FN:120,handleDispatch
FN:138,(anonymous_14)
FN:229,(anonymous_15)
FN:247,handleFollowUp
FN:262,(anonymous_17)
FN:306,handleStopCheck
FN:308,(anonymous_19)
FN:309,(anonymous_20)
FN:317,(anonymous_21)
FN:327,(anonymous_22)
FN:358,(anonymous_23)
FN:359,(anonymous_24)
FN:374,sendViaConnector
FNF:17
FNH:0
FNDA:0,startOutreachWorker
FNDA:0,(anonymous_10)
FNDA:0,(anonymous_11)
FNDA:0,(anonymous_12)
FNDA:0,handleDispatch
FNDA:0,(anonymous_14)
FNDA:0,(anonymous_15)
FNDA:0,handleFollowUp
FNDA:0,(anonymous_17)
FNDA:0,handleStopCheck
FNDA:0,(anonymous_19)
FNDA:0,(anonymous_20)
FNDA:0,(anonymous_21)
FNDA:0,(anonymous_22)
FNDA:0,(anonymous_23)
FNDA:0,(anonymous_24)
FNDA:0,sendViaConnector
DA:1,0
DA:2,0
DA:3,0
DA:14,0
DA:15,0
DA:16,0
DA:17,0
DA:18,0
DA:19,0
DA:20,0
DA:22,0
DA:23,0
DA:24,0
DA:25,0
DA:26,0
DA:49,0
DA:50,0
DA:53,0
DA:54,0
DA:59,0
DA:61,0
DA:62,0
DA:63,0
DA:64,0
DA:65,0
DA:66,0
DA:67,0
DA:69,0
DA:72,0
DA:73,0
DA:74,0
DA:75,0
DA:81,0
DA:82,0
DA:87,0
DA:96,0
DA:97,0
DA:98,0
DA:103,0
DA:104,0
DA:105,0
DA:115,0
DA:120,0
DA:130,0
DA:133,0
DA:134,0
DA:135,0
DA:137,0
DA:138,0
DA:140,0
DA:141,0
DA:144,0
DA:155,0
DA:156,0
DA:163,0
DA:168,0
DA:170,0
DA:171,0
DA:186,0
DA:193,0
DA:197,0
DA:207,0
DA:215,0
DA:216,0
DA:221,0
DA:224,0
DA:228,0
DA:229,0
DA:231,0
DA:232,0
DA:247,0
DA:248,0
DA:251,0
DA:252,0
DA:253,0
DA:254,0
DA:257,0
DA:262,0
DA:263,0
DA:264,0
DA:265,0
DA:268,0
DA:280,0
DA:281,0
DA:288,0
DA:292,0
DA:306,0
DA:307,0
DA:308,0
DA:309,0
DA:311,0
DA:312,0
DA:314,0
DA:315,0
DA:316,0
DA:317,0
DA:318,0
DA:320,0
DA:321,0
DA:322,0
DA:326,0
DA:327,0
DA:328,0
DA:329,0
DA:330,0
DA:334,0
DA:335,0
DA:336,0
DA:337,0
DA:341,0
DA:342,0
DA:343,0
DA:346,0
DA:347,0
DA:348,0
DA:351,0
DA:352,0
DA:353,0
DA:356,0
DA:357,0
DA:358,0
DA:359,0
DA:360,0
DA:362,0
DA:363,0
DA:364,0
DA:369,0
DA:382,0
DA:383,0
DA:384,0
DA:391,0
DA:392,0
DA:393,0
DA:397,0
DA:398,0
DA:399,0
DA:403,0
DA:404,0
DA:408,0
DA:414,0
DA:415,0
DA:416,0
DA:421,0
DA:423,0
DA:427,0
DA:428,0
DA:432,0
DA:444,0
DA:445,0
DA:447,0
LF:150
LH:0
BRDA:62,0,0,0
BRDA:62,0,1,0
BRDA:64,1,0,0
BRDA:64,1,1,0
BRDA:66,2,0,0
BRDA:66,2,1,0
BRDA:85,3,0,0
BRDA:85,3,1,0
BRDA:99,4,0,0
BRDA:99,4,1,0
BRDA:104,5,0,0
BRDA:104,6,0,0
BRDA:104,6,1,0
BRDA:104,7,0,0
BRDA:104,7,1,0
BRDA:134,8,0,0
BRDA:140,9,0,0
BRDA:155,10,0,0
BRDA:168,11,0,0
BRDA:177,12,0,0
BRDA:177,12,1,0
BRDA:215,13,0,0
BRDA:215,13,1,0
BRDA:222,14,0,0
BRDA:222,14,1,0
BRDA:231,15,0,0
BRDA:238,16,0,0
BRDA:238,16,1,0
BRDA:252,17,0,0
BRDA:263,18,0,0
BRDA:280,19,0,0
BRDA:311,20,0,0
BRDA:311,20,1,0
BRDA:315,21,0,0
BRDA:316,22,0,0
BRDA:316,22,1,0
BRDA:320,23,0,0
BRDA:326,24,0,0
BRDA:327,25,0,0
BRDA:327,25,1,0
BRDA:328,26,0,0
BRDA:334,27,0,0
BRDA:335,28,0,0
BRDA:341,29,0,0
BRDA:341,30,0,0
BRDA:341,30,1,0
BRDA:346,31,0,0
BRDA:346,32,0,0
BRDA:346,32,1,0
BRDA:351,33,0,0
BRDA:351,34,0,0
BRDA:351,34,1,0
BRDA:356,35,0,0
BRDA:357,36,0,0
BRDA:357,36,1,0
BRDA:362,37,0,0
BRDA:362,38,0,0
BRDA:362,38,1,0
BRDA:382,39,0,0
BRDA:392,40,0,0
BRDA:398,41,0,0
BRDA:403,42,0,0
BRDA:414,43,0,0
BRDA:414,43,1,0
BRDA:416,44,0,0
BRDA:416,44,1,0
BRDA:417,45,0,0
BRDA:417,45,1,0
BRDA:417,45,2,0
BRDA:427,46,0,0
BRDA:439,47,0,0
BRDA:439,47,1,0
BRDA:444,48,0,0
BRDA:444,48,1,0
BRF:74
BRH:0
end_of_record
TN:
SF:src/workers/queue.ts
FN:85,getBullConnection
FN:91,(anonymous_2)
FN:357,enqueueAssignment
FN:363,enqueueReportExport
FN:368,outreachJobId
FN:376,enqueueOutreachDispatch
FN:382,enqueueOutreachFollowUp
FN:389,enqueueScraperRun
FN:394,enqueueLeadEvent
FN:398,enqueueAiResearch
FN:404,enqueueAiClassifyReply
FN:408,enqueueAiCreateInboxItem
FN:412,enqueueAiCampaignBrief
FN:418,enqueueOutreachStopCheck
FN:424,cancelPendingOutreachJobs
FN:450,_resetBullConnectionForTests
FNF:16
FNH:3
FNDA:7,getBullConnection
FNDA:0,(anonymous_2)
FNDA:0,enqueueAssignment
FNDA:0,enqueueReportExport
FNDA:0,outreachJobId
FNDA:0,enqueueOutreachDispatch
FNDA:0,enqueueOutreachFollowUp
FNDA:0,enqueueScraperRun
FNDA:0,enqueueLeadEvent
FNDA:0,enqueueAiResearch
FNDA:2,enqueueAiClassifyReply
FNDA:0,enqueueAiCreateInboxItem
FNDA:0,enqueueAiCampaignBrief
FNDA:0,enqueueOutreachStopCheck
FNDA:2,cancelPendingOutreachJobs
FNDA:0,_resetBullConnectionForTests
DA:19,7
DA:20,7
DA:21,7
DA:24,7
DA:25,7
DA:26,7
DA:28,7
DA:29,7
DA:32,7
DA:33,7
DA:34,7
DA:36,7
DA:39,7
DA:40,7
DA:43,7
DA:44,7
DA:47,7
DA:48,7
DA:51,7
DA:52,7
DA:55,7
DA:56,7
DA:59,7
DA:60,7
DA:63,7
DA:64,7
DA:67,7
DA:70,7
DA:71,7
DA:83,7
DA:85,7
DA:86,7
DA:87,7
DA:91,7
DA:92,0
DA:94,7
DA:97,7
DA:99,7
DA:109,7
DA:119,7
DA:129,7
DA:139,7
DA:149,7
DA:159,7
DA:169,7
DA:179,7
DA:189,7
DA:199,7
DA:357,7
DA:358,0
DA:363,7
DA:364,0
DA:365,0
DA:372,0
DA:373,0
DA:376,7
DA:377,0
DA:382,7
DA:383,0
DA:389,7
DA:390,0
DA:391,0
DA:394,7
DA:395,0
DA:398,7
DA:399,0
DA:404,7
DA:405,2
DA:408,7
DA:409,0
DA:412,7
DA:413,0
DA:418,7
DA:419,0
DA:424,7
DA:428,2
DA:429,2
DA:430,2
DA:431,0
DA:432,0
DA:433,0
DA:434,0
DA:435,0
DA:436,0
DA:438,0
DA:446,2
DA:450,7
DA:451,0
LF:88
LH:65
BRDA:86,0,0,0
BRDA:87,1,0,7
BRDA:87,1,1,0
BRDA:372,2,0,0
BRDA:372,2,1,0
BRDA:372,2,2,0
BRDA:400,3,0,0
BRDA:400,3,1,0
BRDA:432,4,0,0
BRDA:432,5,0,0
BRDA:432,5,1,0
BRDA:433,6,0,0
BRDA:433,7,0,0
BRDA:433,7,1,0
BRDA:442,8,0,0
BRDA:442,8,1,0
BRF:16
BRH:1
end_of_record
TN:
SF:src/workers/reportExport.worker.ts
FN:22,startReportExportWorker
FN:25,(anonymous_2)
FN:62,(anonymous_3)
FN:63,(anonymous_4)
FN:84,handleReportExport
FN:171,buildFilters
FN:179,flattenDashboardMetrics
FN:188,(anonymous_8)
FN:196,generateCsv
FN:209,(anonymous_10)
FNF:10
FNH:0
FNDA:0,startReportExportWorker
FNDA:0,(anonymous_2)
FNDA:0,(anonymous_3)
FNDA:0,(anonymous_4)
FNDA:0,handleReportExport
FNDA:0,buildFilters
FNDA:0,flattenDashboardMetrics
FNDA:0,(anonymous_8)
FNDA:0,generateCsv
FNDA:0,(anonymous_10)
DA:1,0
DA:2,0
DA:3,0
DA:4,0
DA:5,0
DA:6,0
DA:7,0
DA:8,0
DA:9,0
DA:10,0
DA:11,0
DA:12,0
DA:13,0
DA:22,0
DA:23,0
DA:26,0
DA:27,0
DA:34,0
DA:36,0
DA:37,0
DA:38,0
DA:39,0
DA:40,0
DA:41,0
DA:46,0
DA:48,0
DA:49,0
DA:53,0
DA:62,0
DA:63,0
DA:64,0
DA:69,0
DA:70,0
DA:71,0
DA:81,0
DA:84,0
DA:88,0
DA:92,0
DA:94,0
DA:95,0
DA:96,0
DA:99,0
DA:104,0
DA:106,0
DA:111,0
DA:113,0
DA:118,0
DA:120,0
DA:125,0
DA:127,0
DA:130,0
DA:131,0
DA:132,0
DA:133,0
DA:135,0
DA:136,0
DA:139,0
DA:141,0
DA:142,0
DA:143,0
DA:146,0
DA:147,0
DA:148,0
DA:149,0
DA:150,0
DA:151,0
DA:154,0
DA:156,0
DA:159,0
DA:168,0
DA:172,0
DA:180,0
DA:188,0
DA:197,0
DA:198,0
DA:200,0
DA:201,0
DA:202,0
DA:203,0
DA:206,0
DA:207,0
DA:208,0
DA:209,0
DA:210,0
DA:211,0
DA:212,0
DA:213,0
DA:215,0
DA:217,0
DA:219,0
LF:90
LH:0
BRDA:51,0,0,0
BRDA:51,0,1,0
BRDA:65,1,0,0
BRDA:65,1,1,0
BRDA:70,2,0,0
BRDA:70,3,0,0
BRDA:70,3,1,0
BRDA:70,4,0,0
BRDA:70,4,1,0
BRDA:92,5,0,0
BRDA:92,5,1,0
BRDA:92,5,2,0
BRDA:92,5,3,0
BRDA:92,5,4,0
BRDA:92,5,5,0
BRDA:135,6,0,0
BRDA:139,7,0,0
BRDA:139,7,1,0
BRDA:139,7,2,0
BRDA:139,7,3,0
BRDA:175,8,0,0
BRDA:175,8,1,0
BRDA:197,9,0,0
BRDA:211,10,0,0
BRDA:211,10,1,0
BRDA:212,11,0,0
BRDA:212,12,0,0
BRDA:212,12,1,0
BRDA:212,12,2,0
BRF:29
BRH:0
end_of_record
TN:
SF:src/workers/scoring.worker.ts
FN:176,(anonymous_9)
FN:176,(anonymous_10)
FN:176,(anonymous_11)
FN:176,(anonymous_12)
FN:33,startScoringWorker
FN:36,(anonymous_14)
FN:71,(anonymous_15)
FN:72,(anonymous_16)
FN:90,handleCalculateLead
FN:127,handleRecalculateAll
FN:140,(anonymous_19)
FNF:11
FNH:0
FNDA:0,(anonymous_9)
FNDA:0,(anonymous_10)
FNDA:0,(anonymous_11)
FNDA:0,(anonymous_12)
FNDA:0,startScoringWorker
FNDA:0,(anonymous_14)
FNDA:0,(anonymous_15)
FNDA:0,(anonymous_16)
FNDA:0,handleCalculateLead
FNDA:0,handleRecalculateAll
FNDA:0,(anonymous_19)
DA:15,0
DA:16,0
DA:17,0
DA:26,0
DA:27,0
DA:28,0
DA:29,0
DA:30,0
DA:31,0
DA:33,0
DA:34,0
DA:37,0
DA:38,0
DA:39,0
DA:41,0
DA:43,0
DA:44,0
DA:45,0
DA:46,0
DA:48,0
DA:51,0
DA:52,0
DA:53,0
DA:54,0
DA:55,0
DA:57,0
DA:58,0
DA:62,0
DA:71,0
DA:72,0
DA:73,0
DA:74,0
DA:75,0
DA:76,0
DA:77,0
DA:87,0
DA:96,0
DA:97,0
DA:100,0
DA:101,0
DA:102,0
DA:103,0
DA:104,0
DA:105,0
DA:110,0
DA:111,0
DA:119,0
DA:132,0
DA:133,0
DA:140,0
DA:141,0
DA:147,0
DA:148,0
DA:149,0
DA:150,0
DA:151,0
DA:152,0
DA:153,0
DA:158,0
DA:163,0
DA:166,0
DA:167,0
DA:171,0
DA:172,0
DA:176,0
LF:65
LH:0
BRDA:43,0,0,0
BRDA:43,0,1,0
BRDA:45,1,0,0
BRDA:45,1,1,0
BRDA:60,2,0,0
BRDA:60,2,1,0
BRDA:73,3,0,0
BRDA:73,3,1,0
BRDA:76,4,0,0
BRDA:76,5,0,0
BRDA:76,5,1,0
BRDA:76,6,0,0
BRDA:76,6,1,0
BRDA:101,7,0,0
BRDA:103,8,0,0
BRDA:103,8,1,0
BRDA:104,9,0,0
BRDA:133,10,0,0
BRDA:133,10,1,0
BRDA:153,11,0,0
BRDA:153,12,0,0
BRDA:153,12,1,0
BRDA:166,13,0,0
BRDA:166,13,1,0
BRF:24
BRH:0
end_of_record
TN:
SF:src/workers/scraper.worker.ts
FN:18,startScraperWorker
FN:21,(anonymous_1)
FN:55,(anonymous_2)
FN:56,(anonymous_3)
FNF:4
FNH:0
FNDA:0,startScraperWorker
FNDA:0,(anonymous_1)
FNDA:0,(anonymous_2)
FNDA:0,(anonymous_3)
DA:1,0
DA:2,0
DA:3,0
DA:4,0
DA:5,0
DA:6,0
DA:7,0
DA:8,0
DA:18,0
DA:19,0
DA:22,0
DA:23,0
DA:24,0
DA:26,0
DA:27,0
DA:28,0
DA:29,0
DA:30,0
DA:32,0
DA:35,0
DA:36,0
DA:37,0
DA:38,0
DA:40,0
DA:41,0
DA:46,0
DA:55,0
DA:56,0
DA:57,0
DA:62,0
DA:63,0
DA:64,0
DA:74,0
LF:33
LH:0
BRDA:27,0,0,0
BRDA:27,0,1,0
BRDA:44,1,0,0
BRDA:44,1,1,0
BRDA:58,2,0,0
BRDA:58,2,1,0
BRDA:63,3,0,0
BRDA:63,4,0,0
BRDA:63,4,1,0
BRDA:63,5,0,0
BRDA:63,5,1,0
BRF:11
BRH:0
end_of_record
