TN:
SF:src/modules/ai-inbox/ai-inbox.controller.ts
FN:7,getInbox
FN:31,actionInboxItem
FNF:2
FNH:2
FNDA:6,getInbox
FNDA:7,actionInboxItem
DA:2,4
DA:3,4
DA:4,4
DA:5,4
DA:7,4
DA:8,6
DA:9,6
DA:10,6
DA:12,4
DA:13,4
DA:21,3
DA:27,3
DA:31,4
DA:32,7
DA:33,7
DA:34,7
DA:36,6
DA:37,6
DA:39,6
DA:40,3
DA:42,4
DA:43,2
DA:45,2
LF:23
LH:23
BRDA:10,0,0,2
BRDA:34,1,0,1
BRDA:42,2,0,2
BRDA:42,2,1,2
BRDA:42,3,0,4
BRDA:42,3,1,4
BRF:6
BRH:6
end_of_record
TN:
SF:src/modules/ai-inbox/ai-inbox.repository.ts
FN:4,createInboxItem
FN:29,findInboxItems
FN:61,countInboxItems
FN:70,findInboxItemById
FN:77,actionInboxItem
FN:97,autoResolveItemsForLead
FN:107,expireGuardedItems
FNF:7
FNH:7
FNDA:3,createInboxItem
FNDA:5,findInboxItems
FNDA:2,countInboxItems
FNDA:2,findInboxItemById
FNDA:2,actionInboxItem
FNDA:1,autoResolveItemsForLead
FNDA:2,expireGuardedItems
DA:1,4
DA:4,4
DA:5,3
DA:25,3
DA:26,2
DA:29,4
DA:30,5
DA:31,5
DA:32,5
DA:34,5
DA:35,1
DA:36,1
DA:39,4
DA:42,5
DA:43,0
DA:44,0
DA:47,5
DA:48,5
DA:50,5
DA:58,5
DA:61,4
DA:62,2
DA:67,2
DA:70,4
DA:71,2
DA:77,4
DA:78,2
DA:97,4
DA:98,1
DA:107,4
DA:108,2
DA:117,2
LF:32
LH:30
BRDA:14,0,0,3
BRDA:14,0,1,2
BRDA:15,1,0,3
BRDA:15,1,1,3
BRDA:18,2,0,3
BRDA:18,2,1,2
BRDA:20,3,0,3
BRDA:20,3,1,2
BRDA:21,4,0,3
BRDA:21,4,1,2
BRDA:22,5,0,3
BRDA:22,5,1,3
BRDA:25,6,0,1
BRDA:34,7,0,1
BRDA:34,7,1,4
BRDA:42,8,0,0
BRDA:47,9,0,5
BRDA:47,9,1,4
BRDA:48,10,0,5
BRDA:48,10,1,5
BRDA:67,11,0,2
BRDA:67,11,1,1
BRDA:90,12,0,2
BRDA:90,12,1,1
BRDA:91,13,0,2
BRDA:91,13,1,2
BRF:26
BRH:25
end_of_record
TN:
SF:src/modules/ai-inbox/ai-inbox.routes.ts
FNF:0
FNH:0
DA:1,3
DA:2,3
DA:3,3
DA:4,3
DA:6,3
DA:9,3
DA:12,3
DA:14,3
LF:8
LH:8
BRF:0
BRH:0
end_of_record
TN:
SF:src/modules/ai-inbox/ai-inbox.schema.ts
FNF:0
FNH:0
DA:1,5
DA:3,5
DA:13,5
LF:3
LH:3
BRF:0
BRH:0
end_of_record
TN:
SF:src/modules/ai-inbox/ai-inbox.service.ts
FN:17,createItem
FN:29,listItems
FN:40,actionItem
FN:72,runExpirySweep
FNF:4
FNH:4
FNDA:1,createItem
FNDA:3,listItems
FNDA:5,actionItem
FNDA:2,runExpirySweep
DA:1,3
DA:2,3
DA:3,3
DA:17,3
DA:18,1
DA:19,1
DA:20,1
DA:26,1
DA:29,3
DA:33,3
DA:37,3
DA:40,3
DA:46,5
DA:47,5
DA:49,4
DA:51,4
DA:57,4
DA:59,3
DA:60,3
DA:64,3
DA:72,3
DA:73,2
DA:75,2
DA:76,2
DA:77,2
DA:83,2
LF:26
LH:26
BRDA:47,0,0,1
BRDA:54,1,0,1
BRDA:54,1,1,3
BRDA:57,2,0,1
BRF:4
BRH:4
end_of_record
